,0xAa8988aF37aC50CafFA4774D9A6E929c56488A06,False,2022-12-23 19:15:55
,0xAa8988aF37aC50CafFA4774D9A6E929c56488A06,"0xc5ffc9ad1566d1f2980ced909e6f6d04cfabcee18ebcd839e43d06d66a515b75",2022-12-23 19:26:06
,0x8a52071583d13B6Cb5f58eEC9fB4369A1B5FbeD7,"0xcdaa456cbcbe0319943f6dbe37be07a3c9e68907ed6984d397c93d971a3599a1",2022-12-23 19:32:49
,0xc4C3Bc01f7e0E41B9543a9Ae498915F014b0954b,"0x24aacd89b0c4c2685bbcc4825a672185fe845439637ba696a467178d9440e4c5",2022-12-23 19:33:21
,0xa71dAdB2307BEc8146974f7a2DEFAD21D8946ADf,"0xeccc58beee26dfe75c5b48e404505e284d2b786a4136b5b84e607a3634af1854",2022-12-23 19:35:36
,0x9B76Baf3C2455fFfBb686A5D508c1007A9AEa0A0,"0x88ca522e81b4de389443b7c050522c88038d92095134b90d7fbe1afe885dcf43",2022-12-23 19:35:50
,0xC19216BCd65e07859Bf8B05A4745f88784216708,"0x6e5e40e5e3522952229dcf5fcb47c715d2bfc59a00ab299598983712224c0199",2022-12-23 19:36:07
,0x914d31F16eE42E21287565716D71e185c1C3FCd7,"0xd7261c296e66b514fba0b951c498cd746628bda7a2a397a3f5784f2c5a2ce4a0",2022-12-23 19:36:26
,0xf6BC93e1E84166d94A456cd3563068B22590a6AB,"0xc4f0bdd379a98adcf4d4e17af7beccd92d6bf5730dac46328db953542806c204",2022-12-23 19:36:45
,0xB55ED8C6488F7c8C38dD659bdB6C92E7FEB517f2,"0x8e26a9b24298a6dbf440003fb98c2738629b2498b960483134cd7e42fa6d559a",2022-12-23 19:37:02
,0x9c650333d080B81f71067560aD3d00CF74e93F78,"0x9c5868433e25d2f4aabb160cf40c8c1c18f3abe216064206347293a3bca95622",2022-12-23 19:37:21
,0x969b4fD18F39129585ae6c03C5D11D0a0e2aaF8B,"0x675b9f02e064e45e9c8f59c0b8897eee1db484f5a478ea85eece5d5651ca6395",2022-12-23 19:37:41
,0x57C5fba8b564E1b79A3D8e77E1324Fe7E41Cf699,"0xce4032f95700ec986f80c5aee4c4c8543ba686b3877466a2b88750d4c521f74b",2022-12-23 19:37:58
,0x4E17b382c5C927ddbba3C6B416637B3CA171779a,"0x10c71e387f97254d958899e3dca6ee60a70d3c287cca8ea7d38de27a35a1c1b9",2022-12-23 19:38:13
,0x7FCa1d258a182C6883e477FFD3329B824d59b37c,"0x428c125fa490e84882088872026791e3dfd15c2946a5779ea8bc859cd42674bd",2022-12-23 19:38:30
,0x01F542aC397538e0E1524606b6C77126d5700d4a,"0x3b208425395259d45d5e0d5c51c56c8a9821bf0d6aa014ae4910ba360eb82341",2022-12-23 19:38:49
,0x27517991f267EE480576c4eCa89A9C62b46B582b,"0xdae88da92a7c7862a2c411a4188e43ea9de276522ea9e4eb36e925d65e6bb38b",2022-12-23 19:39:09
,0xc839af80F9b036Db2273C425EEb23eb07A422FDa,"0xf2d0e5de642d9a61e2a3698bac44dddbd6dd6fbccbdd5210f6a4a0fb9e40a569",2022-12-23 19:39:32
,0x58a61cC93b6792e43Ac8D395a1CB5aFe542bb12D,"0x41ff941f1c16aa1e16247bc0ed4b8eeb223cb1bbd62b183c394abf13f7c494a3",2022-12-23 19:40:03
,0x918Ccf560dF947A043D800dA43F3878CD07Be2a3,"0x5ba7e9e2ee32cfe064cb265b4be985d91948b659170a5f47fa15daf274555187",2022-12-23 19:40:18
,0x3C3340A813Fc2e636995698A95cecD952DD61E56,"0x219be00190ed57e3abe5c82d906727a5800c722776ddd672c6446369e847331b",2022-12-23 19:40:33
,0x8419954229387a6B09e67fC68A24FE6bcED82a00,"0x880ddb6200707998fdc9a93e42ad56c5f12ac17532758268e560edc925f55eac",2022-12-23 19:40:54
,0x5D134629D155E1753B3e6CDD3752d9FeD7571945,"0x154fb2781a33bad1ba52e276bda431b7b2a5729b7c71655fa0adc9837692dc1f",2022-12-23 19:41:11
,0x45DE1ca18B34B861407d564D8323B0163921983c,"0x2c7d8751c35ec8222b8131f31742bdde7d1562da5c2d4766028c66abbca02a48",2022-12-23 19:41:29
,0x37360CE261be8Abf7C8AD00367A7776336A3A99F,"0x18bbb2e9444b37f999c1accfc19f0b6a05a28946836a4b0b45b208e54d3eb883",2022-12-23 19:41:51
,0xf645cd1f107338Be747e6e12391e21CFCc434Ea0,"0xd3b87f694de393dd3e679ceb92ded7cee8c3d8a50f5943026e63f6df317c24ee",2022-12-23 19:42:08
,0x0Aa661A8A97Ef2349B96F02e2F2cB08778b8637e,"0x5260111e63ac5d19a72968a2c4f645c6ffa47d8265b0568bfde48c5758896e65",2022-12-23 19:42:22
,0x889d0F8115d7484756349ed237eD8D881b353B65,"0xc95598eedb809a628354e72b9ff084aa2b9024ad07e842e814c703ed5a1af7a8",2022-12-23 19:42:39
,0x946dE04fc4347324E1482b23F82dc3873F486D0E,"0xe13f6b9cea656d98f25da85ffe3f231a28a68882df1995e836c4968f262196f6",2022-12-23 19:42:59
,0x24771Faf737202795E4aabD4AE6FA37C7D0c9D7c,"0xf1c70e8148ab6d3ff819a7140e8495b4fd04e1b89ba5d8736bf094a1a3eddbf7",2022-12-23 19:43:18
,0xd74cbCF50487f22881e4632d8638587135c4D967,"0xb7683a4132053e9761541dd538951bdefec67909abc36deeb11c7c1d977913e7",2022-12-23 19:43:35
,0xA864Cf26f5b37e2857D149C78199777C2B3a44E8,"0x8d82ee775252daf7296872487e387b318f1d08e12394312f1f9192bb508668b3",2022-12-23 19:43:53
,0x21d6A4A1e61f33b5DdEB602c201fcF9abeF3e610,"0x6fe086e69b4975228fc91b1dfa0adc351b21c6e158eade2738054e1825917ce3",2022-12-23 19:44:18
,0xd4ca3F6A07f344f90d713151D5223e8a7E9430B1,"0x2a99c12169b25f505090e22837a9bc8acdacd42083412df33ed16e67ee9a41de",2022-12-23 19:44:31
,0x6e3E2Ef131A8861410a1138c23d526B9D7140b55,"0x3f3021c2dc6e37f3ae8c8d57083ee6befe8d5a58a11c20661829a74460a1d618",2022-12-23 19:44:52
,0xb459f1710F7aBA05a40Dd43d78A53381B6D1763c,"0x5957d04e589f13aa6cb805ca086c30de4ff7d346867896ca681195b5c36372c6",2022-12-23 19:45:10
,0x02783A0165Cd5A27D8340Eb33B7D3Cf14790CE58,"0xe5f0f6a648e88291a899df4f14f0f01ddadc50c9f16444adc0f0e1f63aabc3d7",2022-12-23 19:45:25
,0x7C1b22bfA0c5dd07D63BD247b6006ECA85E28658,"0x9a7b4222a43f5f8a0ecac63781ecac789f9d29d69f5874ce2181f4c58b585060",2022-12-23 19:45:44
,0xe326a8bEBB249672112A0Cc607492323F5c83d2b,"0xebe02e42a77b467b6985233e8c1268050b90bbb92b41892ac5f005fc92de7ea6",2022-12-23 19:46:01
,0xb1e689AEe19e66B71F5380500C6D51775da06D21,"0xe2c8b491639bc9f759e34621e573c4e7382704c74f37d79c080e9c7ec42080bf",2022-12-23 19:46:23
,0x57874ccdEf0759c2b5e78cf1B3e80b8909783114,"0xf28453fd56e83698bb50443e78a38d9f5ea889f66349b7a937ad57b1a3b41ff1",2022-12-23 19:46:40
,0xe97B9EEc7037e8F3CC15A1a5D6D3b88f49d05567,"0x6dd5ef693a1331b956d9b0159fd0217344693c7166fe8fe70a398d0a313017f5",2022-12-23 19:46:55
,0x41625E7B2Dfe3742D518C4BF6B67F147469b53fc,"0xd91b3761193f29df7c949b3fbbd76936969deff186a6631f956e9f6bbb27b303",2022-12-23 19:47:16
,0xF761A2c97434d43A46D4601C43829398c21D664d,"0x6415cd7c486c9e911f764d98e974cbb89f53fd1dca1b9bc19e5f02ead4f4955f",2022-12-23 19:47:33
,0x53a1Cfa9d0BD02A68AD6Ab0740A8fDC1ebF216BE,"0xeb84523d5697de456803623b13f3710ce82bf2aa0c8fa43ee99dce781783c58b",2022-12-23 19:47:51
,0x79928F79D6276f0d1Cf0E4f844e771F3DA7b71d1,"0xda80349fae28f481cfd8d84856cf5c6ca8fb9f18c01e7b7a14e817b35df86f71",2022-12-23 19:48:08
,0x3246458C40Fe1605c22E313935BDC6F1df692256,"0xca82a9546fa78ec1a65e0d74b234f15229adf32dc9149cfb61051d4a8fc98d1c",2022-12-23 19:48:29
,0x4DA943c32b5C0Db7C094eF5eb3D55d5B3f8F4cf4,"0xe407393d9bbba5c698edf2dccf50797b2380388e76b5c5e3fb67a3b6616e7223",2022-12-23 19:48:50
,0x6b58CE75906A384198ABFC7cD638b181f57aEd06,"0x9734c46de98d172e6b1261d0cd121efc7764833076d26557dcd199a9663838fb",2022-12-23 19:49:03
,0x6bF03bcd84d40c11872A1C3cbb8cc0a5f4E5902F,"0xb8e05b989fa24da4aaae48c2d0e1e6dd470c713d6153e39856dd1b2b4efb2999",2022-12-23 19:49:16
,0x641f99185549F1A2507f447421A6641f12517d7E,"0x67327e5ae4693ea14aef1277fad01003d04b3117efa78bdb60a3898e2bcadb41",2022-12-23 19:49:33
,0xC8e218ef9C46ccCdd8599bEC07fCE162B785b4D1,"0x2b20e9c7eb36cc770ce7f1336bb55a67b5954c299569921a8ab330d3f8212c1e",2022-12-23 19:49:53
,0xa5f7D42c9342601679291012Eec4448B49AF5B73,"0x33bbb5677b094bb2539491b6e78c5985f185592713989d300322b844426a8ce0",2022-12-23 19:50:11
,0x86216A1f5Ba3C59A0c23B09dCAB2510cFc4953F1,"0xae0c630e6935938f2283890dc8ede801ef2c3931c47a9fbc39258f97d24893e1",2022-12-23 19:50:26
,0x371ae275aEF38c748E7860dF9b9d797a322dD235,"0x7c73cb998a06adc7d8a72c80cccf94c25f162e46cdc66a0d5028bd67ee2d5350",2022-12-23 19:50:54
,0xE881bfd3a2Ac8fdb14343C71B89ea48974CA812a,"0x838d14c65849444a2d472dbff1941b41e24da800c0dceddbaf36113be4f86f37",2022-12-23 19:51:10
,0x1120EbAc944E069A521206c48414a275cFdC09A7,"0x644350696c9945a7c0c18cccc5ebd7e42876c456177de1c5d14869c788bfae15",2022-12-23 19:51:25
,0x784b2F385cCcf41582618909D7DbB7EA2bB78A8b,"0xc43d2fd9e880a833d5c1ba6cf258b43ac771ad82c7e757d6aa3efe0ce72ab3d9",2022-12-23 19:51:42
,0xdeCc783882e9186e854B90274148CF930d36335d,"0x20698d081af186d55a5078d4e456f1be0d919155cee901b106bd2e58989dfef1",2022-12-23 19:52:01
,0xBF2beC35a7dbf14E9A140659681BD4Cb2CBcEDd4,"0x9184cb3a6c37b1a15ee76942d9a3469bc241d084e790e8f695faaec59afd61e7",2022-12-23 19:52:20
,0x8e7249B5427F35f274bee159616D24EC2b541fd0,"0x7bd6e49bdef5eb7bbb1d913b1178f621f60a9c47801b63cb805d9b84f7f6dc75",2022-12-23 19:52:37
,0x1eB9dEd3a0C1Ded123a0A861c72C050d88B25415,"0x63705430cbe2c61668a553e01c81e6ef8cc25ea90c24ac7688c366d351296d94",2022-12-23 19:53:00
,0xF450f3fCb1f78BC1f4c28bca106fB4b4573A03Bf,"0x805e080fbbc87bcc91c6d54dce19f68f13f94b78dc7028569e2ec29146f05522",2022-12-23 19:53:16
,0xC6Be39e455C5A61Ed94D616C3ACFda338c670f90,"0x653cf9dd1d379bbaf82b295ec1811ceeee405d28f290bf8f623cce74329bf2c0",2022-12-23 19:53:33
,0x585DA320020896dd9b5AfC34525b06BCab346318,"0xfd0faabddba56b18c5c59733c6372068c12d49c24b646f229221b75ce3e2ba10",2022-12-23 19:53:50
,0x4aDf76f041D9Ecd8aBb505d876f977AAC1Cb0f6b,"0x15b8098bfa894102d28218ab1391dfd2fd14d521c29eda14a01f0ae26c737418",2022-12-23 19:54:07
,0x0fEFFdd176Bf1543839aBd0277Ed28d0c086A509,"0x323aa66fa10e711f96ec4b97a0e6ef0aa1c8aad8eebe25b93670ca72d236c6ab",2022-12-23 19:54:27
,0x42656D96ef711fe4ED9f1a863b60dE1681292162,"0x94f1da3b178b663bf25d2f0bf1a1b9593e883cdd2f7e843817e3fe221b4a4049",2022-12-23 19:54:42
,0xD97a76BCf1Bd3f199a3fFAf816A26E11043b6Ffc,"0x0b4f27115c92d48f651d1ffd05609590b89c053e75df4f5066b1b8f2f0395457",2022-12-23 19:55:05
,0xB6712316Ad14ebAB7416d66D3827669Bf92cC1dA,"0x030e74433303f84afb53e9620167f65d3d34e28865b0893508c5953d6dc2c2aa",2022-12-23 19:55:26
,0x91704C8899b781491bE999a7abDF588Ef86f817e,"0xeceb5f2a8770df22c178b6d897b8e20a8a1f6c4d0f069d576083f9370182dcf5",2022-12-23 19:55:42
,0x8e39833131713a1da5a49E1B550524Ea03174c13,"0xb5f6d7545a4898d2db2be9d890d3bac13721a44e279c5591e43f20152742666d",2022-12-23 19:55:55
,0xE121F9B41486faeE9Dd524C6f81F033d98b97785,"0xd9f76054ba30e98eece23b575fa489f5532a242b7d18156076c1e5ab13400632",2022-12-23 19:56:14
,0xF837C0d9aBdf568F5881409ed71f21f284FD08F7,"0xf30e53bddbd289c67ef67ea58ecfdb8526fd0578ad5bef041f0c6d10311aea00",2022-12-23 19:56:33
,0x4CA51F69Db7a0c71E8f2592Bbf33D025243BE769,"0x95baf930b16608ec02261287ec226216b84a4b27278817f49adc69cc67aa1fa9",2022-12-23 19:56:49
,0x68385c51c9416cd011b7Eb1E81f43aF8ce7aD446,"0x85c4cd1e44a4ff3ff974c17df2a7972ccb703d8922221599c6fe2b9c8a72d529",2022-12-23 19:57:08
,0x8062E8d6Fd768eA6133669F97742006bc3E40f96,"0x70414e332b98c79b9afc3c0e0bad2f030989f159234d0830713d8e33068b5e29",2022-12-23 19:57:28
,0xf9b928e3712b140A867c8A5F63d05cB230616f71,"0x95766fc8d703de4321c1ebda2ab27c65790e7048275e97ccb38ce357f1aa61c5",2022-12-23 19:57:43
,0x0A147E973cB572028e58f82B0283ccC07dB7a298,"0x82bf2fb335c060174df7bee5f74ca66380b7e359165aae7d1e7934118633bc90",2022-12-23 19:58:02
,0xFB73ee51276BdAc6C9818a5c22091f8F26919884,"0x8a8a1449cef505beb70729f30d370ae3f66e1b7a2735e95f41ef7381d555e8cd",2022-12-23 19:58:19
,0x6d45CcfA1cC3320738a66d0Ed8d19214aA36F1f3,"0xcf3a10c9fd02a2dee0b4dbdebf89b73ca47a05218a9ae2a87eac18285daffefc",2022-12-23 19:58:39
,0xB5748015b7CF2c2961094469041b92609Bdc2c3e,"0xc518ab4ee021cd656d796ec1e8e1c2e6050b2b589359998097e180fc8cc26651",2022-12-23 19:58:54
,0x539D1F28c160c136E29fCb34d746E6ef0960570D,"0x363055261b6c75f896ad1cff77e662ee88a3f7913717234737ae7c799599bc13",2022-12-23 19:59:13
,0xDDd266758300f36eE7793B0bbA9676061D8717c0,"0xb2db0046b5da042172c4995cc8b89bce2a3f2d99941052f45c0ecb7f7b49e4f5",2022-12-23 19:59:34
,0xa4fE851bA9AD9cb47d6409f0c0D0bdA98d488234,"0x03fba9069fdc99dd5e6a35d8fa2277c00d62e3f396ef243ca1ef86a8a4f617bf",2022-12-23 19:59:53
,0x3F823BC431523c05b7cF1Cf380718D9574A02a5e,"0x7b47790dbf85d842d4c0383892c1caedf7c7c673599fc2512bff7c6e1af603f5",2022-12-23 20:00:09
,0xA6304Eb51Ad6b0F005519D29bEf436B91E82f1dE,"0x1254ce8fefb6d41677df62e21289651641ec59859ecdf11ac43d0878c30c1678",2022-12-23 20:00:25
,0x5E98b4B9Fa4E940441500ce4FfBE87035674E179,"0x0c914a0295520ad95890ad2fca70939417a21aab1853c287961c3ea05fdea8b7",2022-12-23 20:00:45
,0xcb41c4fD58222ac21485792510E70A700007dDEb,"0xb8a7caf2427e2c89938e5e242de08c658dc5b2ad19762a2fb6232787a2295858",2022-12-23 20:01:00
,0xA5aDd2ba20c7a43679702908C18b5731CDAA0F04,"0x65bec48d6cc4b120bcfc83ff0cf3dad968ee587ba778ef8aba635f98da29cae5",2022-12-23 20:01:19
,0xE048b177A3e739d550CEF5D7d23Bbe0a8F5ed930,"0xaa8568096d1266accbc01ce6564f0679e36ab869e7804fdaa8e6916012396462",2022-12-23 20:01:42
,0xDafEd03F342B038D6C8A12922136D2A24e6Fc1B1,"0x09419600575700222285823db937b602aef4a84259922e8c4f5b561e236790e4",2022-12-23 20:02:02
,0x7Cdfd8627c66961a053a31656cA69b6e96f42109,"0x75f767e51a1a111a7829f7543557ee95a7fc339071c3777d312e1fff93ba8046",2022-12-23 20:02:21
,0xEcA8C3E4906E0Bf3712a18aDf1ca73B0677e5F9F,"0x3e8c01dcce516245db0f6590775297690f373ee41cf82c71f7b95f4b608e77b6",2022-12-23 20:02:32
,0xA0aC752AF8C70A72e0FA803712620909D5DA3ee9,"0xdee98778ad290357011d97f3540d7ce295096a51d531843a7db14d76b3c8292b",2022-12-23 20:02:53
,0x7115dC595EeD8Fe77039418c0B27FF331cAc35CE,"0xfca54b427445c6985dbb562d99ee7ea6c4ed49df79da6e81ca7e6db34c2767e0",2022-12-23 20:03:09
,0x96de2d94a899995D69366b22e3eC79EEa34C2c94,"0xe4beb8bd4e1475c4bc04bbae3bef936b1d0f80125a9d31377a5c8c824d6a0045",2022-12-23 20:03:26
,0x2C8A0d3f05E22D552179027b6FFba863D13607fF,"0xc4ba9f1504052d5b08f5b45e8935aabe98b6e4d358413d748d56fa0eefa2aeda",2022-12-23 20:03:52
,0xD46202F2d25Df29f124F27393172201930C01816,"0xab1f674bd9ba9f304b420fa3dc36b5e7c3ca771c0f5cfa54419d1f74a830db46",2022-12-23 20:04:07
,0x7cc52739025BF1239AA580d7fE6daBfF2e02dB57,"0xef10eae00d52570405ae1de58e7c62496d5ebd9523cbde74685112bafb1f7ff9",2022-12-23 20:04:19
,0xcC1D823756eF78a4917529f9FCaf69f050fB52Cf,"0x282fa1c2c55f7c1c580533d259a7c057d93ec565fafb4caf579e37202e65125f",2022-12-23 20:04:37
,0x3697Cd5f4ceFee76a873025Dd2596d77505B96AD,"0xc121fd99db6ebe5346041938fdf0e9c2e9fd1ad9c3b4ae999f1db25040660b90",2022-12-23 20:04:54
,0x81a637c2347BcB35b4e94cbb274eD859CB7bfcf1,"0xb5d8cbedfd7089ae6cbe50e55c3b8d2350ebb241e020f03521215b6561c9ce7d",2022-12-23 20:05:13
,0x6Be7A0231F64073b02833178a0986218F1f8CBcC,"0x14fec81fc8a06e4dbc55146c2ecd3df7a8402a687f5e7ef344b61389c072f80c",2022-12-23 20:05:33
,0x8BD8BdbD533d02111f29a3B331D5eBbA8209Df65,"0xb3ee3bbb3af96434456ad1f57d4c451bcdd9b2798c52766da1d7fe54fd1ef31f",2022-12-23 20:05:48
,0xe02F5B41c3957C713283c198A07E658BA89d1741,"0xf6d6a627158bcdde08494488ab00cfead4efc2e82c60bf36ae6913378bef39c9",2022-12-23 20:06:09
,0x68bE6e0451701c2E46A7e8a3783ab31ecE638a9A,"0x94489d2e97240cd5bdbcedc15fd5f00f712d72bdd21f2d8f953bebe14f8aadd1",2022-12-23 20:06:24
,0x3190ddBb61bD8650b90196AC97a2459baE816da3,"0x4e0447967b89a2d8acde8ed91ed7b7e177b86abcb7432d891821346321cd779f",2022-12-23 20:06:43
,0x89620359A3e303e2d2097a1F5b6ba139ADbFA868,"0xa2b486e1fafdfaa0d8e05e42502923256d64a7c27ff50418270708800bccb557",2022-12-23 20:07:02
,0xb2fa0E342E41e872aDB88291c08028842aD9DF4f,"0x18180f5f94ffb9ec073282b44ade2c79fdca6a982b1b67f85f3801759020a557",2022-12-23 20:07:20
,0x4265F96d5F9d69AAB6D2bC07F972966cf00afa1b,"0x05f02bc002abeaee86ce39a4a40a1ecb1fa89fd02c3a4900b81fa1e0d1e9a30d",2022-12-23 20:07:37
,0x04a93D897BbC8ED0348d393e88e13Ae3d079c40B,"0x84ba51a8822b744360007e79438440cb6ddcb9d8637870cbf4ac1953732bdb1a",2022-12-23 20:07:55
,0xf917eCA0F6E421F47df14fD45963673849349fEA,"0xafca5c1ef1161328e7445cc8f1f5fd669e433874b7b117be8491d4e1c989c755",2022-12-23 20:08:25
,0xeb96176F60B89BA7BCF9e523400AB644159A41B0,"0x79f6ab6579becc26fb62ff763073fac44d989d4bac2e7b805aec6c1ae5002dfa",2022-12-23 20:08:53
,0x732F228BfacA4C486f329a1a5bd2e81Af5ca6BdA,"0xf5e6b1d47e9e22b2dcd2e98dfb635192bb3957f01ceb95fd9f97134747a36b27",2022-12-23 21:00:06
,0x5A1002F67A39E3a6Ea2465008966b285A59E6aBe,"0xd13054f2b5ec4afaf5da351f57c05223c5b0ca0e294fa2c44728e64da49cd4cc",2022-12-23 21:00:18
,0xf04Aa0F75c0D6F5c2856fB9a93aF682f9572ef47,"0x80311505158f3cee407b1b5b3e9f5fb4a96a7abf7dc73708819f4d3480757442",2022-12-23 21:00:31
,0x3B69FB982fA770265CE79C7d3A1FEB6958CA306F,"0x13795ac04b73bb44065be165275b04b6e356c7337f44d7925abcfed50687c88e",2022-12-23 21:00:41
,0x1d1f1dF1577b2120750b8f9c74fdDEbd231d2b61,"0x60c9832f08d8f608506e60f7a7e5e68b3df5b674e79074b11b7432177384f303",2022-12-23 21:00:53
,0x7ED023e2e7A3632DADAf5A94C6d17C4988fA2575,"0xba3db6c654c9683f8bf23870af18f87755269c66cf268d27a2f03895e8e997e8",2022-12-23 21:01:09
,0xE6098537Afae61D28eAD17f061C1425FA7ba83fE,"0x51a0d9d8bc3a8c0bfc0e1baf0c06281577eee3e6ad36898c421c0e28ee8ec5c0",2022-12-23 21:01:22
,0xA90e1D440A1cDfb60AC7007B9487C13E39112d81,"0x688b971fab20f13e9cc9a608a6b2da274bad673bb0275445f635ff6ad776e916",2022-12-23 21:01:31
,0x343c205364dD6EcDB28E45D09bF0047AEcAe6216,"0x871b134b78eee96e5d2fb9f73b50013bb6af7114306280e80f071d7936267d86",2022-12-23 21:01:42
,0x9189d59d4222cDD71Fb50C7bf1e3559E6E00A5eD,"0x58dc5673bc2f0cb87453bbd7497ec650c4487054d15c0b58379a813642401a42",2022-12-23 21:01:54
,0xAF42dDf7cce36Bc09cb66cd4927168ca36C567Fb,"0x3ae5a55be991cdea964b28973e1faafa9e3df9b080378ba529f190c3c3446e57",2022-12-23 21:02:15
,0x0E875fBb32E5934070b8df9A1BfEEeFA8772B7F9,"0xffdec516844982bbef6cf4ce8324b63c2a0a9c48e9ca7141ce86a18259b3c2c1",2022-12-23 21:02:33
,0xb567e0c3e36Bd7861499079a540fF45270143063,"0xd28d18fc58c8356c2d79188575703e1bfc9bd346dec16206a5e55c9525a0eb78",2022-12-23 21:02:56
,0x76303462A380DC80e6ca325E8D39CC21E22C934c,"0xbe08ac0c2ec3860caefefef785e2f196f305286fee1185ddb2af8d99a08475e9",2022-12-23 21:05:25
,0xC52B5542e1639058BE5172a4853eD0bF93190d0B,"0x6b70a45fe4a6d1adaed651b24571418141c40ba2d21186f67ede60c9bfeb51e9",2022-12-23 21:05:25
,0x851467067a74BB4b042969407f5e16A14a8ae688,"0x344ef1dc8efe3cd793222861587adad0059fa45744d455bb864390556b80bed1",2022-12-23 21:05:32
,0xcc1016A209acee2Aaf0D71CE73E0de373763bA59,"0x848ec6bba547484c19bc555bdaf929ba97e2df05802f502d3f4a929d46c1da50",2022-12-23 21:05:44
,0x6cE1A5C98123C585fFDc4D1539F85609ffe5F96B,"0x274b2c30f372811a48e63e2dc17ca79f7e5b2b839879cdd1a554fc9a65faf252",2022-12-23 21:05:48
,0x2D3f9b359318E64C68CE39B01C8dCb44930A7c63,"0x41291c039943a1310469b62219faae43cd27c0b752fc6d67e0d7aaa2d11e955d",2022-12-23 21:06:03
,0x68B9cac6b61e53bD4f2861388616bfE87FB8BB03,"0x821e69ba71c51300cd7c7ace0ee764ef7d00f85a9575e7517e7705c9dfc303cc",2022-12-23 21:06:15
,0x0E55B3dA533407f37c904FED77133E7adEeD980b,"0x50cc4484c5545b32afb36da6e046667cbaf9692f360c20f37e01de9a5adab01d",2022-12-23 21:06:39
,0xDa5D19f52C3c330b0A8D6D110b6a19b56BBa18AD,"0xaf21a83a566c76ee691a2e53c2611e06b91cd6c31d784b753c2764c7c679cfc3",2022-12-23 21:06:49
,0xF0Ca07c1D04c421A2282A05096d50f490E13c60a,"0xb8c86eb6f93929f5d17a603e745715fb8b48eb19063962554613f0e246b07eb3",2022-12-23 21:07:01
,0x97a1E9b8EbC180849c9EfC4B84c2957B84Baf221,"0xe33482675f244f0adc646e16d3617303191a4135e164de09da9ad723867fdc88",2022-12-23 21:07:29
,0x3E4B719F634E70d5153Bd42ce8D08dd76Bdcd4B1,"0x0cec5098fbe426ddce212f540af49ece204b5a7779c151002241632ac7032c89",2022-12-23 21:07:44
,0xc1b029827a3AC7Eae036696e517E4a5643Eea89B,"0x18c7662b5a7ab151943f7b26b578833d9e1711e90e9bc5401b7deb15ad9cc579",2022-12-23 21:07:54
,0x8c8F43F097d0Ea386D988899838D8F9c360Eb1cB,"0x56faa0c80eb1fdc82a8968f0e2b39d486b53154c1861229b4d27b212ff696076",2022-12-23 21:08:04
,0xb426C4b054b5CCF6f83DE925A3D2eE13198b45D0,"0xb3ec076b5e6c4d49bab2504e3a4562b46c3d139db739a82039b05e5ca14f1c9a",2022-12-23 21:08:17
,0x3Bce420b96F0FB2bBA4ec6D7b8fC763fDF711Aa8,"0x6a6311edbdd5f6b52b5a5764c40ac386c6b8d13af1c6121999ee10ad452b6627",2022-12-23 21:08:27
,0xED2b8d694f90a38529FC18ae8Be19675e1f2523e,"0x6d7840c1e83f0fa6cbcc0f13f4e0de01f08f4de675cdad4cdfdf633fa0751d5b",2022-12-23 21:08:43
,0xC421402D82DB2c0Bdd9c5f3585A0322d8d3876A5,"0xd1344840b03694ebc877d14a3cf6ecb48d510fd7719bffbcfd61015ead77f130",2022-12-23 21:08:51
,0x43C50052ee1fd2f38Ba428B6c7354f89e584Eb4d,"0x9b6f4b05c94edb736506e2201e458e24506b6c4522b562696e4ad68b98d26f04",2022-12-23 21:09:03
,0xBf887Ef4F6B86f44c8933a3cbC9e172A5C8E6750,"0x8634d8bb1d1a0af9ec0606485582364068034ec635254c174aaedcd4c0ee3ef1",2022-12-23 21:09:18
,0x3E699BB0280F190D26B17122e3ec341B8a8e2efc,"0x0a973a58913cd6e8b2be6113f595641a59af1debb0262b0584dd4eeafe001159",2022-12-23 21:09:27
,0x04fa3742e9A2aacFcc1efE347eF09dEA5894c5DE,"0xd1dbbc1f7d378ed4b4a70b5118a0449575b6cbeadc14ab2ff3f62697877e9396",2022-12-23 21:09:39
,0x54375DE25D4BCad033742ea132ae52F98aB05978,"0x967f6050513c8e3430d64a731d4e95dde92f351b7320b81e1ff4aa463496d6b7",2022-12-23 21:09:53
,0xA08bADc6cAed0EA27C89EF5fd7fd6F4c1B818ad1,"0x9669392052dce6e34e58c9437a12ae0dba790fe4f180292a32638d45611a388f",2022-12-23 21:10:06
,0x2fF02c9c13cff3619900A27c3DE637705e97Af70,"0xc80069679931ac2191a46a56d7c7376b4422eca6e2ddb939012a72053b99437f",2022-12-23 21:10:42
,0x1DDbb12D8fa3Ccc312AAFAB720fCd94B5a9eC2c0,"0x69599c8dede82ddb19ba309e2a5225650c773d15a912be03c5ddf3f4882add00",2022-12-23 21:10:43
,0x28eBb8E0C45992C2Fb934B565601A9148A7eC6f4,"0xeb246c2d1e6150a3015a5b24e5c6aa42010ab0a3524052769f3bf3948e534c3c",2022-12-23 21:10:43
,0x97c2E91a01AB0aD76fb2A1Bc5990b9963B18AF0e,"0x96de80557a65298a082b47e7bbdc75c4e75d3059715ea04dd78baee4d4904973",2022-12-23 21:10:49
,0xA2fdfe94dD3e23421CA7551C4c2C8223e7F04a72,"0x3d7d90ef16ace7435dd71eb0fffcdd3de485e2471ffe53f9a106c768c6f4bb15",2022-12-23 21:11:19
,0xD9ece378630cA07B6F024fA1b5F251Dd7167541C,"0xfb00e0027557be9d7a8e5ae203829d276affd6b08b0eda964c827bb39335947c",2022-12-23 21:12:50
,0x926958D4Be28f37F81051C5766848Ed541B4efF4,"0x979c71ead21e2536b18701e0a9cac2b048d5b48fc7b28f3fdcff36265802a493",2022-12-23 21:12:51
,0xe7166d7e46D9493A9FC0E3F8B7d82c7aaA2379d8,"0xf2194d0fda7abe7ca4e5cedf992c63824a5e309928af66ba780ae06a579f1c74",2022-12-23 21:12:52
,0xA0F46eB4936bf7c30460b3DFCbd0854ee1aD9569,"0x1ed3982f7c695876e09ed074865ede0f5c139a06c3996da8b0fa0982ba91d964",2022-12-23 21:12:59
,0x6C44Ed04A6464235a6D31aBC0751a1005c7f6274,"0x19131aa57f156c0899298b3a1049c42431c5397fe4cafce0d9971b7fa911e8a1",2022-12-23 21:13:34
,0x25093395A4ce1cDE5FeAb29cc3c69D5d17CADf66,"0xca9a0c30c7393c41f9867e479e845cb5e37b20e997da49b2e3567dfd2ba7b0bb",2022-12-23 21:13:52
,0x3E94978056297535F2A05C94BCdb394de824Ac21,"0x7ab2efd3c90f33eec60ce91444b201cfdf6b879617d72fe0353bec6da1ad435d",2022-12-23 21:14:25
,0x3c2C593BB69a6e301A6A37D886572185c7D03315,"0xbcd0eade1ac1fd66a90027042ce9ed6afb408bf407278aec4071497005be9e52",2022-12-23 21:14:48
,0xf6eB24cd07005C78E9f37526932c8A35e8337318,"0xe68f8278950f404bf08aada1d5a4a9f81def13c73afb20e38bd99a5ab236f82e",2022-12-23 21:15:04
,0x09813ea70DC1dd316295f9Cd9Bdd24FDC0cBd635,"0x2f830941465df1fcb69b1783047be4fc0fd63ca37fe841f2b1e0d4217856b5fa",2022-12-23 21:15:13
,0x5b77F91a034B06625472F7f4b64FF2899690A74C,"0xf2403e312a85b3f66616f8aae9a435eda0016ae0013f73d84222be344d1f277c",2022-12-23 21:15:25
,0x3583C23888bf5f7dDa4afb70b0A6caFEb760Ba30,"0x22c502ffa8f1c44a3ddaff2e7a54541a213e1f0858cee47399c351dc3a7cac53",2022-12-23 21:15:38
,0x10f0918bd9f0Fd3C6Be087a68335AB8076067591,"0x6481e8fc10cb8ca48ec6636d905bddd927d242ff2ea4047e9918d12ce8492afd",2022-12-23 21:20:11
,0x8e68ec6a752fFF37b6570F1Da428FE904B205188,"0x7c3317a06b765f84699ff78c475f27ec814319d31de1516608e66ab6a4308497",2022-12-23 21:20:12
,0x22Ed004B40969D2bBD0c0b234aa8b247F73D0213,"0xbf9cd850edfd9cb0cf6fdebc0bfda8c0184b8fb41bede8443b349fbd59fbe26c",2022-12-23 21:20:12
,0xBdc0A4D53EBE6dB85b0F91cB394f90Bc41f75Be2,"0x71794b7b022b552f68ff03d5147a3f389e72ccea9d064b08114c2b8b6af1d94d",2022-12-23 21:20:13
,0x313067f4A8963D59bb20d0bC36Ae5Db1f93EA6E3,"0xc25e565539a4464f307cd35226e807bc15147e0715eef85d3c99588955a6c8e1",2022-12-23 21:20:13
,0x048adB17c32c4791f02F4A3Bfb442aAe7F99cCc1,"0x1e9d688210aed500fe71afb5506b29f17c24c4fe6e0642745e12dbe3be9671bd",2022-12-23 21:20:13
,0xa73C52a70DEc6D78cbEa9796048AF9C60287a76D,"0x706aca90d815761d5ee4df2cd47932a8dac3d5bbd1f247b2fd9ef538316a4879",2022-12-23 21:22:02
,0x5f000d53b7457833Cb3bCA1Cd4Fb5A739C732F86,"0xf129f0c66f23deef89510d39f2de46787916e7b400d910e1995055bff123776d",2022-12-23 21:22:02
,0xF8b2fe5035D52c711Ffd8Af3173D2C462558A4ce,"0x25223c8d0370375e3c23c6bfedfc953f63dbda72712a6c6fe52d56161aff9191",2022-12-23 21:22:02
,0x9F3a779f0Ca6b4734672B7Db37982dbaa460D90e,"0xcdb0700f3976656bde87931828d71151c9f165e356616039765f208b475a89e1",2022-12-23 21:22:02
,0xeA568cc7953f2d81937A99154714C4bfA008a720,"0xf4b74abe4bf94381a01e60483f73d4bb691ffd74e30a40d103fac0be76b6c3bf",2022-12-23 21:22:02
,0x4D603CFf7D2de2E02aEF1674295f07EDe7F27FE2,"0x7d7e3a4f95adc18e95f314c3959555590110b52b6fb543f7819d42be1382c73c",2022-12-23 21:22:03
,0xa120BDc3D9eC0c85726883319fe4cB8DD859149D,"0x3d0dc266b0b0579c93b8233bb285075a3fe4320935f8a8ca61d201709c391116",2022-12-23 21:22:03
,0xb80f0fAb0C39F98cb83E3f8d9DdFFf83Ec318e9d,"0xbccf8cd37db7df38bcc3e393540ab7e26a6e5a3381c8389caf1f80aad0675232",2022-12-23 21:22:03
,0x27B37502097840b371FeAf2Ffe3395d31D2D12Fc,"0xad4a87ec385a59e5dc89ab6967255b4670134ea188dc029d7e4760b91db56f47",2022-12-23 21:22:12
,0xEfcE1142E9b8bf46D8892E0b67C64CC25170ABEB,"0xf88374a2ae308ec1414783777c23201ceecc78a4a7d7bc95c5d47762eff990ea",2022-12-23 21:22:23
,0xa499fFF03d8918893AEc6fc6647CD7fc4a66FAAD,"0xa4a832bd17d1a68d84eab748cb72e65fb616dc5deafb10845febbb7340c25634",2022-12-23 21:22:39
,0xb47cA076A3aa5257951b59987F788674DE65cF90,"0x181c7fd7ea31bec422801e09cbb8f0f3eb7e9c82b3593c82c7b4bfc9bd55e916",2022-12-23 21:23:34
,0x7433ebc914Fee4Aaa40385e5b43Ab1F57743F890,"0xe6cc2b1950e55052e3b05a365eb14234a937ba57c3c04540dd7452abbf73b33a",2022-12-23 21:23:35
,0x1Bd13F0BF529F060F767F949c27f17DC58d6DA5A,"0xffe48062389cfe49476b1bd7bcc23f0e14b15b7b586b1b7931acae2c60f6d062",2022-12-23 21:23:36
,0xB5A4F27450FE92569b5d9606c54D44DB22568B12,"0x95e67ccb37e9046a4cb710fbc9b9e0abcd38f7b9ccaef799877759cb577d4132",2022-12-23 21:24:19
,0x67fAFf2C5AB9Fb7803621EE68A52564caF53682b,"0x04b393651996dc7d3507bb74b89e658d4f91aa7e20afaa2469b59ba7c6499959",2022-12-23 21:24:20
,0xCE6aeA21409Fa799f639dD4CA689069e024eB997,"0x63a8d8623f2130de3ebc372b9189de901262ac5214f63db6c551238eb3bc0ddd",2022-12-23 21:24:21
,0xC67BaE102BBC5AE20D140B539A39F40d71e52AE8,"0x41297b0c3b28469f7eee4096720bc52b480581241dab81f309ea4a4c24859159",2022-12-23 21:24:25
,0x18a87bc469A69C1C9F7D7c541479258C9F23eeD1,"0x0845020e34845bd3ba6b69ec4a2a870ca8a7227eb2e9834ceb50db8c5f6c8758",2022-12-23 21:24:34
,0x17ACAE5807cE1d2f16e60B53B1e3Ce2f23D704E2,"0x6fe714693ff321fb781a9d3c0745f1af9711e680a9f1b56f2a12c4000d66a3a9",2022-12-23 21:24:47
,0x7c1F94F7Dd4Df67d19e0e25FDea5B5F9Ec0246Cb,"0xcb6b1d47d1e75152900bb643628fbf579e731fec791a4c1a1c36e966f9a6dfce",2022-12-23 21:25:11
,0xbf9F276F0DE8b74B3B72b30e2e5EcCaa34D912CE,"0x64965bfdb6f81b9a1d7a5c1fadaa17d7c36f5362a65fab87c17f83e273c6bcd4",2022-12-23 21:25:30
,0x283649eD238DEd8B6E15793628d678BD710d6ABA,"0xc695c84cd41b3d7d1b975dea1b8e10e8774ff9c2b59d25e10cf4b81d63310faf",2022-12-23 21:25:35
,0x309adb508869D66E0Ca37009c748EfFFDb21c63a,"0x587af5cf586140362da9d216dd70deae0e22c9390224ac0774a6c6534767a4ec",2022-12-23 21:26:00
,0xAc2e529AB9ebbb276c207FDaC27CDf773CB7c72C,"0xa520ef53663712973a3ee509aa56631975623dfefcaf579da6bdab0364880620",2022-12-23 21:26:13
,0x798651f1e1420a08D3Ce99A5718d6A6BC88D342B,"0xd158733da7b381e91881765f28ec4516791019aad19098ad56f4bbc08fae153e",2022-12-23 21:26:25
,0x5bF0B01BBc97EFc3FE7E834F2fECd917664eE816,"0x5f374ef6529fe3fbfaacaa2a5f699e2997908a7365bd175fa7c17522d46df4e2",2022-12-23 21:26:38
,0x8fF08beBaBad357317D91B8E571D3B253203009F,"0xde58829d454f905af3e1e2b5774f094bb66cdfa02e33139e2a30fa73341adf4c",2022-12-23 21:26:48
,0x1630Fa73429E6b510ED640211eDb0Af98a621C50,"0x67c2139c03af04b3f356341febfd18b5555dfe83b7c752c6c334de46f0ebf94b",2022-12-23 21:27:01
,0xBbeFb3Aa136B15b20321aa69F7C872576f3E0f80,"0x42062c08ddae84cc4a12e8b3501c04a3a9f558ff004d074bc4154752502982bc",2022-12-23 21:27:19
,0x2ed733954e475b8F17e845eFb2F375e5763216A0,"0xb3aebf8c54c73a0db6e651e9465498b1ff7251b6c1d35daba7ccbf743eb8af02",2022-12-23 21:27:26
,0xDcf0f934b2434F99Da2b516d7077Fe80971a3D6d,"0x59680830d79f7bd8b1dcbd40583567b6c9c64381c32e0f08568c9e6fe39a9a12",2022-12-23 21:27:41
,0x2C5E306ADA70f298Df0FCc7531720f9E63Cb401F,"0xe4462b91693cdf5c639c9e2a57700857ba6201abf80c541a6201e24eb419a635",2022-12-23 21:27:49
,0x443b50f9BcEbC052DeF12D9A1de4F9c1E458De0e,"0xcb68d6d68ea5b4a61bc7b99993491fbb4c23fe7f541e7736cffc850fdacdbc8c",2022-12-23 21:28:02
,0x59D31776f9aAeaA3F427AbBEeb8cfB59bB2ec3D2,"0xc0ee61768b018b134c41e0682b14921966445caa166302e528e56e0e1e28f735",2022-12-23 21:28:15
,0xe24d3B81a9170942725029857b995F10fD7B3718,"0xae2d287c4389cfed9f5ddc33475e44e476896fcd4da64040dfc0cc65410f129f",2022-12-23 21:28:23
,0xb337CF6FC3D793E459efdF1FC873f8b5dC368708,"0x42074a689f92645e4be888f65ee5f0b2be3f26810d1a8fe7537fd17f9cdc168c",2022-12-23 21:28:37
,0x54963409C44D0d24F8B4830199ea1e6F40aB14bb,"0xe92997ce75107381aa1c3360b1be84c9f842e0660cdbd018c90b3eecdfc08985",2022-12-23 21:28:48
,0xe4F94f28E7974DEBD51Fd1FAd485f7a01B3Ce84b,"0x7cc1f1097d739d6b1ab4533b63d9b1dc4284e5c2b4a34570f2a90a6043ea0b5e",2022-12-23 21:29:00
,0xffc1D8D8E6058bc740063aD41345Db0B5E4345de,"0x43ed4af6df1b2376a5d1cb88e46ab3ca92238e1f0043b67e31e5d6a381c9229d",2022-12-23 21:29:13
,0x93eD4FE6EB8EBf3c7142b68BE979CAE348e8Ba20,"0xf019de4d55094ef09edf9bcc72b26c3aa82d3c08307e196ebd190b5029b2d197",2022-12-23 21:29:38
,0x38c8b51F01F74367d07193542304C99b2d89247b,"0x02cea3f855219a28bc8718c5ed16380106e1d07d0cf44e10bdd3370aa346343f",2022-12-23 21:29:53
,0x12b95F2970dd8ab7D799a49C84c27cF88bc77c05,"0x2ee8fa4dc07a0e0e47be90c37aa3e913bab5fe714c8f5409eb719b6417a8f12b",2022-12-23 21:30:11
,0x333ab0cE03B619f63bab7DE0efCd21738861E205,"0x35615ef18d07e25dd1a263f85ebe9608f3fdda62d5a7e73e76e25013185a8e2c",2022-12-23 21:30:36
,0x3aB6255cDA36414d4E274753437Df9F0A980E26a,"0xabf9f4835d21597a63b8524489494ef0cfda8ed34ded00d5aff14790da5dc7de",2022-12-23 21:30:50
,0x1E8Be5EE9f3D0252A9066094dd3F7834DcbBC7e7,"0x8777c666c24f4eb81fed9d8277614c39f5722245ec5e702327946d91b3940b03",2022-12-23 21:31:00
,0x40284AECDF1E24f9F53e75b46fAaCf5D20C25638,"0xc3ea701d7c5ebf92f840369ee8c957506174539f022f96b994898e2fd0708d5e",2022-12-23 21:31:12
,0xe87a2cC26F988Db3c22f31145726526b4a22991e,"0x4db816336d7e16c9510577ce70c288b7202aafeff61429c7bf3d40c4e4dc6bd8",2022-12-23 21:31:25
,0x5Fa2687Ff7aA9CfE739d79Ab9C80876be65D4257,"0x58ed00819e1a867cf2f930aeace63753a44677c11bb2056ed9ef29240f944455",2022-12-23 21:31:45
,0x2481ef787a726353Fa878DF502613dcD95C8b778,"0x8c6e944ec6f7635f14ef01f06f618073641130b1e45ba7a1755956cd919180fa",2022-12-23 21:31:51
,0x6Ac57669AdA5477327b8E3471248836e4937e1A8,"0xbb7a56e95affd179435d9794fbf90a3135f855ee7089d595177d7548c64e1076",2022-12-23 21:32:05
,0xfE13F7760265D3a241780c2f38edA2207E2434C3,"0x96ca604c6467414f30fa98cf4c1b39e6fa041236fa60490ffd58319a731828c3",2022-12-23 21:32:24
,0xCD8eEBA71104f802383F36a78189fF1C1e36808D,"0x7ad5e564892ff5ad28abb8f919d047da29934738e5b8c6a3852acab0e4d878be",2022-12-23 21:32:47
,0x16B272E372831b9FB24Ca7c1dDf5DE0B77751649,"0x87e7de0fada668026a050310f8d1422eabdd56fa32c804124fafff1169cb16bc",2022-12-23 21:33:23
,0xdB45263926eB1AC0c654ae579C08f3261F5D90cF,"0x661dade87121f4921596d322153770209fb9d8ac9c1f00b51388f295ab49c338",2022-12-23 21:33:37
,0x54F366eB3116acd6865A6F3b3A7cF0DabeA6c861,"0xcc17f58dc97ccbf60f5671c68d2346d141ed1a462598cf7990b541ce28911719",2022-12-23 21:33:47
,0x8a6d5a8f7030e746b6710bCed0046706971b9E9D,"0xec8e16b022a1ac3ec44849c653e806c6ff77ee95660d064c1cfc8bc6796582fd",2022-12-23 21:34:26
,0x7Ee16963a8e31eD2151a0168a779f767f7406b2A,"0x2fdd81632e0133d3a00fe295f80621825156f280f714c0bccee1cf0c632883df",2022-12-23 21:34:26
,0x3014564E002cceeF36F813F0BEFE471f2C3CEFB0,"0x0d582af8211270485b1ced43091b66f7708b0431190a2b383904d0ac42c619af",2022-12-23 21:34:27
,0xC90642dF19647bCdd1785d6dF841B35aa11d2aCe,"0xcaec89025312de25947be0f7e9caf6d055311be953b125d2d6b3db104b79855d",2022-12-23 21:34:35
,0x6ECd4EB7F14E029FE8475B8C6F3E8bf658f488c5,"0x3b139285ce7ec8b208412b7f90a94f18337996f8c8b8f84ed2b77ea86355e2f2",2022-12-23 21:34:47
,0x7096d080F1cbC8181030B41647289d7cD10cD114,"0x0d182098dffc5cef8a769f42ae458618ea2bddfbae0ba6117f057c039e33ec17",2022-12-23 21:34:59
,0x665d9dC900Bc3E2f64Ed558Eb9CA72C72f797f3f,"0xd8cead95c3e0c6c38f53d1b7d0b269b759766131324da2b2569928c21575cc05",2022-12-23 21:35:11
,0xC9eAB4F2F3b775012B22b4D36677C8cd86E4Fdf1,"0xde47ecd47ca06be6f6b1f430e2575e0a42828f43f00b3abb6f9ee7da823dcfb8",2022-12-23 21:35:22
,0xEd9df48f4FC9CFE5203133c1F11f1A338Da4E32A,"0x815f2a0e39d34fa4070249434222ef0b4171136ba8914b41c6765d9e7141116b",2022-12-23 21:35:35
,0x1e0e6e2f9e9A9DEBad27e17bb323a2398403A3B1,"0x5fe18148d88044f372979be0c39108ec8094f5a755a0e717df28f5f1fd4cc06f",2022-12-23 21:35:46
,0xF4596b9eC3667367891968DB1c6F9d816809b117,"0xaa88431b6d6476950d894108dc1dfffa23cf1841046b4d250ee9f18a94af1cef",2022-12-23 21:36:13
,0xf4BC43F4a7050516042F96f2bdA075Ce55500350,"0x8077d52d97c2012619d80138abf271cdea27e588579c9337f42c11987999b492",2022-12-23 21:36:36
,0xE9D44F4d5392a2065B963433e593498CB0AB5479,"0xc3e64cfdb6df718448146c64aeed0f206a9e53d4d7d9e8ce77636c2958f72022",2022-12-23 21:36:59
,0x5013633756050bec7455c3B7e8597faBcEa9608E,"0x98791a51237da8b52f6d578da277f240111f7dc74dfa268a7cf8af088412dfff",2022-12-23 21:37:10
,0x6d3BEe5Fe4831fE654b007245481E4CDcec5A3D9,"0x2d8b702b9b1048887a7e86c0dda6beb1d2b57e031ee322d4a6830eb6f97fcd1d",2022-12-23 21:37:33
,0x0B4AC387f886B2363c449533B9fC5af678D44299,"0x7711638248923b193a304fc07904d8da1b321d19b7e0b33ad4d6488909ba5103",2022-12-23 21:37:45
,0xF046d6d31B7F3EF401dcE5334C5D24cD4B9f3A6D,"0xb323fe1bf82b216d0ea8ff90a2beaf29dba5c0c46e75e73b2c9b527527bb50c7",2022-12-23 21:37:59
,0x0b4E6f73b7aDA0F535F0A037CC2E6c987b626528,"0x872c0eab41c2fd7e3a6167776f46c44ff120050dd958e81964898102677daaaa",2022-12-23 21:38:10
,0xadd824258e37d1132238a0A339524c67917c5f24,"0x22a8d069a7c7fa12631e81adee5ac76e0a87a8773a586b8751d6116e25e8c909",2022-12-23 21:38:25
,0x200c00f13E395F4CefB2e809Cd4917316E7aFA0E,"0xd779b670dfd2dd3e74636fb2e2b6f3ac8a31cd00f554fd700b3dd5cca6cdc190",2022-12-23 21:38:38
,0xc8Ff5bd047fC8Db6Dbf5DF65E03DDB5d2513D709,"0xa1e35888c54fdea61f8c7ec2e3d40f2da7ec4e36663a07af2525ebc8c134693a",2022-12-23 21:38:49
,0x9670b3Ba450695F7269dfe01d5671a39814Ed688,"0x4a231e73cf86e9b8e568c6775ab4607b5cd930310844b09bdbcdc4e451f7e1e5",2022-12-23 21:39:03
,0x557CD7fe1b9EbDb0e4dfb446Cc4a39F71093Bd47,"0x835baf5d51e4ff8f04176296564c12293dc3e176ae814efb399f20880a0f4aff",2022-12-23 21:39:25
,0x043904624d24466EC8f49815e21d7a13Da5780e9,"0xcaeaccc1ca90f617973bb0ac8f4c4d36becb71a7487c0aeec63088e2abbe897d",2022-12-23 21:39:48
,0xaFEd09473Cc4bc7AD5885B5Ee896D5456936aa25,"0x262ba30a73e3e78a7e2dcc003be08cda51557ceb3b39ef45354a65e40d799273",2022-12-23 21:40:01
,0x9E15275b11d2586E88E2Aa4101B956D540aB2C36,"0x92ad0c7abd8556164b3f04917e8c0a39689f29f3a3a984b0cd99564f05354952",2022-12-23 21:40:11
,0x1032d3F94B073D958b1ef2908f599E1b7074A5fa,"0x9690f9aa8dd8a58b8154e7788668b0375bc1e1912245eb2d5d60af0a341b5514",2022-12-23 21:40:22
,0x20AdEd359E9EfA4C761F06B2b979653669771337,"0xab6798b0cee83c9c44bac63b09f5fd2d82444e306fdfc69cbb8ce6393c277743",2022-12-23 21:40:39
,0x5A1126Ec3ed052FcD86b09DdfF9C6CE59f4094d2,"0x6b57e2dd88a6616c2ea15fe8b4981933e327e5171762f3c47a7cf24a3f629e9f",2022-12-23 21:40:51
,0x64BE0c38B24eba01B88713FAaE61D0E70aD8c12F,"0x85073a065a89414b6c929e3266bb0ef6fc1c2a0eb4cb0ce3dffc89f57d2c77b8",2022-12-23 21:41:02
,0xC50f2b6Eb4D370D03A615f36522dC2DC97CEBFDf,"0xf1d00b3fd394edbf03a5d818d84bb921221c88e3104943bcee450e198a55713b",2022-12-23 21:41:25
,0x50072337d382b68170129fa50735BB5Ac70eecf1,"0x6e75edad54207e13a123d87fde9d38ef084708cf11bb4ac28579676b95c4771f",2022-12-23 21:41:37
,0x0E06eBFaf1B1A57dC124C2AFC888Ea7BF4eDFBBC,"0xf51281512ecf6a70905d342ab18e40d2a3f9cf1e3310fada93b3cc62fa5b465b",2022-12-23 21:42:00
,0x8028005661292Db0ebbC6368c4c34423D36cf62A,"0x2014aac8a9d0ab5ce46cae4b91151bda8250ba34eea5a74f24e4ce112a5078d2",2022-12-23 21:42:12
,0xE1e32cF732c12585581a4e071e33505517d81308,"0xf921d14847cd8b87918c50089c73afe836b6e66163a08ae0dce422d7a4e9c523",2022-12-23 21:42:25
,0x0d14AaB8DCD953cbfD988e1De43052c60354106A,"0xc053a923281a8d86861747dd1975eaf4582cef0666b564b345c2c53b47933f91",2022-12-23 21:42:38
,0x4fECF42E3FECa1F3a9a86D40e7138BF9232eE8dd,"0xa8efaa45ddde55ec59297c737284ed27a6bc04d143d248ff392dbf9af07889c7",2022-12-23 21:42:48
,0x26Af7A9517E0E979677D00643d90c4EAb9AFAC18,"0xfcd1029749191b3bbb3ba03c0266ff9af7eb775b0a90c0df087803bbeecb67ba",2022-12-23 21:43:03
,0xB99f59ba32b764d80479418220Fb3365caD5B206,"0x385325f43db81bed812dae00d61e1fb03f1ef053edf0a8383ca948534b35f91c",2022-12-23 21:43:22
,0xb7361684762D268AcA7F6Df5683F9ACf64C998CF,"0x5ecdbacdf86e2f36b90928040af744301df0a586758ca3eb0037c14b0b243392",2022-12-23 21:43:47
,0xC8f271078308c651703C668801db22273d0717Cc,"0x04c4d334177ee42d67f8cf3bb37edc405152367826f56122c7609e8238b0d480",2022-12-23 21:44:12
,0x4cB81f2f5505742cf1063bf5d4fB2f0Ad4EEfFe5,"0x83ce8ed6c839b9821f0418a2e604f99d6987334cc5a054e8db48b6c109b25887",2022-12-23 21:44:22
,0x1Ae020F62Fbddda97466ED7A604ccA9B1fA37290,"0xba04c9f5059952ea7310a7c9e548f7e94e367a9e5620b5a7c36d55ae9022c46a",2022-12-23 21:44:35
,0x28c04Fc257d94F373565ee4A1acc7Fa04194FA8f,"0xe34eef5410d3394597f4f72af59ad2256f98b6d1053d4b6d6ca3fef015d2ebb7",2022-12-23 21:44:47
,0xfA117C82BFffd73f1D388f54cC184248887adE11,"0x04ed08345b4477a0921dd0843cf6941350a1f6a271dd8e90cc74395f0d82e2ce",2022-12-23 21:45:13
,0xAA2465B4f44624dA8e5E828810Dfe48d1d9Fc58E,"0x5764cb9f9db6d4c728157072a1c9c71d4657a74b82adf4f085f9e65cf3ed6e59",2022-12-23 21:45:39
,0x6101ec737d1Fe6CBE666bd58314397504B834a91,"0x734ec0c272c2a557314d69d4dac7f100890f42bf6e5b4bf170ebfa9ef82cb091",2022-12-23 21:45:50
,0xf34bbF3425AE8be8FfCA808Db2ab5662e3e480aD,"0x12e9ec25fc80fe4dc813a258571446109af1212f5674c01460fd1624fce649e7",2022-12-23 21:46:08
,0x45535D7c8dEf500a607f0e6Bb08Ef482A3a9aFbA,"0xc88fbad93ec23a35e7d8a8894e8595e609fc993d4d55e295d72fc0df7c3d48d1",2022-12-23 21:46:22
,0xdaBd62A76d99dc72D1dae8068B8643841aE82615,"0x11e6a1bacad8db8a39938f35ef707fa31c7c0876629dcb215d8e607a4af92574",2022-12-23 21:46:33
,0x901e7E10838254a6ef07416300E4FB217Af64351,"0xb607d30caa61c81b588d794eb68e2c373e8b84c385d41aa8658b7cd4abbc02cc",2022-12-23 21:46:44
,0xd78Aeb3E3FB2BF5f36d3C443b1B8246CcE9f382a,"0xa05fb30e7671a5b543ede4be3e164966a3bf61a408c1f4ec042cf806048c2c38",2022-12-23 21:46:58
,0x5B8E223beFd076B974f3Be4DbC1AA28a7dc69fA5,"0x2f91fddc6b0319c98f079ab1dbe374f5d434b4c5826ed5cf3d25489a50f9bec6",2022-12-23 21:50:47
,0x12a011c8C5A3B85077bBCbB142600407fCc735B2,"0x1234313d95bd89229e236aae7d7e68b80ab8451ed0d5cea402114868de823512",2022-12-23 21:50:48
,0x2dB9cfa0F439A678E925bD85212b3Dc52d3A28Cb,"0x7170fe0642e545d9fb60e43a20d6a796c9117d20b63a8ff38d91034d4de93aa7",2022-12-23 21:50:48
,0xd4Dbc79a78c49B1d06fca8ECC8999BE13451A28a,"0xa4912973a1e8a9909a9a49028fb1ff73cc1504160ded49a088af1f8df5ec49aa",2022-12-23 21:50:48
,0xeEdBcbe26da16630E982059CFa95524C10dBE16d,"0xa0f1719fd939db41780af8cd3530aa6e56b222fe15bcdc3373cf8e60ea390e8b",2022-12-23 21:50:48
,0xA08a111C1e235B4A3e0860DBf4112D2E966e8657,"0x82ace11eb073a3df5176e3a8cac9eecf15b1d0bbf626dfc6327d782f18d4c1fb",2022-12-23 21:50:48
,0x83109E47F33B9b1a56f37880B0C033Ef2227bD5a,"0x1b7a47fa49939c1da41b46a5d52e4abe56c8be8452f6c1c59479d7d17e0b3371",2022-12-23 21:50:48
,0x564A1fb025E406DCb4B6b95e1bF4B1B2B030D462,"0xcb06b64d92116ba3cf417a3f9c74c4248b218f838a1b98d4548b380be26a716b",2022-12-23 21:50:48
,0x92eF832B48a4d97761D7b47D90BdaadCEC4eb6EF,"0xd34cacd0c152f5c7986dff87ae9f6fe311ef9a3511d3107c00739c9e0ca38476",2022-12-23 21:50:48
,0x860A545117FaAdaa2253a1ec39861F8E3173dcEf,"0x05d6fe4bff9acd3c4a19a0568a00872a4de6caee46245eb9dc7765b19172ba6d",2022-12-23 21:50:48
,0x1155F480C44432D7722ae7Cb85B4b5299CE92edD,"0x9100288684314a38371e29e5a1a196cd1e83671d8848e0c92c3746241680bc8d",2022-12-23 21:50:48
,0x8bb4c9E4839f4111f8C630667e5525C894e0E3A8,"0xedfb00427fefb7467430c65c5912233397bca9ed6176644ad702975e998a2670",2022-12-23 21:51:00
,0xfe3c0d9ABcF4f8D6CE501C0e839C3e33E733Ca5e,"0x7ec913c0ef8636cd1835b12e5b651d78b32df3ff796edf6b84a23aaaa613f9a6",2022-12-23 21:51:15
,0x85C45FbDC20eF92bE3735337c3f7b88CCD4D24Ac,"0xb791647f90315f2af8138a7f0a202093c8e4a6e3c25760efa6afffe0f13fc265",2022-12-23 21:51:32
,0x83A1E596CB31B46753101e5ebc3f931398028258,"0xa95b1deec9099c6a4394c6b8a05b93e4ed3fbbfadd94674a10248f79a8fb1068",2022-12-23 21:56:23
,0xbbbb20c7089AB37a12217706e880A97CB6113e98,"0xd7a2e451806921ae41ac48664ba4caf369dc7b560bb7ffebd03b3cbcbb9be6ca",2022-12-23 21:56:23
,0xF02A50B54e5ec630b49a3aE9643b8C35Af8bbB1a,"0x2f203700de4f2ef0412a167649c9f20cd47d1b13fe9c89bc7b4763a50458a148",2022-12-23 21:56:23
,0xD4057F721b079d7b5B332372a4AC61422e69Bc5f,"0x510aa0ab2c431628b4fdbf4e3c29639166e50991e23fa12b7d305faf1fff94ff",2022-12-23 21:56:23
,0x076321F6F75c880d9A60aa257A05d4065982076D,"0x70cdf5dad5e4485b6c008d69249c622a6b0d5e77ade24da7bb31712235ec3a07",2022-12-23 21:56:24
,0x0dbA6fe504419BB9B3137c6D85D38A5F60143D06,"0xce175534b08e8d2958eae618e10551bbd9fb14bbc99901765b2b672024ca85a4",2022-12-23 21:56:24
,0x9a4CDD9aa2b18E5f087E4A5984699aFDC8e04bF5,"0x97cd67e7b8ea42427f2743d79b9626813d5926abb2ba5bcfc6fc1ff774ec9ba6",2022-12-23 21:56:24
,0xF7Ff50446d3F1681907E272a4c744a455C94cA4b,"0xd72b6a8ebd4f5ffd548f170b5ff174081849fcf90ea49021e8e002ac5d3047f8",2022-12-23 21:56:24
,0x6D000B7117463a871fAB144277D119A47FF2be5c,"0x80f434de50e33d5ffbc89fa19771d9c0f388d9c419641e4e14dddc98e9a50380",2022-12-23 21:56:24
,0x0049586Cf8d3666136AdaC5e190EC02443BAc7d8,"0x4b8e352e69c42eda0d95493037727905b629df17ce3038d8d56e93ef035d3e35",2022-12-23 21:56:24
,0xa270995973BEed0edC4EeD8fc136B24B6232343a,"0x068c76b1897420b9c81e6f30ba8b6f36a0935be0257e7101675b9706b1ce2e14",2022-12-23 21:56:24
,0x7A82895e75341921a9349cBDf2fC63f9364be215,"0x3988141dc4bf17a154db2231769d5a7977d24575bceb4037be9d6aafd64ab89d",2022-12-23 21:56:24
,0x670A7659E70b4e5018E6Ff6F39876A3520091a16,"0xc914611176cb8e6d6156c5d9e92bea99ff9b874cf50c9f4749c0818156f5b094",2022-12-23 21:56:24
,0x96B1027530603D4D9625d8328D8Bd1D13AC55672,"0xa188d45f8ff377d751f143a766311050cc2db3d59e8a16a5def77b9325db8e26",2022-12-23 21:56:25
,0x58Ea18C488Ec5016D676C572AbD187fb0BdB6293,"0x076e046cd745b3fb79579552e3c90ea172af942046245f7fdae834a6bb9b390d",2022-12-23 21:56:25
,0x83cc04E603fe56f146DB1e1C0DFad6aE53D34c83,"0x26833402f582398afa73897ab32d8a5a2a19ad8238de67936a5212cf113c6dd3",2022-12-23 21:56:25
,0x5BCB812178e6E1aE1B6Ede6E5BF3888AfF1c308D,"0x0160647a8d00c2e54dcd60131b30d35eb8a4ea4caa25efeddd6cdfb795300e28",2022-12-23 21:56:25
,0x8664a0C8a14EdF20a83f495E6cf6B7123658013B,"0x2586828c62cdf1f0bdc6b001069fb10bfc3846fb322ec020a08e7d28180cb7ae",2022-12-23 21:56:25
,0xDd56097f60d5c21BBfcc1a50717E3cd76d087B0a,"0xa4b8e45cc640d644f8e474b1bfd00337b05366b168aa7e6f255972901cf2ab0f",2022-12-23 21:56:37
,0xF90d36DC62cd055Cf0FAbe95F04B5F63E1B577DF,"0x638e08330fcba343c44cddfb532ff3b541ae3f4de2005f2eb1cc2e791b655324",2022-12-23 21:56:47
,0x650df957827aC96169faCD7155b9541357555b5C,"0x3403cf2fc05b9216bd5ca4a127834ea84405037d8661af13e1274c8c68ec6379",2022-12-23 21:56:59
,0xff1AefEa7f31725EBa30407456bA38796E55FCdE,"0xd5d8999410bfdfde89f773cd25846f64695e4e250f1fb38ea2583dce35dcd2e0",2022-12-23 21:57:19
,0x6f6F5218D1591d272119Aad23B72a7bc6Fd1E076,"0xfd7ff7299518b20383a0e7f23117699d1eb069b10f1505bc86a0bc25f4ea966c",2022-12-23 21:57:26
,0x2Fae8A3ABaE29080dd8BDA71aeDE17A0Bfc52F9A,"0x1ca9ee7e60e73a65ae10774c7def0f90b35a044ee52938f689560d89156213d4",2022-12-23 21:58:07
,0x2F6a5252A0407470fc73692f1BdDb186b76C6318,"0x3d5788f2e11d2b89b377b989de6cada56d5b9f0c1c3710cec51d3816a7a43c3a",2022-12-23 21:58:33
,0x8bcB234Fe0c0dA597E94d307685BFD804bf4f9B8,"0xc57c8385f3cd3ece468709d6af8029ddf2e4bede7da7a343faec393db49927a6",2022-12-23 21:58:36
,0xF305612F2a6455Cb0C7DbF2fb9a34fd3a530476B,"0x9051119a1ae1b4bca3e8040b651fe68d48ce8a6907190543ea430c1e04d8d021",2022-12-23 21:58:51
,0x0d6AD6AfDd11124B0F49662eE238dC6d3128f44a,"0xbafd62e57756ff7097f1fd1f2823ef80b4b7e1a3a3d45ad67c5f49cdee68a561",2022-12-23 21:59:01
,0xB61062A17d0C88e13A3710CB0e507B5055aBBe79,"0xcdbe34e30e8d5f26d361cb8872470500f9b99236742508ae28ac42047cf1570c",2022-12-23 21:59:27
,0x4eAA3eE19ca172F520f1eC64A46B49007B581611,"0x25ebe4aabd0070a000fed6965cc6e2d89885104dfdf8367503ef45021cf77085",2022-12-23 21:59:49
,0xbD5316eA88Ad9F8d85919BFAD6355e6958569F32,"0x25f5ddfbd370159ae65f303a82b1c71be079295c06d5e75d5ded94fce22df199",2022-12-23 22:00:05
,0x23D8Bec13A84957574681A47B532e78D008bb473,"0xe650cbf2d3f5da7ff2db536245b818b85e193ee4330ca6e97764113d47a2be7e",2022-12-23 22:00:17
,0xE4BF501Aab7bCA6Dbc436Bc6cDB6A22Ed7B6520E,"0xe7dbc30db2cdd2b0ec410a286d877c65317e47d94f8c0eeb044b7b22185c3271",2022-12-23 22:00:30
,0xf0657Ff68b490f03Fdc02BF0828B9aa5f7a3F9A2,"0x2f3a053be5d136472da91d6fea3dda42bb98e11b3ee6ebb65757a6a38bcbd7b5",2022-12-23 22:00:36
,0x42f66197C2d30096786738405C95A1C6B6120364,"0x0bb92a326d7b680208d828c1d03ae1541c0c80466a71567aec84ee076df1d094",2022-12-23 22:00:48
,0x00ac6a5fb5cCFc18fC8Ee0793Cb7244de436821B,"0x1c3c7d01305986e6ff1cae3d16ac4232ba691e16a639c325b85c76f7f55bee3b",2022-12-23 22:01:00
,0x1eB94772e121507f900DE88e49D2AB42c424Dfe0,"0xb0694c66a04273c301f42142f81fc0748d48569e0b8b584d56736246b5b523bf",2022-12-23 22:01:27
,0x566eD08eAdce3665Ed6BC4939278319A4098e991,"0xa23c8a6781b3cc640c4e16569c9818102c78c791bbed6b317d8c0051854b6015",2022-12-23 22:01:37
,0xC30c66D0B69F579A45765F0BB981553BF6689fb7,"0x59a44fdf7b119bd149cd9631f2383ce7b39005fc19a9c4b90ec62c38a3c95626",2022-12-23 22:02:01
,0x1c045d2FC4b8a7F2e9F25507f4C1FaBCEaee3876,"0xa6d039a34a6ffb458d7773dc61d3bd820dfddac0492c9a20e0e8704f4638b122",2022-12-23 22:02:30
,0x412d0e1CceC512cbBaC6b597f7b3b91515b7A320,"0x943e4ff318b7b1bab0dd66950a28dfe05e235d236a27a2f993f5bd3d4cfe69ac",2022-12-23 22:02:50
,0x7d98257460B39B1A0723869A319430a2A571d6B5,"0x7bf988b8311a16a47679a91cc2fda93f985fa08ffbe404dd96644e12512c4a6a",2022-12-23 22:03:01
,0x8a6cACBcF5Ef1bF634c47eD7Aa52317dC21d6fb8,"0xefbbcb2f01638e703628e3233706a7a678b140b55e927e2b04a6012fc14de985",2022-12-23 22:03:18
,0x4F35433A7AD00F38595BE492791F4d7cC4dC1C2F,"0x9dd78d698ed68814633698020ad9d1ec3a0ca94d34ddbb94f5929264fa017c62",2022-12-23 22:03:31
,0xB8c49Ba4493780bCe5029A366130d0E63259e8b1,"0xd3b6d63ef81be2d0ce0a3a9e6372f5a24aa20e3788f23fb6838c5e63576fdaa9",2022-12-23 22:04:15
,0x26679A091C433281a37E6D54970Ac132b516dEEE,"0x65328ae287ce802c1181e1be913cdad6544b3ec3356eb26c1411fabeab708a20",2022-12-23 22:04:26
,0x58A957091b3177857A748BC56f53430832341DD9,"0x9e5753cada57da49ef2d8b264d032728796ac9246e5f7771d92596e44d0af84d",2022-12-23 22:05:25
,0x08c8E99086d086Ebf261761e16Cd645405e1A2ef,"0x306f649d1ae383c1634054d0479ae8439cd2423ad8b15ee070fbbe02beb3098d",2022-12-23 22:05:33
,0x821BD7c0e300556aa064415816110Af9DBcE9E61,"0xbf1ab0afe337c34aaab1dda5248918937731123280635383cb0c9d94a3e134ae",2022-12-23 22:05:56
,0x82BDd1439a544b19892C3FE63136eC7f2b747D11,"0xe59dc0e4ba4b639fdf2747134a855016feb4b23b1b848c940780d0f6d902ae24",2022-12-23 22:06:12
,0xd91D965Afd1608ac172c068dE1Ffd29EF0C2dAd2,"0x544451e08dd2d29defc954e3a2fe8be225bd311089c3f60604ae70eea2084710",2022-12-23 22:06:26
,0xF5058BC6e795Bc2fa78e1AE2Dfd59F1504e2923C,"0xb3c8837c9f6e1666fb9a8aba9b44f6e9285f4e94e95bd9d92bf29bdf9da446bf",2022-12-23 22:06:49
,0x36546a10e6A89A2fEcB56D66faACFb1ACfc4A252,"0x5c779686dd4e1471fddf8a489d0d49376d5eb961365973fae519be95a8b54568",2022-12-23 22:06:57
,0x71922FB0908F0F60840E4B64d1C6EcBE5848ad81,"0x58ce38f66c4dd75d638bf3941c45eaedeb3d6877e00474f1a7e34ed8ce9fa12a",2022-12-23 22:07:09
,0xfdD4ee5f89594281bD5BC6977f422DA5B0d9c5bB,"0x4a00169b528fef89b90a4f5ffc303a8f9d2d9e13e9e615bc60b72899a34eb32a",2022-12-23 22:09:51
,0xE1Bc1A7220E0209d411F3A03020634a00d1F2Bca,"0xabc45a8483a94192b45c5a585b738e9b6d136e55bb02dcc808a55e4c6a1c55e2",2022-12-23 22:09:51
,0x5116599dA4E574cE702bff50f49cAa84181b25c7,"0x5f4f3a37f797f4ea0f36c184bfac596e1d2b22f9a0f2566598b2fadb4ae056c9",2022-12-23 22:09:51
,0xe500A04F7Cd1B895f8051822dbC49F014d09abDA,"0xbac07380f58675dba734681bc94a439e99d215c0ef427d44ed712b1d065284e4",2022-12-23 22:09:51
,0xc74463C67a14D1FEB956F9E1c882e1a34196F152,"0xa576a27b3586bde9aef4e9bbab135a603c7bb75d627568194e5c01aaca162af3",2022-12-23 22:09:51
,0xa29455c55b6D222CeA2881e4C89E7353BCe47e5f,"0x0bd050b946663ad44bccb5867bef7cb6cea3e3cd7fc94e12e0094d672afecc74",2022-12-23 22:09:51
,0x80510551e11B39E3f5a8E388Cb34324f42585FaE,"0x58eee85cb7a73895d756b445703e177238fff272d16b2c4364ab071634558537",2022-12-23 22:09:52
,0xab449E61F1c02247289Cc6A45896fA6dc32B947f,"0x46c791e9d37b0b6c3a153bdc85cb3b7d0b8035a03800fbad5d89895571d24fe7",2022-12-23 22:09:52
,0x7f9FE2da645E1c53cf9F2e45f4cE861BE811A61B,"0x863c1eda780cb660e9af090c55005c22a3e6204a4805229f95e344bf9593be82",2022-12-23 22:09:52
,0xe4CAeE984A544687fa5369cb48E35D7Ea38931Fd,"0x59605eb639393f545480f03b9e43c930ed3e53e107d99648dc5a428655b07f50",2022-12-23 22:09:52
,0xa16F01d7012c07980c00e6904f42669DA3bCc58C,"0xfd4d0edf544d2c01bdf24dba4b460ffae5a5b01e3c05806d1991b6bd0eeb2903",2022-12-23 22:10:12
,0x4aDf0e038207aA1a100a3178fc78475B3d0a8D58,"0xe839125e46c1c30b6420598b548d4288913fb368a54ebcd8e47602cd30deec01",2022-12-23 22:10:25
,0xbC30F9B3EA4CE1C8840C1Ef66D399a4cB7eee771,"0x59ab6e80e83e0d2e8042023494f952e54d11c1745c3909b337df69dede5f1bd4",2022-12-23 22:10:56
,0x30D14a223A725FFAFB5a94f4A39d6778e21aEf49,"0xaa3b5fe7c2d9b5a66be4e18cc9756351cf74984cd70deb6d21ea1f0b3ec3de1b",2022-12-23 22:11:34
,0x071402680fd18D29B380B49a674aEbFd6E3C9Eef,"0x3f3569e9a623c3393219775265d131f60292a52c510646009f6e9f3a2407cb49",2022-12-23 22:11:49
,0x5984eA06585D4c3A2240519320521b6539c55cB0,"0xfcd4d42defdd2cdf1cc0e50c43ac91032f332a077b33b84f773a48df0eafa63e",2022-12-23 22:12:35
,0x3acd81E2EBde4d64f2309c953D23df4edb4a270C,"0xba76e261b600ac04900f18478be5038a5b3ee69b4e047ffc3c18cb0fc2055c44",2022-12-23 22:13:10
,0xBf30Bf92AA638Fc14C40dF089aB915a2877BD9A4,"0x52bdaee8fdda21322b35e3dd3eead6ea9012dbac465b661037f811cd0a7b279d",2022-12-23 22:13:30
,0x18CeD52405B257a25B857Cf8722E09Ba3FEabf70,"0x7489dde14f3ccf5585c02c8012bf409a6865ebb4cb1dc7ddd7c0cb91065e919f",2022-12-23 22:13:37
,0x84E374945E0be892066B13a929529a4bb6707d15,"0xaadfd4c94b0301b68d4400b92b23ebafbe7352c803e6fb5f3e2088543c73d464",2022-12-23 22:13:50
,0xD4E2B4CCCA25AD1D592008B6B5557aD51C06edD7,"0xfec646bc8ce8eb8622b23bf8ec881943e6aacc5b0ba50a5623838ea492ea6ef1",2022-12-23 22:14:15
,0xC84ae189930965F6dC78a5722Bf50bcB595fFf50,"0x5cc1f5a4019c2322decee5a8cf63f08ab30f6147449d2c77b7f0d652a71907de",2022-12-23 22:14:48
,0x0c1fA3298555A76D054f6A10e51FEFC716b83577,"0x2fc028070dde3f5bab9d2d085ca04e1ef8267a588d892fcc0f5582985f1f4651",2022-12-23 22:15:42
,0x7313c2F1A83e89669080333849bc3C034EA0d090,"0xbad130152b96170d27e28c3aeb8bd21549ad48573948f807c9081a419eb1a78a",2022-12-23 22:16:00
,0x2d5c8104e209764BDf3E309a3997D7Ec9fCb59CB,"0xe117031f070ef638763efdafbec5d7370643415b6b50c2ffcc5074ff1cf44b92",2022-12-23 22:16:15
,0x9F0893A48D0D9D7F8E3252632FF3049E5333E54b,"0xdeaa7eff3971b70080907d4fd3646923b79522a8278a6b76add189b8a0e0c0eb",2022-12-23 22:16:53
,0x807376CAF693F5782B8fc917f961eb657c9Dc1e6,"0x52cbbd4f4a16ea9b4cc8c5335df4bdc8cab59654592e9196b5aab5572f68c230",2022-12-23 22:17:13
,0xd9e277A139bE1c00112b9180b67956B21440b923,"0x40e52047977cb8206b269ce687f525423d8e66ea22e04723ed27c356a7061255",2022-12-23 22:17:29
,0xCd6b10B6E4401B6a67F477Eb3c9985da648ddc73,"0x42a4fb406a1dd3f6282a9d9d61743506f72591a628ba1726dbe66f56c99db6ab",2022-12-23 22:17:39
,0xdc22178b4E1F88786B639004dCfbEb8D09f0De9a,"0xc60a0b395d47a8a4a937fc2ca74ab85e7d919e9329369032671ef0bcd581f3cf",2022-12-23 22:17:53
,0xf129eB26A84C62D7E624EBefB199bEc0D8193318,"0x9b3dda1fba5df39dad12213529fdd5ddf1971720fda4039cf8b1e72598db5c2c",2022-12-23 22:18:09
,0x99C8224992cF03c1afF90031d7fEC8Dd2125bdec,"0xfcada56016a27d9deb129e1047e1db69373eadab7ec857988c3922b84f6cdddc",2022-12-23 22:18:20
,0x1668e5B86e20E5127C6a3573582Fd5f3820fD18b,"0x23b083eb024a945f1af93a2128c1dbe93ee8405d9a2e2a6bf600d4f98e0da0c8",2022-12-23 22:18:47
,0x709EbD3F816D8563A78FfD43b8A50cbe61ffBC89,"0xcc33dc8320f2ac07e21c2a95dacf4adb58a54913a84a4e1575c890395aebceef",2022-12-23 22:19:23
,0xdc426C856cb74313fb678566A973591282e5eA2b,"0x62e24501bf222e949c688ebe62bb6ab68652635212b1b9dcbed42bd51a963419",2022-12-23 22:19:46
,0xDCf97Ca672e233e0EB6445074BafE98097EB1F8d,"0x3b852f2c632b27696dc32fdb8754d6768925a2ec96ce796d521568c1cb315a3c",2022-12-23 22:20:16
,0x93DCe0C6200C0D1bb15B5714E2A86d70A0552638,"0x02e78fdb8db68077649e1e082d961371196194b6d41d5a2191fba229a61f884c",2022-12-23 22:20:48
,0xC1331432BAbDd7f7ffb79A063Afe88d556C52188,"0xc45147af1311b15e3c13bd18955baf7abd66a4946e8d92d672f1e88604e06890",2022-12-23 22:21:01
,0x0edDCAb95DFaeD60515d334Ecd98a78f0A2c3035,"0xebda4911d663e90abc693c2578c9423c6716b079d475a7a80088885ce855137b",2022-12-23 22:21:13
,0x9F39ABEB1352b1e0183b9C2ABE25E577Dc11D04a,"0x183829b61da3393806dad63609305a8a8b4e5acb265255d5574a093adf2a3dfd",2022-12-23 22:21:22
,0xd89ACc0629ff471EA5Ce7E721D5E51Ee3F221b89,"0x48a3e4a457a95667ccfb4d9b033406e8d251c2151e65c7a4bb7e8ef37032981a",2022-12-23 22:21:37
,0x76e84E27Ef530e4D807B09ef2b87c4fEE26f645B,"0xfe07fb156cf01ed75a012d76ae6a05be288abf07bf33263025fb5d50a7b7029a",2022-12-23 22:21:49
,0xFEc9B885C89D55EeE8A7C2fa36614f2afA50c2D3,"0xb20531e4ddcbe07e59cfe9120b8f4e62f357ef7cc4e1e70f0635d7bbf8a6547d",2022-12-23 22:22:29
,0x9E6711CF7E2283268b492C62EE90207bfFCD3845,"0xd19a9f28ef53ababe4e0469e600ea8101d3379adb3503f3fd5bda942508d17ac",2022-12-23 22:22:35
,0x37aA416289340B4A8823af89c8FcD43b2365b929,"0x9b5d42a9ff733f04b2ade6f5b2823adf33e57c5738cf1bc7d75712c334b60a5b",2022-12-23 22:23:13
,0xFDF93562018B804E048FCA6d4118D6E3C1F8BE8d,"0x7ddbcae5a16a636985b3a720f0dd6745914c8fb7e33529c196a1a54207737c60",2022-12-23 22:23:28
,0x16f9a9151aEAeA7a8d4549194CBAABB14a567d86,"0xd655b2876b0cf2d448cb45c0b2dc0229c74e905a348f68f95260ee5af0964e36",2022-12-23 22:23:48
,0xa73bbeCc804291e9F060b48b6eDf6a3313eE79Dc,"0x6d370b1383cc61b95e8184eda56420a5b2acf72b6e321018081ef6cbb89688a8",2022-12-23 22:24:15
,0xAb8Ed0FD027703c4936D908484fdF406b7AeB9b4,"0xb6714a64202e4aa8dc54e88c493c8857be012bbf6a7f8c63f8ceaccc183a917b",2022-12-23 22:24:28
,0x79473faD07E74Ba8f8Ef32e59a9B14Bb49dcDbf9,"0xe77765cd02669d4db9d4b4fa53d9186f6e38f6b68a55516c952d6bc42f5bbfcb",2022-12-23 22:24:50
,0x12511bA07faFC7348870E77fB68ea717D75f7c26,"0x1e0079d5be954870e78fdaca9384c02ec8046a8cd2f6afe356232f9102bdc6ca",2022-12-23 22:25:13
,0xdde64EEed29A9377f6D50e4ceE558dFe21C9D65C,"0xea3d2121d9ffdec47422342da9e8cb7981f73da8f7ae728412f0a02a49a3f92f",2022-12-23 22:25:38
,0x5b1467e97554Dd7fcBf15A5C3daE5471f3a1d60F,"0x4a8040c125abd64ab5564e5cb6cec12cedba7faea47ac3a78a420c83fa7f8ef1",2022-12-23 22:26:53
,0xDC4338803dC69E0DB5c644e99Fbe8eb010BDa80D,"0x9fbd514f6ae3c1abceece7c2fc2929d624625f71b5ce56a0d0208e7a7f5cdc5f",2022-12-23 22:26:59
,0xe39E997b9A3D0dc5eD4C5618E58dBAEae3B8b7b9,"0x3454a87dd395e115b6d7008226744952d919f052de63ecb93de90110b6440ecc",2022-12-23 22:27:23
,0x2F04F604A5222eA61b1775D3e1a0D94Ffbfa48e5,"0x81e8eb36add3ec70c43176132c5e976064039318f2858d262a34edf8b5aeb235",2022-12-23 22:27:47
,0xEa2B9B15C239106c69bd0FaCC19bC37fb56F4261,"0x5f8f768fede413ab56bf1b2e7117b483b0b896d80aadef54cf4b5cd22b6895aa",2022-12-23 22:27:57
,0xaFA771Ad73F2fed2D0C630B1F175b10d1f7697f0,"0x045d2412a8db8857de63d19d3e5214c56e8b8414fee92f48c9af10623409eff2",2022-12-23 22:28:11
,0xEB0CD506c2D454DC6f1053BEc66fD585e524D589,"0xfc881011d56e1fcbde8d5b3a4a7a7d0c09aec8f0f2ec7bd85f95732f296c9a50",2022-12-23 22:28:35
,0x07D0c64c1Eb105dc12D1498D817498b6025f8A51,"0x6b5c8b081db29e2ac667179f679c32b86f094a00b3c54d36e26848333053dfd1",2022-12-23 22:28:52
,0xac845c1A1Ee7f1030a0b19eC890328926ACEfc76,"0xd95510c04213288964ca82b01cddd17e7f13b91be31af1e935f83250efe8d896",2022-12-23 22:29:04
,0xE10ef27828D28819BbF442241757048C81994482,"0xfaaee37b767f8d09a98173cf294fbd490dcb2c2f76c0ae937173bef18902d135",2022-12-23 22:29:40
,0x0006007d9Fae174aF7aE49861030b632E0Dc8792,"0x5c4b0470ac3366953197cdf1eba5c593045821e88dd095a9ad8417b8ddbb4e73",2022-12-23 22:30:00
,0xfCb7f171A2f22070313876d3Ed4fC0Ce5cc14f99,"0x9ad9eae50415f52e8908aa57226a000c900223b95f2064a126ce3788557f952b",2022-12-23 22:30:14
,0xA63753083D437aFA57dF481c9b67daeA0031d274,"0x862367d9b706563d970740ad2806c2210513b5c00e67532281aa3635e9e7cc0e",2022-12-23 22:30:27
,0xa8dB471ef010DCAD9C857890A27c3C9848645002,"0x754a659a7f6e370ac9e8dc05cafcf6ae9ebaf3d545386cc5761040f6998e980d",2022-12-23 22:31:07
,0xCF73542c50bA7d97cAEb9f30f3F213B4568A1CCE,"0x41bcb7f408f87e36c19fe282193cce6e45f4ca54cde74b3ef670549dd04f50a6",2022-12-23 22:31:35
,0x7fc64C73B09743420BDc31f8785baD7a0A7C6e7b,"0x83cf41a6956abfef4873891f977f6790d2764154d41b47b41d1bb9683d675156",2022-12-23 22:31:49
,0xC8D27b48b6687C40bB53737b4f659DCc5579641a,"0xdf0922eb8df535932b60a4fe9fb27a804828cc23401a0bc57bb2fc47ec25fcb7",2022-12-23 22:32:02
,0x3701679e9e53f4D26334029bB0642Fbe3792044b,"0x5f5cda2ee44a415f592334a58177b672c1a83d4911e88aea25a4de90d5476cf8",2022-12-23 22:32:27
,0xfB91DebCC62D7b06675541c9f41D4C3ab684Dee0,"0xb1cea011ad58ade49bf0dcc9599b58c55f6fd31dd7ef127b6fb12e737fe648d1",2022-12-23 22:32:37
,0x3C5DF42B380491F8E2315a17Ca5F050a8BD1fb08,"0x8b822b8815fcf25db6cbb0ea065335bb3f5e505116fdb9064e99d071ab0194af",2022-12-23 22:32:49
,0xe026C56039335635B3b907EadFF8F410c44c3926,"0x3d2463fe6d162b69511ea153e806ea490d8d7166749a53c579696be42702721e",2022-12-23 22:33:46
,0x29bf7c0AE24cBd699475a7f3a5E7CfbF505C3378,"0x7938e98266e343f1dd70e3b36d64704df5621ec36eec7574d6ac1247ca5e55cd",2022-12-23 22:40:49
,0x1c910ef7C9DB5F2779fC7334F0118aB50A6B7F41,"0xf8ca4b388c9e403b0252574a874d5853220f6bb49777497b58ec7e159941607b",2022-12-23 22:40:49
,0x70aA79447035DDb21Ef7f0f4D34E7779367B72D5,"0x77d0dbf99ba2621754f036f936198d904602a590ecc466e1b86d0a4680b68390",2022-12-23 22:40:49
,0xA9fE049cBBaa784C1B6Dd3E34b029A07D63E6076,"0x5f2bf26a96d0e82f29b746d56cc150d8de059ab1ed5d9e7580189f9a77bd74f7",2022-12-23 22:40:49
,0xA7B38C2a54578220705d712be4E4dc6B42D4CF6B,"0xd51e8f0a1d555ab32aaac3fcb9aaeb85d29ba404ac99dc40dedd6854182e2ce3",2022-12-23 22:40:50
,0xe3e740C074B64f489b3c9970E6218410293F9477,"0x0d3a345917e6cb84421f9ef9ca97d28aa8e846ee40010fe1f274434da0e9b093",2022-12-23 22:40:50
,0xcfcDb29760eAF941A1AA92cEa3A15178127A65Ce,"0x4c7015aadc6cb46d4401ecc3c2b6192a324120a8fe6340f85a2ef61be24cb583",2022-12-23 22:40:50
,0x5cAF3Fd1a0Bf0F24b23932bbb6a394Ffe1b16eDD,"0xd595caa2a8b1cf920130add1fccf249c8743a8a93b7aac70f6a35dd552403011",2022-12-23 22:40:50
,0x6aACF7B53e37c5cAF91278bCc3a3B3f394724F84,"0xe107aa905f337ff36553fa01b16db0db3922c223e4c55b094b702ce4f067c248",2022-12-23 22:40:50
,0x2798572BbfabD90FB3e21ca76f13EF9fF76085d7,"0x01f1bfeea1fc9c6409072c54f28cb8b6e14d1954c2522361f3dc2ea5328a1bbe",2022-12-23 22:40:50
,0x8aa4FF0581f88052469E5C72132a7f6dD9D1fEC0,"0x903dbb7cdae0f78ba033bcd1393426d3b6c7e5615f35499db5f8b0fac5d8a3e1",2022-12-23 22:40:50
,0x459E89F6d7E46ca415967858391cA20c881d17Cf,"0xc4f3a8aad9e3148bee341e13869646e4c7df32171e6ae93241e88eb7abff7342",2022-12-23 22:40:50
,0x7fa97C0c51488D842db2CA693c2112ca887b98bc,"0xae132f18ffb4af36a197316ee6dcb720cdc5f1bad3a127c168b11514706f63e2",2022-12-23 22:40:50
,0xcFFefE7eC429483D2080d23F427f23525505db85,"0xd8fa2d62c515ace083aa0496d634e667ecf1d97c9b059fb8f26bf48cfd001faa",2022-12-23 22:40:51
,0x1492FFa74393A024de55c71FB2d37A6934633f50,"0x8b58f7228706dd482d887d22c2bcc9dbc4a853ca6808a1973222878176c5f598",2022-12-23 22:40:51
,0xA6fd4F1d9d615a1cF13B590c4b62d2e59dd595E4,"0x7c79f68a89f7cbbc7c239cfd973f7e6fccb86ecb5d9c809109142b9be178b8ef",2022-12-23 22:40:51
,0xC3950B4E51E296ef72983375efAdD3563eFab27E,"0x0ebc6d718a47232f9dcaa52092cf765c20e4af63d19e1fa72282088454b573a0",2022-12-23 22:40:51
,0x3e85aFE99fC96b025677963a02347fD65DBF47F6,"0x54c9dfd5dab9e31009ab3ad305f48eec741a8571e1b0a8c4ea07c123d533ba26",2022-12-23 22:40:51
,0x59e4daFFaE69a6C65C8947bc9499e67FbAfeC412,"0x315e59d74b9715113205feac42600fb75d02d14ea110b0840b9e6aaf1f8538b8",2022-12-23 22:40:52
,0xE96d78f7B7ceF2630b7BEcA26d7D49454981f60b,"0x6f56e93e26965568ada8249aca81ae69fe45242ca29415d0a10dcf606407c3ba",2022-12-23 22:41:03
,0x886a63355c8a935E60738F3c5ab490CDE26639d2,"0xc69fbcb3582406c86a21b696a9288e4da01c392e29386979c11b0a538c72ecd9",2022-12-23 22:41:24
,0x3Bb978f45c05068580F6F7c8b5a20C9BcD07A177,"0x4e54fe15fca83f0b1821f72d5ddf1ab204743bf507c29fcde59e7a090897a982",2022-12-23 22:41:55
,0xDc2D0400f53eE68A21969cB5492277af077FD34c,"0x6ace2d32c43243e645caa8bd7a89fdaad7e892a7982609b86cfe5370f4dae29e",2022-12-23 22:42:02
,0x5050713562665C487bC76Eb9cA32f486CaAC9DF8,"0x7c3cb2c1f6b7cf7a3edbf1206388502ecc137193bace519c7b22519b4581f075",2022-12-23 22:42:38
,0xA38634c68D91B5666Cc0a7EB7744a1320D68594b,"0xd6a3e46045ec5639fd93682fb5502a76bbbcffea1e372ace20d9c50940ed5a9b",2022-12-23 22:43:01
,0x24Fc2842F495A89359220B8F49dBdF4445058a04,"0x9cb907a935f7c4e40e9e67ee28cf416fcf382ba76e89c83ebb8c09a42a3b39b7",2022-12-23 22:43:26
,0x525bFdf987B8B274788aD0a3b239B32fE8B22c02,"0xc7578bb698ffda31db7a938078666335a9bb711b459ca27a71e8a160f911cf0b",2022-12-23 22:43:37
,0x41EC66c5D5D309414FECB9457388DC6428710416,"0x733ea50a393d99638f4f90552515dad2fdb10314ce810a47a2fba25b6b6aea1d",2022-12-23 22:43:48
,0xbB730b96E45e2afE750eBaDdF7D294100DA1160f,"0xf76f1fa9ba502938e4b878d360e981537eecdca6e98f54a91a2393e4ee50e7d5",2022-12-23 22:44:02
,0x4F362D16509ce89cc8B7c0e788ce3fb324011874,"0xec6f075916d47d84428c015094fa2c4956ccbce8734ce1a83a49c1127a6723c9",2022-12-23 22:44:41
,0x4E74073A483Fc17c81429708EC39DB3beF47c743,"0xaecb1ea1c9be841b2f5a45d5e80f502afcc3b4e97b85fd2ca10ba1de9d6f0354",2022-12-23 22:44:41
,0xc5df0aCfc04D092E6589c615bF6f94909c37c814,"0xb9f34bfc2db802d4690f6d8e3aa31fc4cea268ab72eda715c1a6b6d47a0606e2",2022-12-23 22:44:50
,0x1807411aa8CDE98d9FB4C80CF1c4b95803483AaE,"0xa85a9a7eb8d9457d7fa920559843c4cb214eefd0813fcefc1218bcf99b3d40a2",2022-12-23 22:45:00
,0x053C9c9099f19BA3Eef1597F13E19A77b59348Dd,"0xb2376196ffc28a9dccb4de0fc2ca377e38ec2eb82c82c7b075bb9e0d59353efa",2022-12-23 22:45:15
,0x551Af6Ca2cC494A96676Eb22cab3956b2e0bdA6b,"0x0d4ae5eea85c7a80e8c5245e24a37bcd3ed58bb3cba36b4944502935d4286130",2022-12-23 22:45:25
,0x811c307B1932dd4AC6321610af857d9c4142Ce6a,"0x7eb771559d6090c73134b3b4fed041a22298b03851fc9623be834c767eb41633",2022-12-23 22:45:49
,0x5C1C806F81FB1Afd586e1965f0a5ebadB3177D84,"0xb1d27c49f6d24a01bd05060cdf4fd130faa8dc060db5a8e444437fdf78f9cd6e",2022-12-23 22:46:12
,0x1A0B4ca2a161518bdC084DA8Eddbe87032241DaD,"0x0351ca4a315747d08eb1f84c5dc76251c392c92e9470556314339cf505247753",2022-12-23 22:47:26
,0x7Ca6Ec986Fc30a92993090091da3c478a441C699,"0xd83a9b85369cba5894f902fd096980bb395ba4f32b2c00b95063febda9dc405d",2022-12-23 22:47:37
,0x3e08163dB85e95E9D4DF8d2328b02383cB6244d2,"0xeb5ace8b9294ffa7807368527a7e1f4dcb18d878a07c54e392ff9256d7bddd9c",2022-12-23 22:48:02
,0x0062634d7a7FafcD3e743975dA4742b6D62F6346,"0x669707cabb1e4fab17be25a659b8c9c49012654df44ddac933e0ce7d73608c96",2022-12-23 22:48:54
,0xb73950b501878C1A9B0b31DcBa58C7E3020DAbfa,"0x6a27011a6f944405124b27182df08f0faf6561a619b9ac1b2927e33264ad9ceb",2022-12-23 22:50:00
,0xD75efEBA669ab98E720f60F31F4652E90000781b,"0x2ced8fea23ccb30afd8a625681241b739667d1c0f20e27669d0d739177bc9ce4",2022-12-23 22:50:23
,0x2ADD2493BAB33d0D2634f609108E1Bf9dC1DDC76,"0xb9b2e4592ac047345f28c7a7622c7071f24c6a24958cfd22c687e9c124353791",2022-12-23 22:51:49
,0xD53B1442A68A9EA593D10BcF6bDD6221F82Ef121,"0x45507a737ce36b2059f5578b050d2d5a9ce0062522e5643e678ce2b7288578eb",2022-12-23 22:52:27
,0xB30b2CF4CE4Cb404bd2fAe71656D45AbdeB74AAF,"0x879e23ccdb46a72a5244074ea06603337b1c83cf9e667fc4a4cd77d6dffbeefa",2022-12-23 22:53:05
,0x30180Df05876aa610713e9f487f5256184e10387,"0x3cfdee0195d17956429690a64ce77e9f9fe0911a9e8ec9e22d179af5ae20bb1b",2022-12-23 22:53:26
,0xf3a7B6E475e616b97b78377CAafBD62681d07345,"0x50b10453d1008bff170bc1754651180ea4a58567ac0b129191d5b280a23fb6ae",2022-12-23 22:53:35
,0xe057Ba9228A0441580e9a2c1d413399070034A8d,"0xae6856b476ea0c8230b8740a77c7e578d4ba8bf307a48775c8e1527d19857c89",2022-12-23 22:54:16
,0x7d10AC77Ea0b04C135da424e19A73348586870be,"0x9d6ec442a5550fc6532a99c0618edcca0de2e743af8df36eefe2824b5138d778",2022-12-23 22:55:06
,0xBca97aEed8f59668CCf5620624E4e5b460398f74,"0xe2150d8f2f17e205016be453876dcc01b46df287826222e0965eef3d8c87c087",2022-12-23 22:55:39
,0x5875d73753BaAD76e6626E40BE260e6bae6536b6,"0xb3f06498d2c33afd4152292e6ef6a58ae5bc14d994cfed21a814aebfd69ef008",2022-12-23 22:55:40
,0x97dAD029ab916659e93D00Cab1d00a4625cE8Ae8,"0x29825758232d62371ba5cd28ab375afe3b8fc9e197540bc2a9ace6330324fe04",2022-12-23 22:55:41
,0x20caA356ed6BF3D081696eEf4C92eCAF524acD81,"0x227a5784d27fab14df4324120cac3cbd8850d615e3d7621a977e4a68d7428a16",2022-12-23 22:56:02
,0x8592d830434fe6991Eae1a60C68976ae63820a46,"0x2f9a81e1d1f8da1e00d0119806c8e0fd58d4a85814fc95fd4d80134b5cd535ae",2022-12-23 22:57:12
,0x0610D7cA0740F43FC4ff7632dc3543762B15f673,"0x4a29e094db79e3a37a87a2c33ab751c3a9988274ccf9d9583991aca245fabcc5",2022-12-23 22:57:49
,0xA340EA95e7a3BAC5D6bFCAb9AB4968EC482CF872,"0xf1daa17ddbefb1b94bb35671092c536d507acce804765022fd36b963c5332ed5",2022-12-23 22:58:03
,0x93EEe87Fd146d44Dc789632ef46D6e104Ad6bEDB,"0xfe472ff8a35e69537c323c4396a701dd6110a2bf787f880dcd840c67fbbc21e6",2022-12-23 22:58:26
,0xEF7dD3e5469e4EDEb4652C37e7f711bCAA2b06BB,"0x027bfdc7944e655e641aceda4eefa373098aa0698dfb1e3b95f8c6ff52f8c185",2022-12-23 22:58:39
,0x11765914B754FBC526B0F4c62cAdb2465189bA9d,"0x34d56e155077445b95bb7d3cd7eb30672829dea6e65ec4e48ee75acecd4a1347",2022-12-23 22:59:25
,0x73A35D14f4435653dFf3513eABeD7c25fEDf68f4,"0x319391283dcbf35a6ea603573d78082367e1df5ab9a6cd1b2cb3652b35b8e81f",2022-12-23 22:59:39
,0x3377104F37FEa8DB13e12a2c6F5945A6c468A243,"0xf672b8836fd11682af7b06b0c566680a1f23013799634725d0fb3e0f7252141f",2022-12-23 23:00:17
,0x578Fa770A08FDF2560AC0490591132100247DBC6,"0x7bdcf1bdf8f100f84ad0b87b0926c30aab8f37815ce8d25505916f76930358f6",2022-12-23 23:00:37
,0xE1f191d38459c0bE3e41f3cDde16Ee16cE8ABFCd,"0xd7b633eec556e2f817040c4e084933dfd451ffcd6d7ae56e1bb80d7d60824669",2022-12-23 23:04:39
,0xD48c4b451cb00F6F364De6Fe4b277795ceE8c472,"0xbabd07df3a084a802a28c5e103d3b71037044cfa00921d8f47b2af75345eeff3",2022-12-23 23:04:51
,0xac48D2247B5F5b8a15D4152d827BfAd161C811cd,"0x2896bcc7345bf1b0f568394579412a6708e1a57e05d1ecd8f9edfcb8b940a857",2022-12-23 23:05:01
,0x6A93930b50c927aa50E1A7B9eF84548F99fD9d00,"0x98bc95584ef865d57cace2cac221395f18b5075ff817f53322bd2ad1bb16c27f",2022-12-23 23:05:25
,0xc00150e8D9039683670ACE148Efa511ccAE79150,"0xcb90fe1b05c59c04edc6f6c8a9093e6be54665cf2240890c406e63d1d4d06d2f",2022-12-23 23:06:06
,0x707827c45AbeaE7905C869Fc15D42197ec93111c,"0x455b173e3f65654d417f2a03922b0a37fd56db64a9c8a642d61c81dc0ae18a6c",2022-12-23 23:07:38
,0x9CdBDfcDF575bac806f9280f90E50680eacc8375,"0x0541eae2a63be4565997788cb6ae86e54c036b69a2ee90ef820bf0c781d86efd",2022-12-23 23:08:41
,0x9c2a677Ed20A64bCA7cB6f74C49a37Cfc61b0bD0,"0x6e8343d49754e3a0f0b42a3ee919df879d62d812902cd5583fc6f2f792819d2f",2022-12-23 23:08:44
,0x766A81a638ebA3e9B7187EBE1216748a02bF1d05,"0xd450837f7fcfe54e30c77a7cf796305ff6e11b68e19e9f91896eb5f0af64c81c",2022-12-23 23:09:13
,0x6B2B237A851409fDDADF70BC6Fe05418D1EDba8F,"0x410218f1d26868653dd1ed69f07bd70ac0d6267bec28bb835fa3d5ec2feebe2c",2022-12-23 23:10:40
,0x56f13Ac5221d48A023D2EB1a06aFF1B0F664D3F0,"0x03240b6095edc7420276f4b5bfd6cd966ade228eaef99050fa9b02003775fa5e",2022-12-23 23:11:13
,0x13153F3F7BaFA37C2Eb5176001387a55Ee22FCd8,"0x4f24c015fb033c547e7fb9c6587403a6c2fbc59c3039802816e17ea11bbceb96",2022-12-23 23:20:09
,0x32b64bDe56eDbfFbc10d5187800Dd417F70FD013,"0xd5943d41af1e8b1c39a9a5422c5d2835900f1e20f1e464309291d3e5034cc773",2022-12-23 23:20:09
,0xdf195ecf478065d22Aa3D5Fae5f46E73915748B7,"0x82eb5fef06c31dc04c3b43e4a4dac585e7ec506fd3430372b64ffdac42ea8d0b",2022-12-23 23:20:09
,0x121335FE88169Bf2741DbDf4Fc4A57bf83AbA5Fd,"0xbc3af7d4e0e76b9be3c6385574020dd6b58553a3a285cdddfe950316140a9190",2022-12-23 23:20:09
,0x13E1010e0888EaD0352aD7c5a974d18C29B1A27e,"0x192a7a698c277f28ee7389d7c65034db742432989828a456a8560cd6d2b6d1b2",2022-12-23 23:20:09
,0x6C9d44617Bb94bE9bEF182a124300A6076f173aC,"0x5155e478766c20b36de90f0cfe0f0993239562dfb34640ff94696d5905bcba4e",2022-12-23 23:20:09
,0x6b0fF2d5a4d7D6FD114c752D01497c10edA18bEe,"0x8b3f91c101366c1184b046a778d91c601f2b074c743c5e4c7f25adadd0172b0e",2022-12-23 23:20:09
,0xf6546F3368B9e1b3Aa1a1Ae4D8B5135AdeE70343,"0x94382be4f7c7efe6a8f65123f358419167b6dbb2cd6e45353a88709be98ce557",2022-12-23 23:20:10
,0xa7541e244f19E179c8b58f12CF30322CAd819014,"0x884aa2b8604b9e1f4b81d9736544472b880ca8fb0d6866bd69249d4568d78325",2022-12-23 23:20:10
,0x4A45608024cF2B7c77472fBfE90fb9dd1ECE9e1a,"0x248c8c5b0850bf0bcbd6c215facfcb5335675699cdca7f1b38203b1cd77e5d6e",2022-12-23 23:20:10
,0x6C84754889bEC91398c4790f95348fA2BB6E22c7,"0x2844bd5a7ab03a5f4e32e44cffa81f7860b0c80a59604195794a2dbed6ec7aa7",2022-12-23 23:20:10
,0xB1b96798658B7E599c63f3Be789Af28303CBD0FE,"0xa727a2cb2c353a9248755544d0b9f8a6b8ee3d3cd9e451134cdb029e6ca96953",2022-12-23 23:28:46
,0x6ef561416701855b5DaCfc10Ac9792a7E12AD220,"0xaf7449057c7078725d4115f0689f4b9545a509f4d08a8317100de4e4afd2940b",2022-12-23 23:28:59
,0x4fE7b1DC385eFc487569939F1102750Ed3d813bA,"0xcc47ded93e492876e01e8a5d072a7218de116821ada5c556de6a3d1f84b79974",2022-12-23 23:29:09
,0x13E898418D299B6A1f79a36f74cd29505F424373,"0xde68e324d1d309f4777e463b4c974a52f4f014591693bfa7701f5af73dff9e50",2022-12-23 23:29:56
,0x0ffBE4e75995cfEA41044576e7f4Fde62D6a9251,"0x39a4e2affba6b9fa7b4ed654fece05feb1ea9215c9b1108ca6a5d10066761937",2022-12-23 23:30:37
,0xc675459579CD8852Bc05C627Fbe8AD8A1eB5843C,"0x80c5e6791fe83a2f336b9f0fedb819b6233e0d6e7eea4e6c816a2fd7794947e4",2022-12-23 23:30:48
,0xE997Df465e417aFd634A1D8720D30C3D36cAE0Ed,"0x9be36fa49871ec1aadb6c613ad6d3c73d60d75eb22146935ca0109c951f01539",2022-12-23 23:31:21
,0x6950c41bfFB924fb937ab86e4Bf951E15DF619AF,"0x17df6f7f5505cd2faa9388e00647ba4666c38fcd1d0bdbd6b65acab6d4989da8",2022-12-23 23:31:46
,0x5dBaeae3f3b4245548a38D4cB8aa267FE15E7772,"0x0f1a1610d6cf7a9977b4aafa67d3f21e6c9b51af2c7a5766d899b79060b34094",2022-12-23 23:33:41
,0x19Cf197C7F4394aD9C48fbE5FB08d13d3c2BE987,"0x104eb8c20b7e3770a7fbc13271fa919c0713b64b5f3067f610f3b848f076b4f7",2022-12-23 23:34:12
,0x5c064d4384Ac2aEdAEbBe05E0ce99B3CD1Dcb7b3,"0xf87849d57e83d2d3b8690b9c7a6cadb1c6db202eddc805ac47c9389a093c17a2",2022-12-23 23:34:52
,0x100EB0De8A627277aDE208021d2cc3b492D03543,"0x5380c4fc55f92462e2f60e3b21d4c7b37396c2a3fadcc94114e1715307411472",2022-12-23 23:35:08
,0x4b48677Fb2Ad85E40a8e2f9fee7bCeBf1bD270Aa,"0x5423b4deaac4aeb2927519c9a75871aae6176821d4758c7d85382937de0225fc",2022-12-23 23:35:14
,0xCE2849545De686d4B5B22cA348bBA4c4E6FB1a41,"0xddc442251b0e77f4237dc15630be6abb65828797a040778133c5c45bc6182dd0",2022-12-23 23:35:26
