,0x8a1C2aB6d96D45255bC4000de5D08a5b8293C686,"0x2ea1921aaa1d47b486cfbe313a350eee4b11aa1665ad995a066e2d48a6858ed2",2023-01-26 16:16:33
,0xe1d29ef283fE83b6D232eA49Ec91089E6F509109,"0x2a5f2d3ba5c26d26c9ba8915a3df9a173a8da801acae3bc60b50d1d26bce354c",2023-01-26 16:35:36
,0xd4C09029a201Ba47a2Dc5E8d5241b06E65E33292,"0xe2172066f057931d9aeae783c5a12c6caf5846c1b82c18349cf9a67dcfd6898f",2023-01-26 16:48:37
,0x2ecFB435103aef435d1F75222Bf0d865Ca82162D,"0xa2f31589e7939d06bb710dee857e2db25502e3da4391728d7b601dc486928d4b",2023-01-26 16:49:50
,0xfCf78F95aBD57E7dBDec6fF2A36B9083728Ad257,"0xf0d4154a358fc0612b5341c78a35da0471b9b5a2168d5d7d5aed7df743e11b2d",2023-01-26 16:51:53
,0xC36F77c91809F9C952AcA91347459b9B3d4BAB2f,"0x75310528373348fd62ee3006e0ac50fcb6c8602b7777cc7a73b55c908e4dfb5c",2023-01-26 16:52:56
,0x5d62cb7d3D2b5109A863d3A955013f02AaFd0CaD,"0x62365767d8b7aef1b5d35e4eeb98650f156875bd169f0321d639823caf691874",2023-01-26 16:53:53
,0xF6A588979980DbdCbF3F711e43127e174B074f6D,"0x1e85f54bf5f8772e5d4285a8c3e979aa493ce93011c417a6cac2041301cecda6",2023-01-26 16:54:50
,0x20Cf00037674C4084804e894930d38D08D9b403b,"0xe5678d8c951db2b21b0fa8e5716a2f8eb666bbfcec4b26614e5e08a26e749fe3",2023-01-26 16:55:49
,0x2869e2e0eF380F88326e0dE024fEb1224b297126,"0x4825e2d3f2626d63bc78daa6fa4b24ccf63deae5964a3877c450485118f05d6e",2023-01-26 16:57:56
,0xe3B05900C4Bb4DBccfa90908657E99904780dB7A,"0x08b32af2dc6b55b28e3a328a02561f371afd420976788e8dd8ebf91e98e37a81",2023-01-26 16:58:50
,0xbAA3D2273aF0CA5b9A063e51D955ca747A2b17d6,"0x905683e720d14a4f4555fb35153c55a6cc7a099c748312cb52de6d0b159c2d14",2023-01-26 16:59:51
,0x18c9Bd00C889fC4DdCaf0202ecAC79B671D5EFf1,"0xcd40622116ed7eb7c12e9f531d83a3f7f449509975cb1f45d724cd3dab3e9a98",2023-01-26 17:02:53
,0xE34BAC02528E2E60403D6D531d24984165412aB3,"0x216299dd8c44764c32e06163a8943183e5da2a89ce97a15250dcf9089ddb5396",2023-01-26 17:03:52
,0x6667bF5aae88E2c5169Ee3D8f8Cb4C978090873c,"0x1c0958a9f3d9ff661778057bf6856d674af118f6284b4a3ec0a702d88271aac2",2023-01-26 17:04:53
,0x15f0d41C304c6De38f8cf27763a40f093e054Da7,"0x260b67761c343dbc34298f4a59af09cad72680c1184730e7d71c8b0c226d7283",2023-01-26 17:05:51
,0xC9893d6bAa21fFBDb60bFffc91e65404dBDc3396,"0x0c88e3dcd985c12a32d0166a9acb9dd4907928d445c59d640375bd111d299673",2023-01-26 17:06:54
,0x5f721275EeA625b39b69E236067f9BAC0eFB6C3C,"0x7213bb701746fa50b29b3abe2ad9ba361ee1d57afb57e8674219355b3b91d043",2023-01-26 17:07:50
,0x92D83a3e0dd7fe5A5e7D2A5da4F4ad337639bD9F,"0xa5a56f1968e08358bbae2d625c1bc5b428604236cec1bc38d414f1d1c11f04c9",2023-01-26 17:08:50
,0x7e78734C9F8CEfD5744f755443758281576420b8,"0x12bf14058325d3be7a7ed307dca543b439afb40b127461a1f94a3b0ae9e779e1",2023-01-26 17:09:53
,0x7cb7570d3513F0a4a24363F8685B279f98A450fa,"0xa0f096e994e5204fdaf0b1da2e61320b6f754cd2e1cb178e5f79ee394a7fa192",2023-01-26 17:10:54
,0x6494dB10460388A12676f6aeCc3a504bfEd0B083,"0x628551fc301b1fe97ea14c21d45d67da71c2d2bcd52fb66be5b80ea2b348524b",2023-01-26 17:11:54
,0xefA31ebdac03d5F651E725E8c6f5433980b439D6,"0x34088b6801aa19ee50570df4ea32c526d1e3ce60959976940b3bc27fa2b5d229",2023-01-26 17:12:51
