,0x6e01F4ac30e55Ad30b402BbD8c719793732f9842,"0x92cfa8b340940b23f09a36afb47a1cb46d6db5bf29550f8cfb3a6d97aaa7a520",2022-12-22 19:35:59,0xA317EE939ad5D2F9B459D0b4B25dC41D125e5B25,"0x6912d38ec7660275528792ebc5a973714b5dd9762f2a966218b7f1d80007418b",2022-12-22 19:37:00,0x9Cd32FBf28775F030d0Ec9E5DcA6af173814CAf7,"0xec3b18be72135916007264c123a897bbf7bd51005e925b4a4aeb26005987133f",2022-12-22 19:38:02,0x284D53F2cC5E071A21c6098a49cae4Ea61643A34,"0x0ff530d0c5698edd5b5f4e6fb20c9b252ec66cb654fcb8a6bb9cc7b9f97e855a",2022-12-22 19:39:03,0x78469994c71B4813C0152Eb963297CDf716CfF48,"0xb8865db0a3cd0d961d95ff627e83603483328328b993237648da78f740bae609",2022-12-22 19:40:00,0x8aA8046a78f13d4bF60590990f6432458F56556A,"0xcb03b36cb875e080c774641dbe5e2a7df42d34a052881d9c629d85eeec01ad8c",2022-12-22 19:41:01,0xeD8Fed2dA736d6EEe3C3990e987E482227BE26c7,"0x719448f406c0f405f62dd224c5766bf96bf7e2a571a22db935c365ee3ce4b7e7",2022-12-22 19:42:02,0x80CF6244BE40ED66CD0e1937b4F7EFC6Eb63154a,"0x585c54d7c739ded81c1c47e88dcd26a5a92fcc542ef823298e55d51967395008",2022-12-22 19:43:04,0xCd6A0c2EfA6a61Ced765dF49a845B5941db98C32,"0xb34644a253e98dd9bde94ee2f075f34e6462e89739b60c02c1db6d354c786e5c",2022-12-22 19:44:03,0x9e5701D496AD8e6E9eC7Db88F3186b9dE8E06d4d,"0x4971e9f89a65ab452d8638f9387a358a12a9b90187ee3f1f59c28bbc4a1e962a",2022-12-22 19:45:00,0x24581Ccc2463C674D58f7b4cA361206BC6F926Ba,"0x5969f666a4b14f5d95245896fcb99e4b2542c2e50c478ca83a55611fd07bb8f2",2022-12-22 19:46:03,0xc92D641147AF6172928A39f76D5A9CeDd212D5A5,"0xdc6515a3259f5c37c64b062dee5396d43945a8454098cb7091b2a3744f4c292b",2022-12-22 19:47:02,0xddec8987410c2A39f0c461BB14A833ba220f0822,"0xeff4216430915a5d15b566619160986b4d90239d3a45fa8d7d5b52857f73cec3",2022-12-22 19:48:00,0x3D34F4C4320262694Ebd4ec0D27AdA6ff6AF171a,"0x092a0b697fb950273fdb1f3b8f9c55d00e7bbf6c2e60ea57cb0d007c572336da",2022-12-22 19:49:00,0x088f9aE3a351F19fC7C777CcA448C6232BCE0dEa,"0x053e199c0aba90b0858beef9a686ce840c29fd63f4aa9edd386411201b4c7f58",2022-12-22 19:50:00,0x10D4cF1aA806ff172694b9B46ddFb26831007B40,"0xb1536cdb03542a13cba99cecd44ecfceaf42fad2fd855e95ce1c5f5fe5662a12",2022-12-22 19:51:01,0xCc1826AD21E417c36Cce1D10D326e80D50351c3b,"0x2e80272f9e151bcc2759a78bb0ef0323c2717422b327730755288bca721a7868",2022-12-22 19:52:03,0xdf25d5087cc7006BDc041d347D74774b0893DEb4,"0xc9020b1517aa068f8ffe331022c56994e83ae0c7b665fc4d15bbd753b64209be",2022-12-22 19:53:01,0xf3005CE9aB7c69DaAe7Fa0C7151c4C8328e74c01,"0xdc2211ed7250b0a1cf9754d631f9be25b3b3dae61d30fd049cdd770f9eaee041",2022-12-22 19:54:02,0x87CB4e78A70928369C248E2Df23CA8a23bB1cf71,"0x19eac918450275089a10ff7bcc8973f2f720adf6320fe805ac92b81c3ff5b9e3",2022-12-22 19:55:05,0x0Ce99545755167b415fA18A391Dd8a9EaFC95389,"0xe8c3ebe82e076fa100a6b3e9202c51558c31b1e1f051580e7ce94a37666390e8",2022-12-22 19:56:06,0x7AC9D2990D1DDCf66823Ab138a31443E105F92ff,"0x44a7bb858e5471987abeaeafcff15a3e015afc882da086132e79226019a0cd7f",2022-12-22 19:57:04,0x26cce03384fa52626C486c9c815135dF91034be7,"0x1ad8bb336e9df542475e7a070bdc66d45c6c6de082207c2b7881ce053a154fce",2022-12-22 19:58:05,0x4D0C956f2Dd65850C2a7053248069c0762Bd9845,"0x85485fc2611a3ae9f88e917c8e2dc3108c2ff6e83edf3ce52a983509d2920739",2022-12-22 19:59:06,0x5B2f44029D0C294C4dC4c984B985f9E46B0a6Fb8,"0xa2f2227c12a08fee3756c192eca0ec733db94daf631aa513819f9b9f2847c839",2022-12-22 20:00:09,0x23F6F896C74cD5feb0409ED1c190457f8a86f9ef,"0xbd349ebef026ea32e623bb692b716c9482318ec55b5f2336fab36b58562fa405",2022-12-22 20:01:52
,0xFad027e2bEeF712Df6F237450512389375dDD4A8,"0x126fb1d1c32da1cf96b8aae888fa5ab4286c8133545dbfda78e837279d9ef787",2022-12-22 20:02:54
,0xFdAa28C2772FEA0990C5E462aBC75af71E7ed6aA,"0xcc676f8dccb613dc57d9e8d15142006ea12f73e757593a035c00086aef3a7eb6",2022-12-22 20:03:52
,0x3D34F4C4320262694Ebd4ec0D27AdA6ff6AF171a,False,2022-12-22 20:04:27
,0xF83BE60c0574A53164cc5d4Cc454293FAd2dB975,"0xb017e369943600e9d581b182bd1cdfa782a866ddfcd308f47a9e508492ad2fb7",2022-12-22 20:05:29
,0x27c8Ace05E4C964E59527B3842c3Cd9f48C6D37b,"0x42a56ab6ee0ec9de9ad65e00dd39ef02fa0a3e2edad367bd289785136189b070",2022-12-22 20:06:27
,0xB42fC7d0643C82eff72A5F73bEe67fD72a0b7f79,"0xd5d3efb80dcab911ab06056eb1879b026a651f7dad24a2ff6f75ab8f94698aa3",2022-12-22 20:07:28
,0xcfA7A9D400c2C378792F403b679812E47b51A281,"0x1a521d80b63d52a96eab164d600f829f32242807cfebaedba1273bf8950d6875",2022-12-22 20:08:29
,0xa4eD782F8af74e7B4f331CA4D78c4fc5fea7484c,"0x66cfe8e233bded6688e04486cc0b8ab0155dce0a2cbc3f3c8b591741afbb8fde",2022-12-22 20:09:25
,0x799eC0dD10D680d6d7F80Fd6b6e350DB144acfA6,"0xbf2e239c7259215913808e4147827dc280233460bbc634f6331f788665b5f557",2022-12-22 20:10:24
,0x556d4F5910aB7f66B1e236aFE6e199Bd7306F02a,"0xa50b4198537b6992ed3fe9763055677778b39a47c0740d04174fac0ded663720",2022-12-22 20:11:27
,0xCc4F69145686Df77C6d84D3C006bc9bbfDD3EA55,"0x8fff672ad8db8ead70ea3aa3577b30da005906e072b0926aab89413119a0a0e2",2022-12-22 20:12:26
,0x121AcBCf14608064bB7f035C727E802779dfBE26,"0x01985b9b4589d5a62841b3b01b37e19f95468f27efb3a52559386389b7662213",2022-12-22 20:13:26
,0xcEfF48b12d1fa1802123afF832ac67a72BfCBfb0,"0xdbba94590871cc645b08139d012bd635cde6c8c79215d603145e1e1b8a6f7bcc",2022-12-22 20:14:28
,0xCe8751396a6fEEB38bAB0783f13db83006a236f4,"0xac3d58dbf889941183a6d96c8a4e9a9ecbf19b31bb5e6a078ed1e77821f921db",2022-12-22 20:15:30
,0x21AB4E041226621442d6813688E25c876cF639A6,"0x636ce7a0d5f126dc5876ae1778dfb6d4bcaf2b18f17f1c160fe80d37eda3cde2",2022-12-22 20:16:33
,0xd002bd773044689eCc6d6C19dE1cCfA1d1aB67Ee,"0xb8548d2b752dd52941aa40a601dbcd4c30097811d5d96afc219a3a6426a07be6",2022-12-22 20:17:31
,0xc74Ebd2C8828905dbBE23E8bD302eCE1DeD80dd6,"0x9175c65b4f8a84eaa2c3841d46aaac4bb7ba25302269d78563b4c5c649bdbf4a",2022-12-22 20:18:32
,0x2DCa6e688c3bb65b7673f160eC177C43A4FA73dB,"0x79e53c9cfd640e103539092a3827037eea00349bde887f26e5ddfaf223f36fab",2022-12-22 20:19:35
,0x0903c1A53569705eED447F981a98321537C5D328,"0xe182ec05a043d2407cb09ecc0f22fb250bd0aecc00adc31536ed55b5aa458951",2022-12-22 20:20:36
,0xd0374B41CbD228385772112Ad14779A72137D7D2,"0x487836114812151356b75a8fef38f2e47644c4c318791ce238154865ddb5e0a1",2022-12-22 20:21:36
,0xBD1431f81Ac7eda0650E0753eAC0528e4461660f,"0xf47047ef2c757e538b946ca2f86bec1eff364efba17ef31c63807c64195229c1",2022-12-22 20:22:36
,0x54EC44d69a5b08d674d2053925A34A93d0875A3D,"0xe2ea618fbbf1372e2ae841905c4131253c247b37043fe669ae7c864f34d5d476",2022-12-22 20:23:37
,0x8D8E4FA7c7EA9AB5B061A5b7fb83dd763311836b,"0xb58f48a85a5cba5328a461753ddb55da720e3be8c679a64aa1fd7f8c6b8b45b6",2022-12-22 20:24:36
,0x08ABd2fd3C3d73B8f5D92fFF1925dCe3Ddd21606,"0xc8c95656495d9c33b0238b20b3fa0036c02fd437cb98e423ef3db1f91adc76b8",2022-12-22 20:25:37
,0x3e3EE77e08C6c6384529495F4047d9eB83C3FBe7,"0x506d11f231da8c433b72402c705f3f4b01da102c8d27a90c9512f2d636864265",2022-12-22 20:26:35
,0xE2F791E3ef164a997f4f125EE457899498CeAC2A,"0x3d950a56f7355148ee7cb3c9b49867ff597dc8e430ca18778783fb7ad550003b",2022-12-22 20:27:34
,0x555FbAc8298057404935051469f3CB7214E06530,"0xe10bd969ce82b4f9b9ee03689cd99b618520f432f8db410e9bca44f5478dbea1",2022-12-22 20:28:37
,0x31F0e9244B093c4E6dB46b8E53F594dF74207257,"0x26d02e9aad144680e3ec113a37786885626dacd7b9b07073c0ee3063612fe5a1",2022-12-22 20:29:40
,0xa0A2b76Cf59f0704836dC0Aac815027c5009f5a0,"0xb22acc9e527ef19e4724a5b7d7c98805ab419cae2fb79852f18b33aa145f5e0d",2022-12-22 20:30:42
,0xaB2A877BB30d8C1a172061cB5b09bEF8c9f52a7F,"0xe67744f8994f323357dc561b4974c30e7db04d8cda562d4de3e8f7bd5bb683e8",2022-12-22 20:31:41
,0x6691Dd59243eF59b65b1b440F480C6B697DA0B28,"0x74f80a06ceca925aa38b079438ff68135e5b2e8b3179125524aad97f3c1f80a9",2022-12-22 20:32:39
,0x86F94c15EB015516f37E135B4722Bbe4Dc52d2c0,"0x3c26dfb5a1b62cb24f3ba0314d1dea303de2a4fae5211627b1c3c36f7243d678",2022-12-22 20:33:39
,0xa9e4b6d89f011830426dd047BBf2666a8c42792c,"0x83246198df6e569553977cbcabf0a20fc99f429ae7920621b209c5bfb7bb081a",2022-12-22 20:34:40
,0x3383c5Cc051925d5Ad61904c50189Cd0b2c7Eed0,"0x9a819f1de60d4f5c90481a10d2d4db8240a7fa0df8353462ab6709348f6b3a91",2022-12-22 20:35:40
,0xb24991a490aD5a2E116e1786d1784234ABD435D2,"0x2e4147ed0e1aceaff45365d2b04531a30807c959c64608a7c689973d01fe2420",2022-12-22 20:36:41
,0x6e01F4ac30e55Ad30b402BbD8c719793732f9842,False,2022-12-22 20:37:19
,0xc0eaa898aa79d3A91c49b5362d9E7b64708BB701,"0x3c88b328adc26ad6e725425e448d72094a7820ae468646db57e68918d79067b9",2022-12-22 20:38:18
,0x134ab99aAEed0cC49c43f77914db32a92C5f83a3,"0x6b19b077f65015f90dfff29e037782278f7590c0e746314745e5d8d78ccf70db",2022-12-22 20:39:20
,0xa8291Dcc296935ee8201EaE46f0D28ce181aEcd5,"0xd6bb267a2171c5137b15eb355342aa3388ff792545e2661320850001736fe860",2022-12-22 20:40:22
,0x52dBCE9f03FaCDdDc39771810aef2422386e65eD,"0xf709eaee922e9991f9bb8057c4c83ff8386434b3d342c59e62a95f6a4d9afe8b",2022-12-22 20:41:23
,0x839DDCD7911c8A5479f88B4E60Be8850aaF7b301,False,2022-12-22 20:41:59
,0x58EB70F805D9A5b20CE889ECe8062BcFe082e257,"0xd6a27bc0d957063afef50de0c17d168284a1be525de4e1ed90357bf27bd3f9ee",2022-12-22 20:42:58
,0x5AD25eFC0a73b9b5e4a93183E1e3089Dd6d34600,"0x642eed90a62b2ec4782d0f8dbbd025257d59aae8cfe6aa7cad09eb2db0b241eb",2022-12-22 20:43:59
,0x0E691559778E2d8d42B481BB5d3F3Aa99377680e,"0xd6e31e124b8d262c565761640147235f48d1a8d3c3aefc8cafc89fa76ab70f28",2022-12-22 20:44:59
,0x7D646A4F147b388566001b6073E2D762A9310323,"0x5f3228262e5040d251d5205bd9937ce3594e3b01b7bc594ebc63535759b1121f",2022-12-22 20:46:03
,0x7CB39Ebee724Bc629A3De9FDA60fcc22c00E31B2,"0x9304062af64cc584c99457836f53234516e35e4bf2d28ac80e2be8182f6798cd",2022-12-22 20:47:04
,0xD07Db7428d51C1355a1Ff2f380fC4CfE6abA51bD,"0xd39e755521baf4a9c97b355c219d7d48d84afac87d97012a9b5f03dea9577a0e",2022-12-22 20:48:05
,0x5F7C2bF7AAAA26d7EF5c76c5200070805d8b6B7c,"0x07c07c4fd8a5079b00a4218cb7b2254489e564831414b9278732d560b7554ee4",2022-12-22 20:49:01
,0xAa03072613D3330B7B01c44ebf65521Fbc04FEA0,"0x11b9926462f15c5f6d320c1a579d817253ed2991e261b6aa04ec1e4b98c218ce",2022-12-22 20:50:02
,0x654Cbe695b6fBC38d963240A79B713D7C201A953,"0x434ee499adb65792716542bc664c26ef2eb4b88f0897b025f55af3b6f6730ef7",2022-12-22 20:51:05
,0xb6f22fE050902a5827D26A5706939F8192d17c8f,"0x192713a3add112ea79aafaa6f449f32affaa84c8d6864f1bda11a86b36229dcb",2022-12-22 20:52:02
,0xA6aBC539D1729ec9E65E0D95038475FB85fc1980,"0xe2f64a128c9d375422e8b21fd7f39c2236dcf7f08b4c0704ca763172568f312f",2022-12-22 20:53:02
,0x2a496bba0053Cae6469a89550fdEf7182604fe5C,"0xfbb35bc2b48e1c90c9b791c523b93e12b6827cd6b341ef7b4c24d37ac95e591b",2022-12-22 20:54:03
,0x470AdfC30c3fF5A13F7d20c5aaD381e0646A98D5,"0xc560588f724d67192074c7dd38313d885bc3b8e395dc93c15af8d8cf1f456846",2022-12-22 20:55:05
,0xdbAD5f8d0e3Dc009d42488e5c49844557C4a6dCD,"0xd4fa159a02db11460579c0a2d3e1de66e6ecdb015dc75a26746a4eaf9070da6f",2022-12-22 20:56:05
,0x86350f93179DB74583269D058190EEb5aB0e53b9,"0xcef3c6e7bc7af545b7149fc1eb0d58fbc59370a84d7e97036869ae9152307c8b",2022-12-22 20:57:01
,0x8323d95C952451DaB7869467198F09Bc69611f59,"0x0f9bd345a94963ea0960df37b6686d0e7bf6e11a72cd783486b611e268c46f73",2022-12-22 20:58:02
,0x67115665bF12266fF2969f6227AC6416da608005,"0x70f256b67d0891b31250d86bbb1ef9eb060d1fee47304c1c744ac5976539d641",2022-12-22 20:59:05
,0xC74a4d8B74B05b828b14e32d1DCfbC30B6C331f6,"0xbbbf6eca3b76227516bcadb53a9e5421087def84df6c5f4dca2f8a9c4e686f91",2022-12-22 21:00:01
,0x88bC3D052D336592750c7A4Bc267898D60C4f885,"0xbce46d1ac4eb5d41dc20aa4e172f41a0300aee179aacd8005bfa2824a91090b2",2022-12-22 21:01:01
,0x3A36167615EEBe244240d99128A1556449d2cdf7,"0x5a8dbb5bd20b4ed9c17335ddb3964b4ec8c0c2a0a3feb4e9abdbac6cbc246e29",2022-12-22 21:02:03
,0xA623d7F78687D8390C9683Af9d40Ac9b21caBF6C,"0xb9785e30719f3bf74f195b04c8869e81b12d9c7bf9069dfc18bc5c2bd91b2d95",2022-12-22 21:03:04
,0x2Dbba5E1A37bc9B4807E8074218d14E54C44979B,"0x307ba0c7c6a9322dca10c26088d0045a3f071b227e8699ab8e5a91e5e4429c8a",2022-12-22 21:04:07
,0xC32B1b2e1b88F222173e214Ec81d98aCC156bb92,"0xcb9cbcf4afff42ebaa99ec2144452ed30539998adc28a5f12f886ca5d7820568",2022-12-22 21:05:04
,0x87CB4e78A70928369C248E2Df23CA8a23bB1cf71,False,2022-12-22 21:05:41
,0x4d941DcdB057BEd659Edba0a648C12dfc4adc32E,"0x952f464b56d658bc90954403d4811beb249c81f6d34bb935371d421314662cea",2022-12-22 21:06:41
,0xF97932C9cF87Ee6e011074D708CA6ef652035ac1,"0xbef037b78b2416e40428c525a618f5ea80b91fdd4d923297b7c64e5347c0168a",2022-12-22 21:07:44
,0x64e9beB6Fe9f3241e204fafe2c9e1a2e76c510A3,"0xb95d52dd4053456f7cc90c80ac592cf8e175d07379d8b1f6978f054a2c14e732",2022-12-22 21:08:44
,0xF1a3387DA3e5B17a958746317F7c877fAaB0631a,"0xc69eebbac3451397d7b821366539067fec5911d10e418aad0a47f4fb01e17058",2022-12-22 21:09:46
,0xFDbdFCc161995D6c28DCC3E2547C75D19b6C80A5,"0x80589dc0dfb673c9cfbd845da0083ce2f904c259607495d7be40c63da692fd16",2022-12-22 21:10:44
,0xd7FC0EfD560D598B26E55E3235a6AaF011a424E5,"0x640408181202bdfbe682de7e7854019c40c138a19f3949a6f00b4ece784d3f9d",2022-12-22 21:11:43
,0x599434BEafaFca5A26DcFEd40Fb47BfB86fa95C3,"0xa0b721a186d394bf3afc9be126ad883fd687ed24133b21ad56b05ac7d437fd1a",2022-12-22 21:12:45
,0x612621839208F7C6013BDf4988dc88D7c40691d5,"0xe2d27aab7517383b753c578b7b4396d3f6ad6148e88abcee8ec4699e1802a3fa",2022-12-22 21:13:44
,0xe7cd7F3477BFbb04711DeD39f42D1F409C159CD9,"0x17766fcf3a123aa2ac4bcb467eeed7199e5956ad220a322a49da757ac25d3095",2022-12-22 21:14:43
,0xffE67A617217D27943208B62D3E78f67701A84e2,"0xf86de97e0f57dcd7ad02749b806e83dda0159512b41add791f065831a5cde83d",2022-12-22 21:15:42
,0x7932371f6a0f170F0C299FDb1d791f38c5b719BB,"0x6554b4040eb1680a1c72802e0ffff82bcc463dd7831b896939e03197cc57e10a",2022-12-22 21:16:45
,0x284D53F2cC5E071A21c6098a49cae4Ea61643A34,False,2022-12-22 21:17:23
,0x20ee947cB4eF4011C8895D953990dDD01a2989b7,"0xd2762ae59cd40bbc21e7218e0f2a011f29713eb5896978bab5bdfa67df2f02a9",2022-12-22 21:18:24
,0x36E271a3583668369CEc2677A894D51C18F150A3,"0x0ff0454cc8b11ebc379cb31364a5086cc4413d7cb118800d456c5312e02273bc",2022-12-22 21:19:24
,0x9E04f627eD3f9dd6Ce6F13e272e09f718feb6F07,"0xa1bb14137036dcc25085430d1d7a59cf281ab6f6a59bbdcff8b7ef37ddd0c666",2022-12-22 21:20:23
,0xcF62f534108970586e4DeDcd628ddb630C77282f,"0x8993a30dad91ebca537b3d1d6bb20936fa9e5de33074dbc65ecb1c65f60008ff",2022-12-22 21:21:22
,0xD6F22DE73901922C54Cbfc66f38f307460e6920F,"0xeea854ec2e00009ada805886fb4c31b94cab1ed24a10005a442bc1507d14bf41",2022-12-22 21:22:24
,0x4a99575E8195563D11eB3f700FA2761d2b509143,"0x97d3c73062e29557205562251063ee0734458a8cdb3b0dd06154285735a9a72f",2022-12-22 21:23:24
,0x50521536D7498f59d9b159325E3bdc4f48f31867,"0xba521ee82e902b8559678349705c8b1df24e8bd3f96325a97e08c5f02373b17c",2022-12-22 21:24:23
,0xF330435F80B2118227D47D29a787AE51b8e9B56A,"0xcfcb81e54b6e67d5a89f5820bb145e316b85f1c492e7defdc4ea5eb2c4e176da",2022-12-22 21:25:25
,0xAef05956F1FdA5B09Eb3453BA4D8ef6791c4c321,"0xcb3d36fe8fe4177723e32670689a017e7435167e82b756ba84e1c8e5587a5f90",2022-12-22 21:26:26
,0x9FAa65F898a98743c4dD049A0bB04BaF8C784c89,"0x318475fd50835ea542571d1b0a56a1160640b8a7c8638fdb994723654f5f7ec4",2022-12-22 21:27:28
,0x2570a59F3aF144AeE687828C26b4058f532E2e8F,"0x595f29e220e448bf5b80137ec9e78727f4125007ba34f67faae3b9b034aea445",2022-12-22 21:28:29
,0x5CB6fedA579c8bC79e1c35626B5770858E25D421,"0xcf32c4370f56744219c0907a43e3b69312f368859e5902536548c11b0c51d46b",2022-12-22 21:29:30
,0xee8aC658c1dF1B632fB4fC953925217a34cE4728,"0x229c7408f4a3d7d3d164c5d66733c9cd2202ad4c16e4fac0d45208fcdb408e77",2022-12-22 21:30:30
,0x9B8cFDa753EC8433A783Dd0911708a22Be174F0C,"0x9046ccea9a45af7e93de9b6a4476fef6fb758bf7fc1e61dbde59748b19bf95a8",2022-12-22 21:31:30
,0xFd8A21de15F97d94bD94CDd39C767f5f58988786,"0xb8d8c3adf60c25abcdc3128c6d62535f51cdb561bbbeb5d8bddaf9938c348cff",2022-12-22 21:32:33
,0x57a897ACd11755486fe822A81cdA56e603a86892,"0xe2efcefbfc4d5269889770784502ea4191d6099b4fc07931cf7d90b55d8c647a",2022-12-22 21:33:31
,0xD79E4aD6357b59d493EEE6e9Ef089E5f45BD8998,"0x9f56db92e255f71b6fb6937dbf86fb90f8f44b308f88172bc5d81d1044641b3a",2022-12-22 21:34:28
,0x781C1D47DE30AB332B7F352299477Dbf4F14Cb6a,"0x4b41463910e4888414ff4b120d25b83b4051033bdeb88b997dee450ac1b277c6",2022-12-22 21:35:31
,0x42c7C0770A188431e855939d9B967368F9777384,"0x560c6e85abd3cda86d12ba9f95010cb799e17834f73b19e404fd0bf4ace7ae6b",2022-12-22 21:36:32
,0xcF685181307773A7Dc292640FBa202FF9Fb205A5,"0xd23c972a23c2a870a757e7b04436e9a27b588758cac279f3024242aad02a1441",2022-12-22 21:37:34
,0x719D1Ff5cD262391b27Ab4A80E26C6be84F60B99,"0x0663559e0c2ea10a9567ca151c73dc83e0f2baf26aeb42a8e823a331dc5dc101",2022-12-22 21:38:35
,0x21c6744a105CcDa3a031c0Ab13804a43fB9B9d5c,"0xfeb953b0207510fba1fa71c50348f2bd15caeda0a93c91143f6dcd44a61ee6e5",2022-12-22 21:39:33
,0x088f9aE3a351F19fC7C777CcA448C6232BCE0dEa,False,2022-12-22 21:40:11
,0x4085d4C60Ca597b7c25CFd3D2b7743e402731608,"0x34c2608b386f27278488f61d3c2ccfd65755d17fa5d3a742473f479973300752",2022-12-22 21:41:10
,0x7b9389ad21a18bA5748720E11882758EFAcef49B,"0xc98692621f6c6accdda0607a331645939d78a1a27857460ceb06dfa4f0f55297",2022-12-22 21:42:10
,0xBCc7a8817dfAb3780C212487be1f3333E881d321,"0xcf90ac447c922b522b903c38ac3d2335d42fb9f7d2c1bae95ce1d97b17cd00cc",2022-12-22 21:43:12
,0x2904e827e73eb9e30381aC8524bC7Da20bc875a0,"0xbedc3e1bb1f23ca45a7f0946d847746abfcbfc5aa1632bcc4b8df101d6192d01",2022-12-22 21:44:13
,0x64F98fa6B4C1b61E4cad4447DB595be50CeE3AA4,"0x527fe3171b2320d30984f44ff5ac765b5c68131e9fdd6ba7e11a6e8ff861a67c",2022-12-22 21:45:09
,0x50620991c4e279454866524F6b0e60635E6E094F,"0x6d636408918cedc5cceb7f81c9e1174ecef627c4029898dd639e68ad571461b0",2022-12-22 21:46:10
,0x87eDAaD37bDc5b52398ceD825d9E843478Ff3caA,"0x5ae67fe4ea76721e108bff403a6aea75b78e4627734a60ebc7c461da1fb17f59",2022-12-22 21:47:12
,0x13d9101F80c75444eac95e798ebBe9394563419F,"0x7a4524035320105a3f9593e620c74bf365f669ac5c6dc8cb81a839a205fe6bf8",2022-12-22 21:48:12
,0x26cce03384fa52626C486c9c815135dF91034be7,False,2022-12-22 21:48:51
,0xA5AdC1692d21F95C70f62a85d273eB2ce2fde88e,"0x02389ed0b26a709deb1c0939cb1b001388f05ff054711954adbf7ec2e6f16ce7",2022-12-22 21:49:53
,0x9B8F04545D2d5E67632f784E3cE5e322d906CbA4,"0xce1d5d3b5c5b2e8bf33fa82257e2400d699a10efdd302bdbce11dbfcb5ea33ef",2022-12-22 21:50:50
,0x7d5E52FEa55B9Abb48D67f808342d9C51806A5Dc,"0xef141016a2d75fe55e3ca086bdd8a69b0c359a2fe59b8bac724cad505557c81c",2022-12-22 21:51:52
,0xfd854dB53c7C192766f0a8CB9e81Fc9825C61699,"0x5d90c691f00f6d6e5b8d7bc7202d7603214022b2415c9a23d7f39d32a60186ff",2022-12-22 21:52:52
,0xFfE1e80b90A6e3032D142744E44eD1C28d921841,"0xe290b383a8f31948471f2fc0a3d4ff0e9877080d13dcde6909826da7d6c7b62c",2022-12-22 21:53:53
,0xf3005CE9aB7c69DaAe7Fa0C7151c4C8328e74c01,False,2022-12-22 21:54:31
,0x0B61DDb0fdc8460501bE61290332E6d95B839A49,"0x011029d11d16097d0441d32495ce1cd4a07b39519f4426e910e78d25323719d1",2022-12-22 21:55:29
,0xAdDEAaDc6BFBE1A610CE102d384bec8804eebF75,"0xa362ee97d785c6e10beec1909eed836406866288eafc5a9cb74feed049fcf065",2022-12-22 21:56:30
,0xECdDe8109e3b70ac56Fc452fEa9E88123f993C11,"0x63f7f34f184d80e701991bd5d05fa39510a22bbb6a3f740d24c8ac20144533dc",2022-12-22 21:57:32
,0x5AEAd9774aE70Ec3503cbA907f66267E0Bd24072,"0x674bfbdf1ade5029057bae2767907490e076a4d77521227775cefea762e6281c",2022-12-22 21:58:31
,0x845a07691c6E379Fc12D7113317F9B7EaE329A81,"0x506f04888ee9bab6bfaa069a30d70bc073537f5d5fc99cbe54ee4468875b596d",2022-12-22 21:59:31
,0x45c27c9E541aE4b58a4BF584f65f4115a527629b,"0xb697e6f356fae0766e6a2edb16fa6e3f4116193dc48705325ab83accb93b7de1",2022-12-22 22:00:31
,0xA2795056c63798f55dFb96C460315fb04bFd9615,"0xea9378cc056016b12fa444ef5ba43d3c8f8c30e55ac1d39a26af997ddd9a9e96",2022-12-22 22:01:31
,0xb7C980BEDAB50B98f87E84C25Cdfeab42619c46f,"0xba7eba92cc41e594aff3fe995f313cb9ea1f2308561b3b511b1e4796ae4d5e94",2022-12-22 22:02:34
,0x1F02f8796c7B176f04904A5c286c05c0444acFFC,"0x2875315da5133824748bd7687feb31a3202da63b8cbc1eff4324f7ecc5e1bc76",2022-12-22 22:03:36
,0xa50A1cf3fD71277b4C49841BA5b7F4d9fb217607,"0x98d6123098cc8fee70ebbdb65eee1efb6fc2abdf595be14d15e9148ae76e3ea2",2022-12-22 22:04:35
,0xcc58ba9d9C8FaDac87FCF5c38A9536b19823A637,"0x57e0595a97b9cba0e4824fb9aa3145efa064345c60e624020cdd707a08cd4348",2022-12-22 22:05:33
,0x161Ef166ba1Da512945Ccb2DA308F37Fc4A48587,"0x06c5d4fb410c005cd72ef57206e24050b42398c3b6d69dd774d31bccfb447d34",2022-12-22 22:06:35
,0x12a47E760f43E290aAb96EC89b12d31E43BBd04e,"0x960621fd17292d745bf152eaff8ef2e07e80f5d9680363ab9de912a7f0ae5fda",2022-12-22 22:07:37
,0xdAfFf2f44c5CF50BAC3124Aa8f4b0E859e6cAA50,"0xcdc1e9b7a1986deec7cf7b79a9f3edb528159f781706e47b0e376dbf7482a7e4",2022-12-22 22:08:37
,0x26507670b39657ebcD1747B67C6d7B3cDFAa1645,"0x342bc78b2e7f90526238a60407bb117639fff1b47b20ca1e9d357701576d9de1",2022-12-22 22:09:35
,0xfed8404d11bDe3ebaBf6530719C613280FFC1F78,"0x8e82ff645e9ec6a487aa14ef15311b9eb1efeb204b816f7165f74858d1eb1781",2022-12-22 22:10:38
,0x0a07816C1591fe4890c69eDd76964b8de1ba9FDb,"0x1a1459dd3a50cdfc92c2de337d9f8b41390459f2783551d49e8ec236acd0a190",2022-12-22 22:11:39
,0x14fCde0A3632752af811D718a5F8ef4f5C5013e3,"0x310b9f20f6601d5b2d6a7ef52e75db625e812e8e76180a8df9598b3802aae13b",2022-12-22 22:12:40
,0x695122E71668f0D6eb9a38933090e57635B18F12,"0x5cf0345515ac40ef4a15a6811c7da128a067bb341c8e346f4391b18853d9da8b",2022-12-22 22:13:40
,0x4e1fdE988c9070282ed4a21e1D4C5eba01d34e16,"0x58c469ea70740ef2c08ec05dcb70e90944fcd49c2d30bf0c16f45983355a6617",2022-12-22 22:14:40
,0x341daA812b54F39A86e086ec524C97Ed26e0B0C2,"0x21efd43efe4588158933d87140a8fcb35beebe692b53436e568c579695bce844",2022-12-22 22:15:42
,0xECF1A71A9A52575c538Bf9100FC8F4978F1EAf8e,"0x93fc4ebff3b225222fb2b05edf523a70068c7b7defdc29114614854480bcf9d3",2022-12-22 22:16:45
,0x169F4ddBA2C4Df72521E1694ebCB5A1fCa844c85,"0x9a294972c594801dc023854730cecf9c8d011836d2458b68cdcd60e66fa50e2f",2022-12-22 22:17:47
,0x2fE93dd44F821fd42AcE7E52fefe4CC95325A4e9,"0x95f39f1f20560011c7c724af8d3e3fcde284bcf16981fec9b85cd6c966ff1848",2022-12-22 22:18:47
,0xC1e8f6607cDE9C46000873Df78EdFFC956Fc4561,"0x2eb55f018a26583f0347966cb836ef9aaf84dedeac099e07140df3e2a302b8ed",2022-12-22 22:19:47
,0xa9D5951d70208C549B63baFD109354eB05041B8D,"0x3c6b1ef95c23680b7800f0e74c109f33f5c3861625d5858bdaac680bf96983ef",2022-12-22 22:20:48
,0xb3F6c1695E43D2a3368a135E8aAf60De631792eB,"0x278d4f58cff8732859d10c07546e301787395ef229f1f35dcb9cf20bd5f2c963",2022-12-22 22:21:51
,0xebe75a6cc689B1736CBcf44191540f1a2736C896,"0xfd088e4a2d5b1fb91b90f7669b21dd502b8ceb39333461b3834ac1335b80d099",2022-12-22 22:22:52
,0xCc1d041A5Ff06Be46047a7206987ab2cEA18eAd8,"0x5a57cb8a54970790669747fa58c73e1d3a76eae9812ca6b2c5f78005ba5a3d75",2022-12-22 22:23:52
,0xEA2C877ABe52dE5287f40B5017ee9332F089763C,"0xa0706e56dd01cd66eaf9a7e3047203e3a04c4486be5b327435e22a0fa290d9f2",2022-12-22 22:24:52
,0x383D829a66F2CC52e2FFC22BDf65a1100aE08f94,"0x469d055575068f024251814d383240764f41919094952aa929751c1fac520438",2022-12-22 22:25:53
,0x7d1798dfc62982Ce296235e6aa2421CB29C2eFA8,"0xe9a8f7c069a707d49c825d871323b0d5b44af7ca9ab3f52826c482c6c27937ef",2022-12-22 22:26:54
,0xBcAA163509f413a7C64D448437A444C2a88e8503,"0x33a59a8f6ccb7318d2e54103fd3c3aeca5f19e6a2c3e7ee1359051fec0e0c2d9",2022-12-22 22:27:57
,0x9AbCbc33D4D13D3De4e911a2a71B7375B066d8ab,"0xf831040dd81b5b64081bedb1e83120010511750c2b405488ac9afa11a4e87a2a",2022-12-22 22:28:56
,0x081341957886bb0252e810DcfebADd25128a754c,"0xc223c6274b667544e352910f2425cee0919f4939f4bf3b4a05fe6632200bca52",2022-12-22 22:29:56
,0xF988FEBB5A99c0Ce774f2A24717AfC6F8b07885c,"0x75ab66dc2a71ff516b727406e11f5f5cf9133d705224868bd3d98c260d728f17",2022-12-22 22:31:01
,0xecA86353E4320f912C11B70c263C5dD592A3a598,"0x2027b0f8c482b477d9d36caa78c35afe663cd458eaae02f1ab1a3fdfcf4a3e37",2022-12-22 22:32:02
,0xec8B0488306Ab565F96Ff6c887E7e6D775E398aB,"0x24e1223c89999165ef5570b6892b0ff3a299962e1097859a7fea3dbf68518b2c",2022-12-22 22:33:05
,0xe7b92439E3B893d8A1E282c5AB4EA405d03EF4C7,"0xa0783c5988b83e608f7879c72b5e38739b082042f04273a1653171438326a04d",2022-12-22 22:34:03
,0xE913851186e8e3fd788D5c8b40971DF990Aea0d5,"0x57227d87c726950e3806b903a627c94641bdf3b33da4fff4a71c4a1768b7f8bf",2022-12-22 22:35:04
,0xF9131683D62fDd481eFBd2F8129E4888b4104178,"0x1d5c405d65943186c392be3b74c49e61ccbfed97060759dc124f7b798455f69d",2022-12-22 22:36:06
,0x6cf50D29d1e6E11835DCf6865F592faF6FcD61BC,"0xb68857a227d3c7c1cdba307694317ef5607411dfb2236ed7bf5cc49cc756a441",2022-12-22 22:37:06
,0x0458eC2653cBd77a1ec0d6A7C9010a67cb5D0D76,"0xce31d4e3af54cfb45203280557114c33b7945c43b4636e52220625b8c444b716",2022-12-22 22:38:09
,0x936fC586A1da768216C4A310533C036456cfD636,"0x4f93b8c21b8163859341cad59da5c77e8a088100fd92b2f4b1fd95013479f934",2022-12-22 22:39:09
,0xa55688A735d0EEf26c1A4310deAAE2EEc3699Ad4,"0x67addca310124010ef3ce1a52387bad92737fd7f9b0c1e0e9916175bc18f2725",2022-12-22 22:40:09
,0x9a76FD8Ef71F359C517cF7b02e152A4C88Fb12aD,"0xdfe20226ff9e601da6a6fdf27748e388504754040fd81b141fa14611c9f31df3",2022-12-22 22:41:13
,0x126ABf3ade53ACE3DEdEc3bbf333C1d35690928c,"0x6ff814f5a5d0be5199ad9ea7b95b72b2fc368c9cac66b8cb0eca9d1861cdd265",2022-12-22 22:42:13
,0xddec8987410c2A39f0c461BB14A833ba220f0822,False,2022-12-22 22:42:51
,0xbb37fC8E91f74CCB0666aD8798bf9DEd4BC075DA,"0x743e48b98552ae146fd601abfc4cb02ed851e1b6cf243890c63aff86929ec0f6",2022-12-22 22:43:53
,0xbcAE5dcA18BC7E004378DE990f68537Df544F53D,"0x61aba2aa55675909c3c2b1397afdb82b1f4533733f98fdda8771ca136e5d554b",2022-12-22 22:44:51
,0x80cAd7219e51590E8e0810FE005038E8fE76283A,"0xb479467ba005921d04729a13fb9bea1bd15705ea069bfbded55a977f3a2c0814",2022-12-22 22:45:50
,0x527F871c45C3E67b0ab18b9E17aE1D2F077D0a75,"0xffff987972d8c70387593aeaa2be47182f07a9b2dc4d795ca4de3a96f4c946c5",2022-12-22 22:46:53
,0x794878572933f48e12AaC67Ce95e4AFe8CD284CB,"0xc993ff3719a1b145df1b51f852935b1583bda0f275a59956024e26fbaebe1df2",2022-12-22 22:47:52
,0x6fF7702977fBB336e3598487A3090A574010Ab32,"0xcd1b2616d64e4ae0723c3eecaa81a5f8c6c11e2bd6ba730a604907591fc3786c",2022-12-22 22:48:54
,0xaCBA7340ad7Ba2A0B8AF7c47A0c24CBE62747755,"0xa2fe08ed2c3f999d688632c3146d8115faa0064641cf538dae498dadc0e9b873",2022-12-22 22:49:55
,0x238A423B6BeA8A86c67207c0EE92e0b3b973f7c6,"0xf3dca2cde7b63023488e3c73184ba6b06b8e2dfb6f6ae3dc3d2e6449d06fa75f",2022-12-22 22:50:55
,0x6826447127Ac2CF199E3D511FC374e87bD630261,"0xb5a0c5dc84b2533ecac448248ccc703a9a43f33e93acc0492f40265d4295eaab",2022-12-22 22:51:56
,0x88d3D30665E314847919f8Ff9Ad7ee3f741354b7,"0xe63c4ff53846ce2aeacac0f5fe1ce9dc3d1ca0eadd0d44e505916de9516c74ed",2022-12-22 22:52:59
,0xCd6A0c2EfA6a61Ced765dF49a845B5941db98C32,False,2022-12-22 22:53:35
,0x47AdC75dcBb22928726d9d594145B6F02C512854,"0x31e283c8e7fb45faca64ba1bca09736dedbf83b7fe4905dc8fd1cc2928624095",2022-12-22 22:54:39
,0xFCa637b705D5409014031997Cd0cA4e09f08Fc77,"0x092713c1f5ef37d1294fa5c9ec2c0f232b922eba75e048e224445ace420a0a78",2022-12-22 22:55:38
,0x724e88dC58E69B670FaFd048F1a63664359D385B,"0x9b256e2998ed8c810f18537d18070354b77f9c586ef80413a6f82fc954db1b9e",2022-12-22 22:56:39
,0x612815d50174bCCEe6658b2c35f1ac2DA636eba4,"0x4edacd5125bb4ae4d743fb334820164b9758b13b2261a684041c34e895283647",2022-12-22 22:57:41
,0x810D116A0000eb4182Ea9ED132BB32e612dE983a,"0x90926c562b2b1e1a9f5fdc762557d98db626d3629b22229c3ee24ec8c914d5a3",2022-12-22 22:58:43
,0xD039178f0EA26a37E60D5A5fd5127F7b43FE4F96,"0x7e8ec1a1554250df6d326a6856ba7488b9735a921304dbc044702cf2a1d33f88",2022-12-22 22:59:44
,0x3AFC2BfAE70Eb5877F1Af1D94681008f7C469beB,"0x4e442ac5c718a631dd6875a82f48887a324fc2b5bc9e5e8b2dcc20c83bf07575",2022-12-22 23:00:44
,0xf4080B774Fa26911852d0f7B15220d0319B0b2f3,"0x45f6f1c3cd60c1582e0883e529f8b551d43487a067db67fe070a30aa71446bd9",2022-12-22 23:01:42
,0x78469994c71B4813C0152Eb963297CDf716CfF48,False,2022-12-22 23:02:21
,0xDbc4c80c2ABE585B7E8fAB5407086f8FAB3F3A81,"0x5808cd3a6c50fc7debb4c4b9bd64c531effc14e41f54879f1343589e75f023e6",2022-12-22 23:03:22
,0x08873928DC68196712A0e29Df5570B271dA5FdbA,"0x3beb2e3224cd29dca4bc49182bda8c6d6feb096acc9abaee950291bebd7d60f0",2022-12-22 23:04:24
,0x418584fa9798017a8ea69E206135a2c89edb3436,"0x52f47b49dcb423a4c4b462ee70a3ed40aa443861ba050a055deecba09e0dde08",2022-12-22 23:05:25
,0xC7cACC915eD2c32579B0D0Bd2e94Ac2d1E5627a1,"0x0600022ab71f739cd83d5e4a92c6ccde96b3691c02e4989678d6b369ad508b25",2022-12-22 23:06:25
,0x1f60c15EE425695B4b1eCDB95bFb6306CcE7669D,"0xf1538cc28c15f94529c1e88449b31f9eb8587e5309e7c80bb4dbf9d2b18952f4",2022-12-22 23:07:25
,0xF5caDdBAddeB3Caec308C571D43220ecd34Cb387,"0x8100c7a97b3976e590d25debf0e18b1be8fb441263364ce78e4debf3822200f6",2022-12-22 23:08:24
,0x0976c94f8C55ba9a519D9621d7B81fAE15FEfAc5,"0x92eaf2e0a4afe859676521ed53bf13773b672d1a320aeb2998726a92cb4b301e",2022-12-22 23:09:27
,0xaf04c9003a9E0bB5B55DcB5fA6c625eF75EEa364,"0x87220fc9c8256d0c42418d2aaf82f9ee724568046fb3ec062ad6fcadc499dbf0",2022-12-22 23:10:28
,0x9709903D32f8C8784916c671827c1BC29199FbAf,"0xdb68b5ed59157c6788690195e6692029b67af6fddc784485d781e745215af556",2022-12-22 23:11:29
,0x9cE446032BCde2e7CEE70Fb4d4488Bd60E82E89E,"0xbbc46e25fbff24db7b3c0f24776a885398ebe233500127654039c341856baae7",2022-12-22 23:12:27
,0x33e595df7e33A9d6BaBd39de2B8A87B3a63650B3,"0xeb2901a2f4295b21972e1a5d5112728edf1bf2169b71091db243ca3466fe9bb1",2022-12-22 23:13:27
,0xdf25d5087cc7006BDc041d347D74774b0893DEb4,False,2022-12-22 23:14:05
,0x0Ce99545755167b415fA18A391Dd8a9EaFC95389,False,2022-12-22 23:14:43
,0x5B2f44029D0C294C4dC4c984B985f9E46B0a6Fb8,False,2022-12-22 23:15:21
,0x2E0D25ED85E3c1e01C2c49BA661B4Ef8e5221E8e,"0x1f481615ab603a0f2e687565989965d0089213e44061e9583ab5e8b590dcf32b",2022-12-22 23:16:20
,0x633CFE09DecC1a6d8ab845Da1023E66D522203Ae,"0x36bb815e1cd4950c911581d8af34f472e1bb168751437d1f1ffaafd47a0427d2",2022-12-22 23:17:23
,0xcAdd4070471850c047D5E22c1f4dD0370167a587,"0x862bc0a2d1edf79883878b52b08c617ac6f1aeffb7d932447d6b2866604b4e0b",2022-12-22 23:18:24
,0x5F9dDe5b7a9CC67aB0d200789476E4EE629c99eD,"0xed788a43c2a568e80ab5d1fcbf4fc130b4b802421f17cd64db20f59385773994",2022-12-22 23:19:25
,0x1F7D53CAb1154E88A7Cca9551Bc33Cb29F7f3e23,"0x6c3491f5b861a94f8c24202c17c9011e333bc14c8eb0e599b9b07c610fe574ba",2022-12-22 23:20:26
,0x6EFA54711900Dec748388118FD2a269ccfb59694,"0x06386c76e4e6c48492e73d261d5cb5762be26aee6c287f3b5269409e10d75dfe",2022-12-22 23:21:29
,0x3c0d1737903aCEC5EeD70a8ed77FAD0B702eCD15,"0x059570cf06b34b0779ec34ed159b79bb4ff479068dcfc1ac4a3aec105ee5b6e9",2022-12-22 23:22:31
,0x233a54867b2759C0c1C9e9786efeB4248cc49ca6,"0x1acbdca89f2fa70b7482230c29d0f14d22fdb171022bf74d10294d234fe04832",2022-12-22 23:23:30
,0x9361F56E3f15e7f78d63BabcA4B79777EF32aA75,"0xfde2dfc76ca6e7de490748dcfac0c05b8b9907217f2992fed643e1182e4d1ead",2022-12-22 23:24:30
,0x7adf3301938Db5CA5B464642154ca4a759647277,"0x2b1b6b98ba3240a3dcc06840abe6e6d1672d233b790cc90077927374840564c4",2022-12-22 23:25:31
,0x0F39A60902cA6710A9f2daEa360364e1Ba377dcf,False,2022-12-22 23:26:09
,0x2F42F6D8a5787534Bbd69260433300C0022D449c,"0x47e73c0910d61b3c95bdd9dd1497ef386589805eb0a3ef36c0cddf359f9cc929",2022-12-22 23:27:08
,0x2ae9bd123d42E8402ab192CFB3a016eDE317CF8F,"0x9717ac273e58eab387285e23811a3464c1bfd0a8a8c88625b7801664db3ae425",2022-12-22 23:28:10
,0x45472c67FFc7555348a1c23CBBf08CC41580b65F,"0x04bf2c15183bdd961b0e8668a8f49b4954ec652d00f49993fee18d6c1c90cedd",2022-12-22 23:29:10
,0x4EeDa1EF0c3a6bD45EF76b3EAEc4a1A201876956,"0x66348e409c1e416a5e4d18c8556328e391d89ff0e82cb3375828f41d0f6a6165",2022-12-22 23:30:10
,0xD3738D1e78E77552ca2A93eF3E7F1C616616809C,"0x5c8457dc9ef7a925213598213f7292fc19f1583f4c702f48d6fdf63d67b226db",2022-12-22 23:31:08
,0x2519E8aC3bc61C1c92e4fa383Ce700b818A027C2,"0xb3cdea181186946c0649cb16f7ef2b8490cbb78ec35e135ace6263afb80d1ac7",2022-12-22 23:32:11
,0x7F0cC433a129651616ecB62A44D85503f4E367ea,"0x258d4e6a0597b67182245495c72700a34d5bb0df5b4e0c3f39f9680ca4f00008",2022-12-22 23:33:16
,0x2A9A117Db1c5f61a99DEA354f708d43Cd3284bF3,"0x6289a74ea4c719e681c941e6b3c3852b9ee740f86d4b6744a7538680d6622155",2022-12-22 23:34:16
,0x82aB6bb15b9B8Dfe945E54255ECc7f4e2C1d3D5A,"0xea25c8fa2406de18d9b5517dccfd3f8c6f81fca121eafd7f67291eaa3d48acb4",2022-12-22 23:35:16
,0x6d6d01ED20e0CC96Ad39539d4743BB865B345C65,"0xbb17bd1fbecd4eb97f296a2b1b91318a82193412aa74ae0bfb92cf09bfd44775",2022-12-22 23:36:18
,0x719B57bd0149cD7224210fd6Ee5a98C97a8ABA50,"0x8b91fe96064b590227501c91e977fa9f971736d238373d68760233000f0a9c0d",2022-12-22 23:37:17
,0xDfD7c27e983B75444adA107E03E220821919C7EB,"0x9820e6a2b457a36735fa12be1627f7ce456464f98b85e537d39407a2f95cd6fe",2022-12-22 23:38:18
,0xe1A5d6Cb491CAC0b6e130CCCAC4097B12b3f5528,"0xa7a8bdb0781591f8595e024b13f7e54f451e055b625cb5756380b2966eba8f5b",2022-12-22 23:39:21
,0xcC0c5E67e02043a6dEEAC3666897B63f069334DB,"0x50fc59ed1459262d1c4666d5851579962a9688edaf0958e5f85cc26ed5d7bff5",2022-12-22 23:40:18
,0x139Dc3D7050a9854B18f8d1a7c09Abe2A3f46E94,"0x13940f29e60d66ed2d45d9288312983b1bfeabe7172b1978ac9a9a4cfc30c718",2022-12-22 23:41:17
,0x3FA1e9aA919C3f6Db4162Bd21Ccd85694bba7abb,"0xf2cffbb3a496ad44d109a0c4673e286223d0354950ba2a05a88c535dd4475dba",2022-12-22 23:42:16
,0x13Fd959f21C239d90FeD6D00746dD452F16B9938,"0x9e14ae0b5d3657a2cb2b8cb31e9ff3a4aa22df92309557512c59b544a243c1c1",2022-12-22 23:43:19
,0x41e6933eeDF40cB65855E84B0C6C4D7Ab121b353,"0x071fc0a08703365bcaaf3151e379935fb41d8efc31c471e21227ff56735445a4",2022-12-22 23:44:19
,0x2E1B5E6bbf8d4D917DCACf8C49b43821EA8AdCBd,"0x641f16bcba991661c8a7107175bc633645664068f38a2d8c00cef8adf79ff917",2022-12-22 23:45:17
,0x6a4BE41D48E1DdC06076DF194ad845e825B726fe,"0xc6c5d3f261ae552cd0fb7b988d0108d28bb4aca919cd346da64e65151c61bb20",2022-12-22 23:46:17
,0xCc1826AD21E417c36Cce1D10D326e80D50351c3b,False,2022-12-22 23:46:55
,0x5A58a939A863171F96082678148d1C4cA36D95e2,"0x7265f426352ad0fff274993d1ce14817fb32ec079b2b166564e297872c2d831a",2022-12-22 23:47:55
,0x713113f2E06F200F58d08963014Ae25C581591d8,"0xf78d70c095d6a4cf9eab635e9a0503edaed19782b44e426b345b367190e137e4",2022-12-22 23:48:57
,0x4B98d584FC4D9EE66Fc0D1F8183a99942Cce6900,"0xe38c2191db0938fdf5b7996de9d17375d70feeb9525a0fdd598ba5defc231c6b",2022-12-22 23:49:54
,0x468d8A5f8695d2C8189895424722406EbEe5B0c5,"0x53cb1e47f934b565966071475c5121687fb3231e495b5c879b7f2b82397fdf1a",2022-12-22 23:50:57
,0x6bE6e091bB07b2117bbc826aFaf3f0BcB5Bc5674,"0x5fc3b16d4289fa758aab27ec3fbf26cc08c1fc25d096aea04c4be7dc70a0b3d2",2022-12-22 23:51:59
,0x8BE0653A5ae53C318CF5cDb5B81fcaA4a78fCB0a,"0x55a455dd7b158a275c1e1883dd8a7dbde6f362cdf4ac116ce80d06e189fd5337",2022-12-22 23:52:59
,0x4436102251c8104e089E8624c795BdA5b3FCD335,"0xeaae9e5aef2064ceac8d40bb8b1471f31916838a152a9213e54ddc16e9f8e287",2022-12-22 23:53:58
,0xCF5567b8ddec25B30B0B1bde390d16702b3bD6c5,"0x39ad893c35833f0658105d190358d9da2db194197d627636706bc5e03eae7f34",2022-12-22 23:54:57
,0x4Ea6e90bfc304E1fdF4ff98c7589BcA42eE61912,"0x7c8caa0f5639d6ffb0aafc7575754feb4e77f25596c75d08f2ea4bc1480e09d8",2022-12-22 23:56:00
,0x9749Fd267372a037E4de2b745b5519a27214b0a7,"0x352a59a0a0b4e502efac61ae102a1ac095846f3144be5530522bbf2340b65317",2022-12-22 23:57:03
,0xe937749B6431Aa3fa871136011a03b7f5A442ea0,"0x257af3ab2b98e195c6967564545e8b6ee84787f2d832955412bc73bbc429e9a2",2022-12-22 23:58:07
,0xB99a55DE74E266061D676FeFd479E76c7937EEDC,"0x77032b325497953f66f728ab68bf7930a6d997a3376351d26006067cf708d1ee",2022-12-22 23:59:04
