,0xf97b03bE5A17D3351e633d2C78423CBE7D907437,"0x012ffd91481a880d1f4764481a7bf7c368356aad0562dd2f7561bf48024b0b7e",2022-12-23 00:00:04
,0x932721d2946b59BAeb515f6257d685dFf4606f63,"0x504b958315f810ee9f22926f4c76f6e9c194bf0be14b33a2ab2dbbef31f4fd72",2022-12-23 00:01:06
,0x7AC9D2990D1DDCf66823Ab138a31443E105F92ff,False,2022-12-23 00:01:45
,0x2A7a83b17e01AEAd45FfD80E08c979C34A810F51,"0x002b80e47a03afd0bdabccc23f63d2eb4f2e8eb48a195aa1ddc87f941f078dbc",2022-12-23 00:02:46
,0x7597B67122E891C0d18f2689F79F99F5FF2cE13a,"0x8d89313ecf0830112fefe410bf1bd249f506a835714ade2b5354669b73c0b94c",2022-12-23 00:03:47
,0x0F6a8470B47235Fb8E7EC793Be37d03D62dAD4C9,"0x67e15c636c2aca72d23a363dcdfbcd57061d648f89cb6d232668b89116b12564",2022-12-23 00:04:45
,0x5d1189753A980e23409E6841BaD94C0F4b5DBB2F,"0xb301445d228f1eafb4130742adbbaadaf33ed2f267b916c1b4fe051b7838c236",2022-12-23 00:05:44
,0x64bb9aEB634139Bf9560470FBd827f41df3F4cAC,"0x79d535c55513b3fc768f1396bdc9cee84321fc12dd7240382f0dbc20ccf3434e",2022-12-23 00:06:46
,0x0856eD23Fa5707972f6724DCfAf9817178f84D7E,"0x0faa85cb4ec135d077eb37c95c8037da25a8e79c59e187c2e70385e3c25bda38",2022-12-23 00:07:48
,0x85365FF78F13296222c38FEC96EA994EE2ad72Cf,"0x4da538ccae762aa7400c8e7998a7d2633ce50c743378d8cc7535acc5a8d584a5",2022-12-23 00:08:49
,0x07773E8f7E49f234b8984496508153Ce79f16F55,"0xd362ce4a23a59255402e3d16e806111463b6dd063b2096cd90a168ec098bf691",2022-12-23 00:09:51
,0x03CE833f2796a1Ff49DEf7554748d617CcD1d3ea,"0xfa6d3cc18488bfe570db0eeb88c3b1db3d965a77ee46682dbb618b1d7cc0cfc7",2022-12-23 00:10:49
,0x9A1E77939eEc27a7D667818661C51eC57Ec6FC86,"0x390bd693e771e25300bcbaaf37c4d4c59a640973a274e8c27ff960674714990e",2022-12-23 00:11:52
,0xC81e6cF998fAdb276897228e61427a33CD064c55,"0xa7479b4c5e59b397f7af188e0015e9c3781fdd119295864b8c43ebd518bba453",2022-12-23 00:12:53
,0x04B7cf5d8f524c1fDAfd65DbF15048Cb797DED04,"0x1246208a838667dab13d6b86892305e06ef7884050f3663134b0d2456c5e6bec",2022-12-23 00:13:53
,0x52832D313E600a7e31C5175C20856F8c52622E0e,"0xa1baa56c840f5cf995b91813bcde77efc0d0a75d6b7a3cf645a4548589722efd",2022-12-23 00:14:53
,0x9d4fF0F4ECaF882404ECC2d2f552aB1d8c0Aa313,"0x0e511109581233711e3b5ae8381293605bc2966eb8672756ecff35bdfd72ac23",2022-12-23 00:15:50
,0x33Ea3EeC2c1369598C89A4F96FBE8Ef8E296Ef8B,"0x2039346cc01bf8cc1f8c2e5090dd95a15eeef329a1e2f9b624911168805f8a1b",2022-12-23 00:16:50
,0x241A0861b158FfB69160E0fd1EE05Fa88DEA6FFb,"0x433c60f4f630953f6debc6ee8eeca9beb84750b54f3a054dca9316106144bb7f",2022-12-23 00:17:52
,0x1acfA5cf80DCB776eA441fB304dFe21424850666,"0x0a2d1e60a4fb8256552eb005692908052c3e825dd5ab28b3d13e0cee77b2f9fd",2022-12-23 00:18:50
,0x93094f167ec5e21e3A5d208952798065809f8732,"0x9df458a0a515bd86e516346338894471afa3b07a73c36b92b3b09a1bebf2b022",2022-12-23 00:19:51
,0x7B1cf1FeECc97e27546F6e73FAa3A66a6a562C47,"0x31a3b3a519038aba931b09fbb8f3d2859c079572ce96c356648f3d72282385d4",2022-12-23 00:20:51
,0x4c593AA68B2b1D295947F59E1c2c77c56acDab47,"0xaaa673e9879f9f2a285358ca1b5bd20a68e42e8937c2c1bc0aeb1b8b78afbc5a",2022-12-23 00:21:52
,0x6F29D1eb67185177c9447feee41EAf0900186Dec,"0x8c7fdc36d6470ee3c35ef8f74e276529949a083cf43a119dec38f700e8a2b83f",2022-12-23 00:22:52
,0x221C791C5D3d343860E19254D357b3f19F2dd229,"0x14c33b936d57eeba024db820a7d528e66b950a1879f5167048d225919f8eaee8",2022-12-23 00:23:51
,0x1a76b36966360DaaCDEC86E193DB10b482AeFB8B,"0x8ca0e557a6957fc4245783e44080b547e93938aaca2d328a2f33cb1c3b4f1784",2022-12-23 00:24:52
,0x151d76ac7c7de0dd64bD417D5C1C0f91265Dd23d,"0x22aa6f98ee55d36d467d25b77771eb1bc38ea7851dd6242e4a8c97294bc640a1",2022-12-23 00:25:55
,0xf08FE56FAf2E84e1d5E28ad7c26579cDb6D67fd0,"0x6cc9951e08d1f0db0628ae8ae0173e52d8a46746e6372e7ab6b85c5f18a65512",2022-12-23 00:26:52
,0xb1a080655F35b863bE5D9843392096689909C82d,"0x078250ed4ee4cbefcec97c880fd0e341d008f7087eb8e81f64bff692741f0a73",2022-12-23 00:27:52
,0xf250eF852d148Dd8F61Ec9d5c066c7AAECd796EA,"0x1baf09b3c0707151840bc74115ea2a8f5d7d0c1619585e97cd8317c740fd4b5b",2022-12-23 00:28:53
,0x8cf456fc594F6c6e46E89bf1328c0C254b09e486,"0xb4bc99a170a79d8867601bb5cf67d362deae2d5f11e92d0dd0b9d621904f1db5",2022-12-23 00:29:54
,0x2b1BC678d807bA997f924CE745f5B74F0a591dC5,"0x528be6df35febd3c3e032f771a7afb70e5071f01430f79daf2eb235dd6b9585a",2022-12-23 00:30:57
,0x0209B75cc64b25FBed8B4Dc699523671115f7781,"0x025960cf4a956034f95eece4f850d70de7f20eb6ac8b2088dc87738217c12d15",2022-12-23 00:31:53
,0xbd2B17f6bA8c47c1A31D17F3227b929bAbDAA813,"0x44c34e837b1219a0071999c12b0e50dee772acf8878a65ed6722ba670081d566",2022-12-23 00:32:53
,0x435a7D63E7D3653Fc7122799678d1276a9E95591,"0xd661ea23e7aa8bb06032a25efcf9ce8a7f8623d47373a345870313ad99a0f13e",2022-12-23 00:33:55
,0xEd3f9A1F6ea9750825419aecB6f89F06f43418C5,"0x7bf4b76813bab37aa62d9549d5cf5fdf151264f279d58277e87e510e527cb4d1",2022-12-23 00:34:56
,0x8Ca1f3980D42aB88f8145eF6F0071b66943A2092,"0x1271be196c0c04d8e9094eeb9e83433fdebbd164115db218c94f1052c0478b0d",2022-12-23 00:35:57
,0x2f9e0FDe4167bc928f365494D696AEA644D6DEeB,"0xa07d89f569226783c312523c99eec7c005c7adc72b7b7fde41d07d2abcd2e1cd",2022-12-23 00:36:53
,0x575bdB4D3898E29470a450DEC7065731A58AE1cE,"0x5e3bc550fbeda46bf2292f179dc365209af9778eaf8703f620a72d9a05e535aa",2022-12-23 00:37:55
,0xa3ba4fd668398d8Ad00e9c2C6001E456DE777B78,"0x1a9a0b93a583d64c818c95cac5be9eda77efc80c5923dc3f1ed7b80343d68cff",2022-12-23 00:38:57
,0x29B1494daaFEAFa8ce3Be7Ae15b1eCE3Cbfce431,"0xf24b1aabe213984cb8bf6218884194f7bf1abae781164f6843bd5427ea6168c5",2022-12-23 00:39:58
,0xb10a64875D6574ECBFb3cD89D850937Cc28d2E70,"0x1eb322dd1172444c283b8e4efaad53a8a9a31344c4fe2b5b6d3cb0a58e94cbd6",2022-12-23 00:40:59
,0xf59615D082684B74a52776298400F9Ce467140aC,"0x06eea698f8916eba2b03fa80f725d281bd82f130253afaa8a856a607f1f1c8c7",2022-12-23 00:41:58
,0xCFfAc7315CaD666829aEf263631D5663dCbfEEF8,"0x9cf2eaa77042e2b6d5f58ea60b69b219d8a38f51fbdd8dac63ab248562bb200c",2022-12-23 00:43:00
,0x650cCEB809Dc5072EB58c21DbDF7cc75106161A5,"0xce7fbc984d7f06c78b5f82af941a93b94f52d744a6edf03547f9a22d04bce6ea",2022-12-23 00:44:02
,0x935623F5b9Dc9B5195737acD04fe465AafBb1443,"0x31e0a9eb60e3f07cbf5baacd96466aa4c6bd3851be248bb86cc61bc4f1c4057e",2022-12-23 00:45:04
,0x61cc2dAf8014F536bdf4f6FF7979Aa68Fe50B03d,"0x8cb35edb63257bc62b8a65f71aac56822a9c0294694e5d528a70d088c2dd0eab",2022-12-23 00:46:05
,0xa8a85445A270f6048991B08A33DFD687924a034a,"0x506e6a2c085d2ded135653df8dc95ea4dbe905e52bfda113c134e60c2ae17cd2",2022-12-23 00:47:04
,0x4843EB98e5021F540F8Fd0d0555aaA0fe2fCD4FE,"0x3fcbe04bb18734dfd88364f742d5cdf3bd1f818750b5cc57615488c5d327bf8e",2022-12-23 00:48:05
,0xB674557C7E4679aDAd1a3266cC0BB76A9a104694,"0x85c872c83ff206e87d7242f719ddda76364caf98f9f408f0cf949b9e04b82949",2022-12-23 00:49:06
,0x8461648B38A8E32180F838C3597CF45853564275,"0x0a302d8127c52010efb947bcc5d0e73246a9a68226ed74ca5146ff4bd1b1e936",2022-12-23 00:50:07
,0x5686F12369bf4ecBD500Deb1bc83054aDe079b3A,"0x91e50285ca5a174891b53577c19b2df195acc1887ef0e7a69e50a238286b8028",2022-12-23 00:51:06
,0xfF7D85b883459ec74b3C0E14bFEF0740465e8a1a,"0x1851f3b837d0ed02a6d1928f32b7afb1c3031c271903ecc77181fe7a4e0fbf6b",2022-12-23 00:52:08
,0xA4eA909A1aF6f66e338BB9De3fe47b1c51fD8B00,"0xd25cfe8f2ded69ebc0749f4293a17af043ca82ac902747b6e92d846835bb1d53",2022-12-23 00:53:11
,0x16704E1d36382F8f929d6CCECa6Fc95082012b2C,"0xe7ef6f5dfb21df2b5e56efd577888fd61c5312de309713dc60c710ece054514b",2022-12-23 00:54:12
,0x5840FE7A6BC9f14ED668409579260C3D68bD90f0,"0x1744ef9197dabc96be83c16541c421fb72677ad5866dd8bf766aea6999118775",2022-12-23 00:55:13
,0x08918E0c7Bc410B2F1d1897B553abfcE147db24b,"0x1036ba0196ab02b24fe7b39daca6a9c2669f9df0c225a2b70318faa0e12d922a",2022-12-23 00:56:12
,0x75AF18CB175331ac5E50f60b6c3FfED58eA7faAF,"0x83387b9b136867bfaf3e9cef7088b16eb0c7ea7ca3704570fd6ebbfcffe62990",2022-12-23 00:57:14
,0x83DFF3855eAC6aBB44d9923Cb1B8a2315b3f08a8,"0x8fca45fc63459b3109d872122aa08867c3babb05b7b4eae1011ebf0dacacbd09",2022-12-23 00:58:14
,0x3fd04bd4CF85AE3CfE9F9800A3EB92fC0aff54d6,"0x76e0461d6894215c7044d316626b22494045611dc2736ce89316969ba180d394",2022-12-23 00:59:17
,0x3819e33411E067d3477A390Cb5DE736e965858d6,"0x2eab777c14b80077972142396c5ca0b4406779b4ea62f1b62b0ca372cf723d31",2022-12-23 01:00:16
,0x72CF043A7619Ed91c8d8A5FfCc34c7CD6aDdb92a,"0xb6b0d1740c2061e2ad41a29627aca511f647140c3a82106e105314c1944e74ed",2022-12-23 01:01:14
,0x4ae46E5bDeffd48b1F017709b0Eb90299A8f2829,"0x09e52717cc573948a85fbbde0f3f6b6a36d43410126f582cf0126cbc761b7025",2022-12-23 01:02:16
,0x52a457a044Ef14269A7f20E7cFd8867ACE733f82,"0x03d376717210c7827ddfd002696e1149030e9a58b225af4c2bc92fe1ddd35d31",2022-12-23 01:03:18
,0xC24811704e9f7E95298662282339186a9e75A87a,"0x5332d2247c12dc80587e172dd903613f7a76157845db0b0dce46d4dd54940431",2022-12-23 01:04:17
,0xA91Beee0fb2Cc72435d26d675d6bDdC788544B63,"0x995d893f57aa1f0517bbcffd149ca53f1c7679f82968f3a7fe3803f5d8018703",2022-12-23 01:05:16
,0x5725c8d7273C03844C3E489D16cd82c45A011124,"0x46e24c5bd313632871b6fb855881059aa340c0e8ead94906e88a8225e67a5f7e",2022-12-23 01:06:17
,0x9e5701D496AD8e6E9eC7Db88F3186b9dE8E06d4d,False,2022-12-23 01:06:55
,0x61C24172E181B5022151591Eb27e5679D49d79A1,"0x84a3c8406be2f6314e1ec624e8402797fd2ddf2f50569892aa295516978a2826",2022-12-23 01:07:56
,0x4b226B40D7271Ac69fdFFf381735425593bFACFc,"0x55ae5f53c7a370d0931a90bdec0f545226e5951e24b8c17ab6c60bd97b0f76c0",2022-12-23 01:08:58
,0xC35a09c8A950D1BA1FF823B2A5A78f23647B9e0E,"0x95f2c2a69ab21a351e640efe0256e67fb231e27b10b0a28aaf8e35349d0f4f81",2022-12-23 01:10:01
,0x0b5a50C76b754bDE1581ECCE40d72fbE618f9116,"0x85a1d9242aae54348b0efd665976fd02a216ea0f72f6b1f7a7efe9f3d706c219",2022-12-23 01:10:58
,0xB37Bec4942093c3b757D8515c4b1f489cd9A0BF8,"0x65018d5d8e3b97c31fa8fcf929e33c1f92ed68b11cc6167c85f07e4c616351a6",2022-12-23 01:11:58
,0xc1DC2a138D0cF223c2832DD41e9d90f09246600A,"0x3d30472bfe14279b7f54419bdea8a05ab89efa7b9b2b7b66674de970d92aea9d",2022-12-23 01:12:58
,0xF7A0eef512942f4b581DC50101ea5921eDbC88D6,"0x48d9bf72e69161e5d96ad7fcb589c780913921a08abc35e7e67de42d28eec1d2",2022-12-23 01:14:00
,0x6fd6C686Ed30c7a75624C19B1D120bfffB3dC04A,"0xec62819e36eb147e54f481718902b2e886876910f11a48c04a6533583a2166b6",2022-12-23 01:15:01
,0xc1fF8d4Ec5383af6bb606Bb6BdD354dF03b7eEd9,"0x6da3103d028431f9ab7f9fc4e08c13ebb78d1b335cad5870ea9f53cdff9574e6",2022-12-23 01:15:58
,0x2D3372222865E2d7ebF979150bDd2aa618408C2B,"0x6a1b5217e3c15baf48cffcd9cd97e50356b9324ef32a415e05184b0ac983cb44",2022-12-23 01:16:59
,0x39f27117576100Cf348a8f06C19F932692717952,"0x976126bc23ce44e845bb6145c881de878229556d219c71c696ea5f3a78ba54db",2022-12-23 01:18:00
,0xDcf25a8A1aBd7c6c56Fa5A9006203F27fB825c6a,"0xde38e4152cccef97674ce6e351d287020eb7c12818fcae2608c1d6f020018a86",2022-12-23 01:19:00
,0x603440dAe632d129385B77E6Ec9f4525b369F718,"0x8a89d8e00b04fa598f2e51a7432da2757b5a111c6b351ed687fe489e7d0c4743",2022-12-23 01:19:58
,0x3828AF5b84Dc4e6A1BFB4563FbF5375de28cb7Af,"0xe3eec153755b81371472422729009539860557ea4f5d4842120e8a0f41e4d86f",2022-12-23 01:21:00
,0xeD8Fed2dA736d6EEe3C3990e987E482227BE26c7,False,2022-12-23 01:21:39
,0x383f16dff15E3B7421502C6b65FB0E59fE526a07,"0xa917efc430bc50469dd876310eb33ee53141abac6dd5ac8d7fe43bb11550f13f",2022-12-23 01:22:40
,0x501129c6cE939BB7672C9B50a870D0aE50F87020,"0x8a90e5c75251ef55d1a122ebc543b9c6b2f388e97c2d5ce34bb40c693feb2d62",2022-12-23 01:23:41
,0x9Cd32FBf28775F030d0Ec9E5DcA6af173814CAf7,False,2022-12-23 01:24:21
,0xdbD75Be9B43622f80b9e3EDb8A152D8C2aEc4568,"0xb647a833fb31a4292605468701635f346f6c9e0e40b106e215c6d6c46c5e7416",2022-12-23 01:25:21
,0x7988e62A3288393D9f297fCfD0f97634e969426C,"0xd03023a80d6ebb1253df8250b1df4bf809c497ddad15982ec2a62d969d2015b3",2022-12-23 01:26:17
,0xaAe61978f438E98CE932aB085FBa5d2d178A0c41,"0xb116b53c88495164875538fa8e1e1ee25f81973c06b1f9a009b9cab9561b0d7c",2022-12-23 01:27:19
,0x776449a69243d8c6876d1351191B5c6830d00440,"0x8099117f0c91ed2b2472080a2b15d7d60540ab515979861e3d166138c86e1c37",2022-12-23 01:28:19
,0x4A2e5b2311Fb61C2B2cDA23180Ae93831C990788,"0xb6eec8270074baefda86b97875953c482084d4f050aab877d841be2f6d4c09d2",2022-12-23 01:29:20
,0xC2A4141283cc618652Ee7c97eE976A29ee342a19,"0xa201ea6a1c50390a518ebabf5267d64b5da010e27bcd9c32ed55d0a99e5698df",2022-12-23 01:30:21
,0xB7b5df824D2fE44e6f11966bE980fe40587eB9be,"0x30f3c2fbb039b9c8e9e74a8e099b680ffd1c3ed0f97c01b2838df0eea54e587a",2022-12-23 01:31:18
,0x2B03B2205eC68D24db20077f99B68d8f6baCB44A,"0xf9ecf5a83bafa3627a2e0ba608b6c42f2003c7079c661d196804ff16e2a1ce02",2022-12-23 01:32:21
,0x06ae59256aaeA8Ab234CB26dB4dc0381D6A043Cf,"0xe78f7ea0ec1ea692286a1e328f6774522698834b256ce9cfa6b41659df2e72eb",2022-12-23 01:33:20
,0x3F3381EFfD347aeA89639519D04339Eef2faA7fd,"0xc75f531549adb08a93a9d50424dc7758bddc40e3f24283429aa475b89b50014b",2022-12-23 01:34:18
,0x15ABeD3770C7De8060bbf694bB06a4C83DaE5Eb9,"0x6787790a0ed62b77c38d5e4e5d3ba0d8a714fcf16eaa67b4c02970fa70b9f934",2022-12-23 01:35:19
,0xD6F66F65161c2e37Be4C463BD0499c4e816E27E0,"0x1eee6cdc0e6da1fa3c28f2467f6f5a24e9c98ac1fa91dc3231627db349442871",2022-12-23 01:36:20
,0x1D752f5057EfbE594D16211fc6DE6FcEbBFAA01a,"0x1fb77117511e093884c64c7339ac6f271307af499b1601f03da14e21578bc7cd",2022-12-23 01:37:22
,0x7a3e541568d408cEd51665Ed6A7387270f61eBD5,"0xab76722b711fa71ce35913545bd59d5b1cb91aaae4adfcf9df5f04b7cf1d863a",2022-12-23 01:38:24
,0xC532EB649eB59858496943694F28E27104E02CF2,"0x2c495444b790449e6e2c46469f8ac09221a7ec7baf0a1878879e92afe4117935",2022-12-23 01:39:22
,0xA0Ea72be558A509d860fF7BB989852d5D0d172Bb,"0x7a001f2d4883aac7e761e9e84d4eecea8443fe2572b84c000c6afdd409466ee6",2022-12-23 01:40:23
,0x14564B4B9E58fF608d6cc823fE22C6E64eC85944,"0x22c496df5dd2834050c817dcd60322c749055073cbf6f36d2b90b190e3662b15",2022-12-23 01:41:22
,0xb42388239173662d0A18c315deEBD08F9C778b42,"0x7767d59711e0daa6c99bd3a47461a15ee3cd844428e3793369178640b7df832c",2022-12-23 01:42:24
,0x7Fc7DF3d635e4A025E2560b9214a908Cb9CC15c6,"0x8100f44374c1f422ebb978e2d9de9eb6cdffcfbe075b9c13bf346e708eb81942",2022-12-23 01:43:25
,0x52bC9baa0553bE5ba9a6849932F2DC13006d085E,"0xce2e37d392b0318fe265d45ff0dfabe2582de2963ca9f544a21a19764c726bfb",2022-12-23 01:44:22
,0xa0eF24fa90E9ddEdE2bFe297cE6F86db01016f81,"0x1c41b547910fa3c14c18335488e2700b66d64ed8878a41fb9436b814c1244c5a",2022-12-23 01:45:24
,0x21f8E206B4F3Dcd5F4fe25Aec500eE65d539E709,"0xf5240c49c25ed339860d0f0a38f97dde4a90d42b0d2610c33bcc8fd2edd5600d",2022-12-23 01:46:26
,0xFCbb6171Df38f465a001aFd561EcABC5Fb13F890,"0xc313955c282fe3d1c29798948f21952a33e32f2cd144b228f08b203d83bdee9d",2022-12-23 01:47:28
,0x3F2bce567e5C7ACdb695F16069cb982BF561247B,"0x8ebeaccb0328a7fb6e36020d7145daf138edc515e811da74319f5590be42870d",2022-12-23 01:48:28
,0x3E1Dde4c412265f7ef7f1Db5A21E68858e2e0353,"0xe428b94e49767d5cab8e8b5ce7e811e706f3ba8834a05418a6f005f802746f43",2022-12-23 01:49:26
,0xC0cbb41f1f77E3F51BACC69F077b1bdbac64c0D0,"0x37b4c7987f60a217b8688e596f671f30ccae15acee5f8605a5e20d5523b55e4b",2022-12-23 01:50:28
,0x66386F4E3ea153cE2483FAa0214003e47E1ECdc6,"0xcc31d807cace1a73536d82a1fa1a601c8e6cdafb786dc024ea1b2ac3c555c65e",2022-12-23 01:51:30
,0x032403269147d4A80aA1fc486497cD2351d94760,"0x59da794ea4cb6978904a08d1ab3dc6bc5558cd4a5bf2955b7f282d0c9f9e0846",2022-12-23 01:52:31
,0xD62566a12d6ac3Ad40Db43295897B908FE0d36Ba,"0xb8c25ace0a939cd6a0e72126a59ef24673d8fabcb2d1709a2354c943a0ae0535",2022-12-23 01:53:29
,0x956e9Eb893319a63ee999fE2Aaec5318fE8bdcD5,"0xfd1dc4e31861c1107cad4651035d86d99c4fe955a56acec84581bddbc16badd6",2022-12-23 01:54:26
,0x10c5D7A9f00503a3A365fd5eB8ddd7c79621B54e,False,2022-12-23 01:55:03
,0x9BE53C14BD93fAC1e1791bE127cC8714C9c141C1,"0xf0d7ecb76710aa1d0a405e6d85951b164a14c17ccf2715086c13a06bab1a49c8",2022-12-23 01:56:04
,0xB495E9C56a697CBe59e9287a7b44796570535178,"0xcd5eece7184e2c3167fea134c180c4753085f46d13d2926cc2b33d5282876d2a",2022-12-23 01:57:04
,0xFc15E3FA5d21a065CE49f142A08263e4fb64Ab50,"0xc52db8e568a224c4da0295233e1435dae39ddd57030485e32ffbf3fbc0845275",2022-12-23 01:58:04
,0x8b673d04e8ed900FF6B7F843022Fa9bBa95E042c,"0xbe896ebab84a92b3ec077f4da43eb69182b988bd413e15c5498045c8d1d6285e",2022-12-23 01:59:04
,0xEa3f9C4280FF2529FedCdb9DA8F9b72C63258AC9,"0xc62189327cbca438f4c679631c016ab5fedf2d5c782250a4dce043b7a2566448",2022-12-23 02:00:05
,0x8d54E0fe38AFf6D51FD10a96D6caE382A31f0BE5,"0x623490a4a80c867b3d9248c18403491328f6213940aece31d1d708170ae5afb2",2022-12-23 02:01:05
,0x2dCdEf605039E9D31de71fb4F87cc5c762214Af9,"0xffcf676a4006372b28b9d8cd5b678b6abe94e0d29c398c2e5b12ea3bbff65206",2022-12-23 02:02:04
,0x88319148D62CfE006Cd437a2c338cc0234187aB5,"0x1ba9edcc5201306e08cced4fad2422c5fbb8b7a02a1ad48d1d9d823aedb75664",2022-12-23 02:03:05
,0x86c923F7cb75Fdc1AcA123922A259Fb746cE64DE,"0x4f83c63a0c3b0c0471bbc479df96aab44b59e493c79bc9eddcef573658909060",2022-12-23 02:04:07
,0x99b835e36BEb02Ff86B9B0721D662dE6237F4e03,"0x39d8697dac47345b81b6bbb034cf102a85364b0b6c811c62476f1760a060e448",2022-12-23 02:05:07
,0x152b5917103eC92029e4f6271c38CB9580A37d29,"0xf991899c97864721b11071a880c9ddd4d78e8538cfafb00eaab1f9baf6a3432d",2022-12-23 02:06:08
,0x7C41c63430EdAA536d143C9f760e7B728006b027,"0xa31710c2b3022bad6e91aa1cd1d0706d8b5701da7b1571da34b500204380a3dd",2022-12-23 02:07:09
,0x52D35900C59De2397bb36Cd944f92759886Fc598,"0xec01b0c8486d707988bf98918447dae4411edba1033362ee1ba6340b1a06c3b9",2022-12-23 02:08:06
,0x369A58EbB807C0C900e6c0DA059B53ef15dC6550,"0xec1bbb0d872cd374fc69488ceef84ab950282928cb6494c9b677c54bf33e0554",2022-12-23 02:09:09
,0xC1cD4AD75C86c2A3E7aC8b9d6Da62C33C0aC0192,"0x51a966c098e77b2ff21b32d743ec92d85478fd1baf999e62b85f6e3e5eda0e79",2022-12-23 02:10:09
,0x5C52160F9c1767D51f2adAd282F91A54b6152C61,"0x5beaf393f2a0a48d5d1d65d325f5ee86ad02fd7cc35aa4598c2884fdc1caeec9",2022-12-23 02:11:07
,0x08533674e7e9111980C689625B381deFb8e144d4,"0x78abe65fdfc7765a638c6f57b1c090b09850e3684be69eeb4393df7ca092311a",2022-12-23 02:12:07
,0xEcB7857B41780802F99fcdFA67fAfa6d2953D72A,"0xe77fa113ab51cf44acb31cb79ff52aab0d1e2a3e0e7bfdf50b2d7601f6862ba1",2022-12-23 02:13:07
,0x56ab78B3E900ef34DB7c456Ed53e4fC5d6c46ED1,"0x36c5c47ecff50c81b0c30b3a4383ecc5ef4ae1c50d67a30552756a7cb5ac8390",2022-12-23 02:14:06
,0x65CF22564f2D3cD834Bc0f402b07950fEB7e5aD0,"0x6d0760946939916ba123a691bee232413ffa0aef27b552641f84c468952cf27e",2022-12-23 02:15:07
,0x068A0710BcbCbE1174344765875a53ED0226c92A,"0x666f2a2d322a9e4e1d96528c19704965a8d90d7bfdaed86203888d94017c823f",2022-12-23 02:16:04
,0xbA5188c3105Cbf2aAEdC0Bb26Bc69DD6D1ce60bF,"0x700f821df6664658931a338e0406841ba33934767b0400d6c0d9e9d8d571a3a6",2022-12-23 02:17:07
,0xecAF61D4C05061eFD1C689dbB1C9eAD0314e9eaf,"0x7b47f3dff521c1de3b67c3324284e0b1686382718dc4a2fefa125b2bb1995375",2022-12-23 02:18:08
,0x2e41F2Ddf89B3f96C899e3DBCa7d5b5d25481806,"0x1f390770dfaded77de5e9f5504b45eb20d5c86916e5c5bb969a82f29d77f8a55",2022-12-23 02:19:11
,0x569B77a0226d76AAc632557C9c217DE4004c3263,"0xc550a51ce6d7139bd6e66d3dfc85d9930e656dd462ba1bc4ab9a66a8ec9dbfb9",2022-12-23 02:20:11
,0xa845a369FB0fA4391745324231CBdBd2F5a63B99,"0x1ccab82d2e9b66c0e5168e5b3dded69dd193e8e8f5ce1574f8879fa0218c1f43",2022-12-23 02:21:10
,0x8723cE8ff9Afe5e097E7416D93b45d98cc67f1E8,"0x49299b4efbb3309da7c9bc8a678beda90423524cf2d1545f061364806f02c2aa",2022-12-23 02:22:11
,0xBe33EB84aC828a98E0E452126Fe0ebb150982A8b,"0x4c4497f4d9e40b557eec92c1dbaf5a72751261f46f62a25103df84ce2c538ad2",2022-12-23 02:23:12
,0xd3b230938Bbaad45aecD9a4f788170349ccA34aF,"0x33d3e3972ed7fae6025fcea86fb6638449b979bec213cfe7c70514af1e05212b",2022-12-23 02:24:15
,0xaC2e1411fE2656159410fb13D2b702eAF92CA83F,"0x539f9a5d18a1b1b49fc07019a4bb9f8a318756e4e8cb221c48f61c7cbd8f4441",2022-12-23 02:25:12
,0xc78e6b1A34153A71f42aA9B9577C5f86a9e95704,"0xd4ba73fd95ecde801b7432802c451884b85fbe633c6f5c0923b0007dab34ea18",2022-12-23 02:26:12
,0x84bA39a2bAA7d051957d34AD9Be89A1F4247a7dD,"0xdac0a71617e6244be036b589a27b81db14aaa2e2b9cd814abe3b89ddf9db24fa",2022-12-23 02:27:13
,0xa75A34Fe6705F0eE869636AB856cfa0e474203d1,"0x76254d298c16050ee390be5a09648215741e8796f01a8c8fec06a4172babe897",2022-12-23 02:28:15
,0xe867f7c6c28AA240747931391a7336C47BD82Aa1,"0x63acc7b1db02eb84b21feb8e5bb3add14c42e67cc7c2c698d674bfcb0fbae067",2022-12-23 02:29:12
,0xB3B5d7C23d91F3670696cb2C0AA080f560AA42F6,"0xfc097bac92fb48b0bae39d5f235faacfc5df8023a92d4cc4768f1c65d69e3fe8",2022-12-23 02:30:13
,0xD33E904837408007bA727d2a1E23C746b3b08E8a,"0xe2cf65e75278c2d37de45688822c96a7f410079480dc3159b436c660608a75de",2022-12-23 02:31:14
,0xEA4066B607CC547Ddc515101402AFB8D04F0D0A0,"0x8cbaf0f1d4bb6f561ec3a4b9b99d44c8bbc2e9ffce25b00ece676ba611dee94f",2022-12-23 02:32:17
,0xfD575323cf17a93A6De8e7E39b124D29923643b4,"0xc92b318dc5d07145a2784ec0d51df93dc898a1bb9228a2becabe9e10ca4b6fa1",2022-12-23 02:33:18
,0x12DBE14C46DA05746c4f5adf16Bd2C341a8c9a30,"0xea5cee55beed58d4384cc1de94aa902000c282f0aa6ccc37f8df886fd1b2a2b9",2022-12-23 02:34:19
,0x4b31cb11a1093Fe2471813EDA2Db95FAA5629D1E,"0x7e18507eb8a7f7c2043e9d26af8cba0d3ef903a942bcbb88dba289b8c55af450",2022-12-23 02:35:15
,0x772F973C8905e49e188EB4a8830B6A4c2768DF3E,"0xf346157785c000cbf64310e5ba31a79d377a86669bbe4c0244354792eb4397a6",2022-12-23 02:36:18
,0x4136Fe7f8FBc861D0AD87B34a0e716A7A6Bc84eD,"0x0c9822f3bc72871b8ce32bbec2087ba4bdf31a0fadad0b58646bf4ad1bef87b2",2022-12-23 02:37:19
,0x95daD0Bea3A0aaa0fc60d41c87f3B36A2C2D06ee,"0xa4936040d6b8b1f8191e6c19b8aad246cd46622d3c1ae4393cc92531eece7443",2022-12-23 02:38:18
,0xD4FB0A6CBA44fC1bEa91EcDd7356e8BD592AB6af,"0xda3cc5d6c4a9e4a65ccc1573f610579c7f8ffcb97ef87e3ba8ca2082487b01c5",2022-12-23 02:39:19
,0x6eCcc65254D2FE9FdD2B280e752c37BA054F36ab,"0x2e71800e1dd2fa6869a4fbbf5a0246ba4faba94a58c3c508d679ccea13886d8b",2022-12-23 02:40:18
,0xD33b68FFaDDD76e6A1bdaaB886132Ca4f8ADE377,"0x0ace19417eda9d234dd7a7715d0cc00634418a2b839687fddd5215ff834a90c0",2022-12-23 02:41:21
,0x801FC27e89709C3E40dd47d07817DB6d9108E941,"0x1933de94baf91677ee800070a980e0293cc4f10325c2939e071c0375f86b89ca",2022-12-23 02:42:22
,0xa2A286FEbA01697E0A53E7f56da10D755DeBe09F,"0xd8c6b987ee561ef2bab27742327450e94d0e14f70921f1502fddee3c54d15a94",2022-12-23 02:43:23
,0x669c640772C219273f5dc08e1e144bb23dA9BF61,"0x3d04d0c9105b4c94ec89f13449bf978df1e45f9a980c5194463788b5fbb180e1",2022-12-23 02:44:21
,0xA47439eD0630FCF9e900F146c60A94982B46798C,"0x3fd1c39e38a43523fb8b351a9074418eea689976fad1fe139b123d595d49f937",2022-12-23 02:45:22
,0xD8f3aC5B9A137939051bfFBf3840BEdfc8F908e1,"0xc9112c3fe16c2d66a6fe0706267b0ccc68168a35072263f0e031c9207e16d663",2022-12-23 02:46:22
,0x97D7B7F53419735Ba68b70718481E7410473Fd80,"0xb0a853b3581d1766458e66c6644a2e306bf29b3f11a043a69121cfa7a0edbef1",2022-12-23 02:47:23
,0x59e9331733b9f7e2989D2264c4ee117db3ce311B,"0x130bfa08c12226cd950e7602055937907a77cced1e6907fdcfdc11dbddbc8081",2022-12-23 02:48:22
,0xE34436F1Be089AcfbAe6dB916b398E881998A0CD,"0xa23e725d325a644e2cb3eca9fa1431581a0dfca1d65730ff4d08462a18ca7d7a",2022-12-23 02:49:22
,0xf6CF70e69fc88a551B8db06d0cd429F194BF7872,"0xd726e8d182973a2f9bd61f8d101cc939dfd234aafd665c22c4ffbd292c40238b",2022-12-23 02:50:25
,0xA317EE939ad5D2F9B459D0b4B25dC41D125e5B25,False,2022-12-23 02:51:01
,0x803B8ebC10109a3ED164f18E714DF236D036913D,"0x1f52b5131dd9a49f5bb6d481fbe672b292e688aa1ae1fb1b488139ae2d3221f5",2022-12-23 02:52:02
,0x3da9C2844FaE5A07f6706B9097701C50048B6bd4,"0x13d1e929e992feb3089bb1ee13d11ef90f375f606c853f571a210f9da6da36cb",2022-12-23 02:53:01
,0xDA42026D4a11D56813773FBeDe8689D34D7e9f67,"0x440fbd77f2c32309c2f858cf4584e0422cb033cd4c948c19c41c25d41c4f9a29",2022-12-23 02:54:00
,0xe7667F4A758EE48Ae077E08313c96Ab1a566Eff9,"0xf773f460114e4b36828a8fbb22da80d3e7bd0ac0375b03af2e4ed967deea4f7a",2022-12-23 02:55:01
,0xaA2F1745753E50CB62926fc319a4b8B6684330b0,"0xae2ad330cb86f498b55ab7293c8b70157b76fd95019ac820520d4e2b7dabced6",2022-12-23 02:56:02
,0x876627C14077617f7786c8751751Feb6023FE533,"0x4537581afe657bd8aa8dd91ebc804f6a1c37044298159cc609f4523604557f88",2022-12-23 02:57:02
,0x2EEa28196a797D97ab865F504191a48376690e72,"0x7c1ca4cb0260e7cff86bcc39e9cfce960c24f7834fc853a1d9196c00de21c547",2022-12-23 02:58:03
,0xF8f117c9c79159BdcB358BeeEa63514b48BFa007,"0xc4f4b628c6719aaac9f2863286455ae0f81c6dbc53985052b333c120c2b2c72d",2022-12-23 02:59:01
,0xB460c4fA75c79536BE00A18510dB88A0A4E8b1BD,"0x10949bf3ffbbba863e5700957e7b3ec0c21873afecced0b3af8d81f15e000208",2022-12-23 03:00:02
,0xFD7C88b2F61A86d4941A0F7E94010f6b28a674ce,"0x0b8bb61a8c7f516d574700dd74713064bdf1e06371fd1e40e20015615994cbf0",2022-12-23 03:01:00
,0xfF5d7CC76c188c7e0D4185ac5F7Ccab7c7d54Fd0,"0xadd67c7866aac0351c3f91694fb04a565262f93ab91a74a386b6febf8dd8f658",2022-12-23 03:02:00
,0x3E03b75C091f2be060FB3c437153176e51be0f3f,"0xc9a945ec8edf2838fb42f3840cb2848cadc5f88c4bd599528f5e4f7472a9475b",2022-12-23 03:03:01
,0x3EfB5EE91D68a9F08325D1C7C6fC61e927cc933d,"0x35bc71aa65016ae2669c4faa82e92b765c897e68896bf971e69473223c7eb7bd",2022-12-23 03:04:01
,0x8ab63cE432d9Bd26FAA0cEf0aA491E7ee3E1A8bb,"0x23e6c5e258e45aa3441b8850fead779c3f0e24855632ac431c4c868cf95045c9",2022-12-23 03:05:03
,0xaa45301B280f6EBa92587E697E86f8c564fBC90B,"0x8be70db0daf532d873b227b281e2f5077895bb8a812a83099a0f3e38ce2c2805",2022-12-23 03:06:02
,0xCAD09775e61FC0768d215554f1918316043f40a7,"0xec0cfde9ab41c3b355675dedda51333412ab6e0e28ccb50102e9108de6e7b590",2022-12-23 03:07:03
,0x65f7C652C0D5D4de50E923a37f34E8Eeb0CdD2cD,"0x5993d0ac4b612ff7d8be3aacb1889cd54c90c3bdcebd6b996661067b537d0346",2022-12-23 03:08:04
,0x545A1dD03Ebb4197498153CC6f866C574e3ac8BF,"0x1a66b94eb253c84d2145472404394647752a9b8b4b6e0be11aa63cfd37144428",2022-12-23 03:09:07
,0x783Bc1f947780c648909a13e337C03587f5fB96A,"0x2ff107829efc7029edff6b14bc33ae64c88ed1448640c31da43c8ecfabd7cb50",2022-12-23 03:10:04
,0x764E2fEb51e85606867DE00c5Ce68BdD0f9611E5,"0x390bde40ba4e4e745645c1145fc2ac2aebc739d32695cc7e77261d8e91529744",2022-12-23 03:11:03
,0xB6DB540e56A229855CFc81d5c51d2a408b2981a9,"0x8aae00d57bb9f65dc2330b3ac484ecf71627dc2c62f3c585a5786c5a1bb3d361",2022-12-23 03:12:03
,0x42A4DA609280459Bfa057Dea3F12189C0997F1A3,"0x558e41c2a0b0fbb0fa56b5bb7dbbcf22463d2305f1eedbe94e990fcc3fdaf337",2022-12-23 03:13:03
,0x3090952dDC89730b1d0893269e6101E0011492CC,"0x2ddf3c3483a38c234889ab912bb52598a2bece49a0757a2ad5b0979a261e9a52",2022-12-23 03:14:00
,0x6c8288C1Bd00eE84d57E7826C5c1c20fd141287c,"0x95fc837e7cc6c8a63cb84aab389bb8285ceb2a7fffba9137e6b4cce4b16397d6",2022-12-23 03:15:00
,0x3CB5609F169625c4154161FcFe0d13BD0851067F,"0xb0dca4fdef412c471d9993e0cda350c027632bdcb7d9d327ee7f569fc1c79e28",2022-12-23 03:16:00
,0x782D4919515998a40b46e0b3E5DA9259C37433cB,"0x0c9f2dd2155e65a53f4350d7f2880f5eeabbe2a919a694d4c454d46594d76202",2022-12-23 03:17:03
,0x8490a464822b30492F59A7C948673715e08F73aB,"0x4db392be8d94cfe2211df39fc55143caf901bf3b440546782d7a5c75faa2e5b4",2022-12-23 03:18:01
,0xf315Ffd35D9F2987661f2fdb5f912eFc0918092C,"0xfeb567079742275789f2280acb01b7dc84f6b77dc7800cfdd62ac9bdc89be102",2022-12-23 03:18:57
,0xDcEb5790f2228B2d8f7d5cA096Be2899F491460b,"0x0d590918274cfdf40bcf3f46eb6460fe7e5480a1169e5d9ed865aa15d2217eb3",2022-12-23 03:19:58
,0xC958B145dAE89f81A19B3617986178D02cfEed31,"0x89924fee1ee16f1c6d77194c066e36fcdae1ce0e23ac9b77700f75ecc2164f6c",2022-12-23 03:20:58
,0x6d40cAe9E4Ad99f95cCc43790080d5e457F1385F,"0xd3054b9c9c6a987d89dd782ffe8bab13349527e45b0072f2605d5136eb154f6b",2022-12-23 03:21:58
,0x47Ac88e063C4f49E0D2df17037442c1c0aCF323D,"0x8a796c614fcd4528ae2ff166dd4dc54c03c5af8d570f1cddf1c5ec4c1e8194b0",2022-12-23 03:22:58
,0x0b1B810e86527315C3B7A1d46d3c1c1CaB7C4125,"0x0617b24cb631fad9fddc208b98f03ea7bd41b2fe807ca429fc1fbc8419f36902",2022-12-23 03:24:01
,0xA3803019709ccFeFAcb8af740194eD91eFBbE369,"0xa4a85a05456f5e857ec84addd1e74e7d2772f62d70ac2ac506f898ff8a257644",2022-12-23 03:25:00
,0x2aea2d474bF5A57E9F4b76400D136D028963b59D,"0x4a4f1be0bc236fce4d58b9814174feeea21642465b7115f38ca48931bb97b177",2022-12-23 03:26:03
,0xB9E9Bd4E80Fd7eb2d9E9555270584ac2Bac25937,"0x577d60db50df46d75bf8b6db743d9e825611e749e01e494538ad9d7d3b0ed0db",2022-12-23 03:27:01
,0xbC13CE8be3fd8582C997e51D1D27ad8e7A404Dd5,"0x21c13d08bfcf4fb55ca39b38f307f54cdf20bf02a50bd29f0183e6ca216d2359",2022-12-23 03:28:02
,0xEF1B6b2789CBca5DD78F951251407a160F69eDE5,"0xa4ec09a00ec5b8a7363da9b37ce9c33957189555b66e90c8e8e12314d78994cb",2022-12-23 03:29:05
,0xFc472c713AF3429d26951395d6334aCc21DD329C,"0x0022d89046b99e9c0a91ed5061f8fc3d2ae337c6f348bd07ded8ee08a4f1e837",2022-12-23 03:30:06
,0x4e9a7c9322Ee4C398641471299E545120bAd64cd,"0x8abe1aa564e3880d78a85147c5a5788ce2beed3452bdd3c719ba11c8df4a44e1",2022-12-23 03:31:09
,0xd3B0Bc9b2d1481319AFcF80be4eF299Db3094431,"0x62766c555248346bf615981b2721f479e1d396f0a4d1974ae7377e2f13289277",2022-12-23 03:32:06
,0xf6E0d0225F54a3aA1d18d6f61f06735599e10e19,"0x94d834203de4a68ef83f9058ac58d8d04050091d69f12fc8ca79bcd23f14e779",2022-12-23 03:33:07
,0x9802f60c5416444ec1daCc58CFa0190d96066062,"0x7749069bebe7097d48b8c0c36f2416085b3610707db15f05c67762f0d8c6974b",2022-12-23 03:34:06
,0x82C73E1625a2Fd2892e48F2313528f347aFD239A,"0xa9e3879df2521aa3c2fd2de2e6ca2050dad317130e1cf19fae0e4576c18367f1",2022-12-23 03:35:08
,0xa9dB6cCe1Da9801E83AFE5F2Fb21190fEc68a441,"0x8feb13683cb08892a478ff4510371549a57a35ed5c5ba5973718d872cbac1d8b",2022-12-23 03:36:07
,0x1833eC45a540922fB3612dEFa5B3eBf9964103Fc,"0xae891641cb357c2bf56eb61062a1432e5778262ba743de2e96d0a6d1bd83eb61",2022-12-23 03:37:09
,0xF327c2356e4f8567567d04dA75d1c4990c8f55E5,"0x0f9a3411f3bb80ccdd6f1b6440aba0bff15fd17cf714d4a0c1a38f0656fea13d",2022-12-23 03:38:10
,0x6159aCBe2CBF243E7686b0cf8Fa2bd7214f92C7a,"0x67a2c6dcef1849be56d3ed3846a5803d509216f803450646e31428640eab4ca2",2022-12-23 03:39:10
,0xaE6d6FE18B3F25A8aB4a5d7205eA5912f69852eF,"0x0615aff8d084c6ab2d305a571c9ce63974d7a80b8506b2f7d4e157ade44c8445",2022-12-23 03:40:11
,0xC069205F4f2e7DBE9F6F074Fdd5123FBeA38D1AC,"0xcc5f86b2816cf641802b45d819de3bf7f55e818f2394c405178f57f427c8be33",2022-12-23 03:41:10
,0xe6C4d00cFB6d86a5280B39AEcEfD357482C0ef87,"0xac42d6305b7a2c559997b52104411c87610d61af5afd3d70272531013a2c2241",2022-12-23 03:42:10
,0x0e22d08DE554b5d26Cc844e8562fe979A9d714d9,"0xabc34b5a63e9491315677c7e707a791393273584c3c1bd82d518374f2c4c090e",2022-12-23 03:43:11
,0x044869Ffa6234ea760Aa92B02e6f19e8F2bd73bb,"0x764bc2d882c71d62f85a1e736efb66ec12a35021d2212de90dd776ce3a10810d",2022-12-23 03:44:12
,0x61a560ECB5b6a93D7D33d410c8a96c4be6318d1A,"0x3f0743476a92bdeb142a581115fa2be312480e101bce2961fc29929a8735e2d5",2022-12-23 03:45:11
,0xfd20FeaeB0f841caBFAfb8eC1E72F6B3046A2398,"0xda6e2f5df45a77278463af7cc6ee75b073f5ac11ad25919bc9b1fbcb7d7b569f",2022-12-23 03:46:10
,0x7db72b5711FF659CD087c2Ca965C666DeE478F34,"0x84d4f6dd855263e00967953724ed6d523dff4014dac9ed0ded9fbcb4d7fbb836",2022-12-23 03:47:13
,0x6a3de6dDEaAeC72765634319CBcD61b28712a97A,"0xe4ebd6a342c8d14c6847a213d088dc234d53ca5b32204a2ecb2ac2a681f19fff",2022-12-23 03:48:12
,0xdbe0374752eE303f1E5118aB713c5dB485AC43a5,"0xc3b53483c9b5dfb5f7197486af33b89bb951410c5c78ef6556f1cb599ded7589",2022-12-23 03:49:14
,0x0b92730524Fed3C98D973DefD750D697fD8Ba72a,"0xa0127059697a96b6615b6866c48ea75fd0994c6608a04be0d9ad84db39e5c7c3",2022-12-23 03:50:14
,0x73fD2C787f48d68F320143B549607EE8649f0A1f,"0x71beae1b36704e7328a6522d6a67d2e9aa4c63f41109318b9675d0b0b3eab4f5",2022-12-23 03:51:14
,0xf8f91E45D4487EF7A76B9C32352722B7C94EEbcC,"0x5d4f281903183d13103f68d8e8f517204690015b7f76f1255be70d081b475840",2022-12-23 03:52:15
,0x66162dA9C4db1325D4A4de4bA63f416461b0aa62,"0x0ae694fa7f5953e712d0c36d4305be70d261ce7c97504e55c6cf3768cd06a4d9",2022-12-23 03:53:15
,0xF457027588db95eC162f357783aEBF080F2dbe9a,"0xde62a409fa1df7005eeb22198bd7fc85400f0f5ee9035336b3ce581abafb2603",2022-12-23 03:54:14
,0x694F9e486d93395f3Dc78b5751D981F25DaF4d33,"0x0f871da84dc5bd7648f239c5d5610c6c2c1db93df687e10bc0850262fe0ea033",2022-12-23 03:55:13
,0x3783F68Bf44682c8244f56B9ef1d5c00Acd0AD0C,"0x0b73bfe562d84a663d710538722076fa001bdcb3a62d27eb8b4e98125671f92c",2022-12-23 03:56:14
,0x2B062D79513A583F035bdeee6BD1F22Cd01DA40E,"0x918a8883bc6cbb808bf623181a81391699682b7b495c5a6b15d2363bba9fdb08",2022-12-23 03:57:17
,0xaBe6dbA70e1BD2EDe01D56FbED157cf2Fe49121a,"0x336b24f6d7ba191939729824ca67255127e8f276ed04f9102f5ba7b1497b869c",2022-12-23 03:58:18
,0x70BB1346213Dd80E6D2b8FDA8546362bf836567A,"0x2f3ac4a9e163988f495df3f63440a9dc60766c50b0098b8114f71c06f5a59829",2022-12-23 03:59:19
,0x41C10900f39C529862bb8bD1dBeCE8d82Aa33cac,"0x25f6c6ae5bff8a8862c1cd197d16c3529ee2f61222682b69f011b101e1541306",2022-12-23 04:00:17
,0x52b3E9010de9911FF7677811585b5DAEf264f680,"0x29a51a4891482749e76b9c5a8181c3dd71f52b8459f16fb949a498cda929aeb9",2022-12-23 04:01:20
,0xCB29Bb978E05E6Bfd19D41FE64734e232232e836,"0xb46ab0750d1c81c1d5337b7a726d4496416591a6450ebcbf87f3d40e776b890c",2022-12-23 04:02:20
,0x659BC320C7e5Cea32E3613Ce310d1E0Ba079604A,"0x969c03d4ca61664035b24dfdbb42e689d5d6f9f376e9339c8ce893bbddd06d3d",2022-12-23 04:03:19
,0xAEd08ac7ADcbA09bf64FaDce98df692BF2B99D97,"0x1f37d67795cacbd70137b047bb77eb1d3120e2ca07d1792d50bf3b285307b1e5",2022-12-23 04:04:18
,0x5cfa1b4dF07c31C3Cf977c9D5d76625c23C6DAC5,"0x4d7b04f67ded262b79e2024c3248612f53d2671f2c3a33833444bd887997fd7f",2022-12-23 04:05:18
,0x2de7045D9c701181A5c5008227C119f07dDf9044,"0xf530e4d548e0369344e220c3a732397cde13ca1642888591eddb7ead6c1d0fa9",2022-12-23 04:06:19
,0x56F40D6B05DDC6efeb922439022d39dd7a9a1876,"0x9823ffb8bb3e3ea283b27493302841688eaf023a32d017f9002581a62770d259",2022-12-23 04:07:18
,0x8aA8046a78f13d4bF60590990f6432458F56556A,False,2022-12-23 04:07:57
,0xa1D10941860FC0057314AF35285ff4C3378090C9,"0x14e3b4d31ac72b9c2710c0cccd034ef799e7186958c9402e9ecbe0829867fa22",2022-12-23 04:08:57
,0x6E6b846a36176AeFcaC8668FFF1315cafD0Ef4Eb,"0xcede0d6ffc110fef9e08ccef0d0aa3100c47b84fa2f14bf7e478859e25092794",2022-12-23 04:09:59
,0xF0dce1589b6d4eA3a48FB9aD6567554CD457499d,"0x55dcc40cdfcb469a522634994806866f07c6c31c22fcc0248c43889ca956a137",2022-12-23 04:11:01
,0x1408D00a493713b096807CC11a8570dB33c276EB,"0x859f382aa1fb52c0307d4703e2a7dd237034a9b036a786bfae820bf9d1288162",2022-12-23 04:12:03
,0x598e03Dd5d5646319B8a2695515248a3fb9Fd64a,False,2022-12-23 04:12:41
,0xC8352eDbf64AFf57208c34cF1C8C7E312C9bEE12,"0x4ec902ddad5931888ab6a61700c7e371c10ceae92d00595e06241ebc9c4e18f2",2022-12-23 04:13:41
,0x9b09dcF80Be0A2B92eDFcd4a2b23A544579Bce14,"0x85f902845bac817eb8130ccd810ed83bb707b39063e7187d655e96a8666d21eb",2022-12-23 04:14:44
,0x8066eaFD8E448EA0A854E77a6a02382a24d01Ff7,"0x1b047a5d69a9d19be47e68c0f45aeeeed3c45c178f5f7f4d4ed1c6b2c791fb9e",2022-12-23 04:15:45
,0x2BD3A3c0C6170611846FdF269eDEbDc2bCD1CC1b,"0x4088ea641c71397f32524c3af93ae7b3e1bdcb393c23a38eb83b8a7bef7ae733",2022-12-23 04:16:44
,0x0A16d3Bd7547bE99c4DD1a9Bd31CacfEBF839A3F,"0x5861bf0fa26421bd39ff30367acea05592802a3c3cfc6ff279ab109cafa00de8",2022-12-23 04:17:47
,0xfc2CFecf43aD15A89DBFf43057E91847EfD75863,"0xb3c5b6ba61b33dc6877ea6af63f9048dd6bfeb8664754bad52112c73e108f718",2022-12-23 04:18:47
,0x2F161d604fd2f0991DF4C2CF2Af38c2C7C888274,"0x70c608be0831d00285a6cbf9af82e06e94d80d565a3fa3ec5ea52832a316b91f",2022-12-23 04:19:51
,0x761D667c68036b8820184f2efd9da69F12542987,"0x3f4db555968957914bc4432b452e0f0e1999bb95e19c678e7b8861fa563b2bf7",2022-12-23 04:20:50
,0x0982E3182401F39f94adc317d60F18CF03186f3b,"0x6b0aed11216aff32044d84863c3e19dd121c4113aec8be41e335b6530e18f66a",2022-12-23 04:21:51
,0x16820592016B508A12CC758F5C6a5e7307cF4869,"0x0653c2ff3a0609dbd811bbd4e7f3c8d4e73dd523ffaf4f9889731be1e9f0a89c",2022-12-23 04:22:50
,0x1b10fc5bB9F253C327DF37D8A3ecDBf25Dd60832,"0xea6e9c58224003c965479c3359c427352bcd89a1fff76e0358183994d5089efa",2022-12-23 04:23:53
,0xa428ef845ff576db4C5C55201d098b47F0c180d8,"0xe36478a53cb175579ce5d47919e68d2f1deae8fa7d6c2dc105d565e179ab70c7",2022-12-23 04:24:50
,0xD3faB3486b01618b50D1125E8660851f910f5346,"0x2105df9ccfe2863e1cd1e70feac04970299d0c569d731337a41473089a57ae5d",2022-12-23 04:25:50
,0x7B08599b683075d699b6F8EaC7a1EC57E55DAC41,"0x0b862a2673a77850f0c8a432adef314ea1df52c9a83ca27dac1e601fbc479464",2022-12-23 04:26:50
,0x29EC2007da357E582b886352cEBEE24293E60505,"0x4843e77aa252133fcca32a4b280e39c63172d582dd519d55ef9c54a4ef3e205c",2022-12-23 04:27:53
,0x9Da9A354f5F758852AC1e59622C1Fa96B7AB0a41,"0x012cccecc3863a33e67ae67253e69fd57b0722d4d685ca8ea94c3d41db696aa4",2022-12-23 04:28:55
,0x4fFFb18ddEBDB1A45BC2A76883a33C1275ce1da6,"0xf73a5810c0940c07bd2763a18b55a963ee4e27bdee37dfeaf255e8addd12b08b",2022-12-23 04:29:54
,0x307Db3eDc724D5aaEab1c766d6aDb30320E2E0B2,"0x27cbbe5e66ba8ee3684930cd14665f35375244f3f532e63fbfd7875df4275c69",2022-12-23 04:30:53
,0x80CF6244BE40ED66CD0e1937b4F7EFC6Eb63154a,False,2022-12-23 04:31:31
,0xE5107CEeA54514E5717502bD92c8d185AC3a3975,"0x0c96c14bd109e8c9a09c8548aa995914873fe8480b1a6b5426fd62148575fa6c",2022-12-23 04:32:29
,0x5bD82dB21896bdF6be3E3C55E1a5F96086361810,"0x797310941cb62ba1fdea7a7aacd9afede058dc2ca7115256fb8a3db6c7dedf05",2022-12-23 04:33:31
,0x0f5ba1B098a0D24Ce4E90Ee6eBfBA97f34B05435,"0xb7f55e08fe6c040fc0222067e641f66e9a06d8d4799ec2d2891cbad1d7c0a731",2022-12-23 04:34:28
,0xa2CA099a0707ea47546EEDBF8958105cf4B6F460,"0x071a14237496b1c8d35bdef87c2b05d5bf6ddd2bdbd3f7084083ad0068ab514b",2022-12-23 04:35:29
,0x1c702c1dbFC39451f03981a31df88191230819b4,"0x602065a796480c3caaac1c28008bd2eb29b01995cc4abacf64a7e6c18401f156",2022-12-23 04:36:28
,0x517298C0032D8745697D69597c04f2F2604C8dCD,"0x238baf7bb78570dabe409a66db45c5c895a7453f8292ca26924580df5bbe1ec7",2022-12-23 04:37:31
,0xA6a7aE7069082797f358536D7D7Abfb6b0216656,"0x143662d64a1ec5384e725914616f70f3d8d79011071258e0e33897d9ea611114",2022-12-23 04:38:34
,0x6C4007E5898c216dF17B87c729C31FB27b0208f5,"0xb5e26ad6032339bf378bb0709cae45fb97d15b16a4ab1ef11542666010bb1b8a",2022-12-23 04:39:35
,0xba5A0EeFE56Ce81Fa6b3c6d02C92e6addB3ed2d3,"0x7f04ffee7433a1b3e4f4b40cabd367fe2e819d4314c5d8a4510109bade6f5a52",2022-12-23 04:40:32
,0x00b0CA6C2073667C57fB1FD8A6328b97E9Dcb9eC,"0x1e4ec677abd6eae9f7fe9e761d12719cdc95540af8872763beaaa39b1d989004",2022-12-23 04:41:35
,0x31B92bc81637c15606781FEe260C1aF0B884305a,"0x00d351ee16f4989c89d0e6c579c855a65524bfa7976b766f9473f003a0e4d6e1",2022-12-23 04:42:35
,0xE2059B57fdbb34e70527533D604746e8Da685711,"0x797bc3149c08b8e6a067dfcf7c6ebfae57f915d2c62f6f8433ad4739f538778a",2022-12-23 04:43:35
,0x24581Ccc2463C674D58f7b4cA361206BC6F926Ba,False,2022-12-23 04:44:13
,0x44C2B686cB01CBc89B77A6820e31C5907A241D04,"0x2b98a66dcc4464130df473e242ce1eb18d745c8600f5d0806eeb54757e070eea",2022-12-23 04:45:10
,0x725f3A2b3B21E0966Fcc3f2118900f0255044817,"0x27dc171c57eb703fa8eaf727c701c62e8ecd8e1e8d0f9863ecb195ff0175dc33",2022-12-23 04:46:11
,0x0E9E1AEAAE28e438F15a3cbbE3a7500BC8C10496,"0x2216bfbd4652dd8d366e7b5d6e2b1e232b45a86238a53fe00515d3c113876288",2022-12-23 04:47:10
,0x7603588Ea0c2A42f3B86481802FebC09b0A49360,"0x87d5e52c5d9e34a2aec7d0b334c963d1b936ccdd812b2c4b4fd0a7a389bf55e1",2022-12-23 04:48:12
,0x9710D7C968Dac608fCA91EDDF761D0BD8dF88274,"0x2ddb762c7f036dce8ca4c1df8270d21b48e401dce03113efe0e483d377f063e5",2022-12-23 04:49:09
,0xC21d5117278E95a69841770944be098586095D76,"0xbdf41a49fc330cc7c88d5d14e95869113c9c84330388b06dc7cb5df7b1ba47c9",2022-12-23 04:50:08
,0x923A3c9dF328793a9fe875F829C1a8b025676F64,"0x3c4786d447271e1fd15ad9e200c2f77bae3944caeb473244cd6228d5855c47c6",2022-12-23 04:51:10
,0xbA6E92E9fc6bCA67f1eBad6C2249C7f8eA7A1292,"0x5b9cb9a8efb7f68b5e1ad0839eb2e1b18f4ea51e07877bfa0ee430ca2dfdae0b",2022-12-23 04:52:12
,0xedd8a774c31Af68Bd4403d7AB094214B052658b2,"0xec8862531bf5e3d49c28355233c83f783947fd9172be4186b95b8ca4ee88f3ae",2022-12-23 04:53:11
,0xa9e869A0509E3b87184eF8b1B3d4Da5ca2598074,"0x9f0b15d0ef3feb771752599b60fc44c720fea542ccc5cdba609e102c12a5c662",2022-12-23 04:54:09
,0xCDb22666dD439336709fB021Ce7bFED491266EEc,"0x652dbe022dfd5fdbc6bdf02e1ca114a042cc4ece4aa338d385ca42574d485cb5",2022-12-23 04:55:11
,0x08a16eeafeFaaB6Eeff765697Ea7fAD85F376d16,"0x861faa2c00d5505e27043daa865874bf821b003d003817d1db2862b7c68eecce",2022-12-23 04:56:11
,0xad22d3B09f177937a0f27cA0Bd2D3626E088b7B1,"0x63c36037037855c3e0279cfd068c783a2754e079d0d883d41391c21ccdb2d8f8",2022-12-23 04:57:15
,0x91323E1CA8a3E5fE528194a79bDCDCa585EF1A26,"0x30452abc9687f223e7ce9b04a530a1e11cbafa01808cef51ccbcda6b5605d250",2022-12-23 04:58:13
,0xE8d8988C58228fe36B3C84806aca2F2e29F87d15,"0x0b954089c8b879d426fd6653305af84a097245f926651692d3b2cbc722a09ead",2022-12-23 04:59:10
,0xe7f2C0856D1C91346A9570CDD7A3Ad28f8e9d969,"0xe17d13fb35775db7d161bce4c25559304876954f7dbf856456092047e664334f",2022-12-23 05:00:11
,0x87F0D1c92C9B9Efd6bEdeD71b693fa7A8528b147,"0x608b52610255f5c20b7485258e9d7450af1f9c51da8ac75340974021ffb657f7",2022-12-23 05:01:12
,0xf75887d808B0F35b68879356E5e8c349D27769a5,"0x616d7becde2660a43a7d8d36a4659ad70e70c0f634839570edb5f1427d608f05",2022-12-23 05:02:13
,0x147E4B007Bd03Ccf4546Bd659d4B01E891745c5a,"0xa0f830e7567cb5a62ca298dadb22a729fadf2e8b6a620c015b3bbb2fff19ac85",2022-12-23 05:03:12
,0x9F0750B5A2a49a92dbAe773Ff92DEd54eA937A8e,"0xaf69e53cf240906f4ce387bc45b8d860ad330b406fc7321e9eead7bd890317b6",2022-12-23 05:04:15
,0x3aa679bF03C721484Fd684F354f883d87deb81B6,"0xf14a0bae37c1733881d04533816835d2729954e2c8e3372362ef2062046d75fb",2022-12-23 05:05:14
,0xb07c0c3471dCee5Fbf38c481006e9F8dB1eA1E37,"0x79c5ad45dd765f92884f6b004bc25a54ad3b12fbcdb912b4f4480ac1d61a9f66",2022-12-23 05:06:15
,0x0E168e169324068c9fEE12dF03d36343F082e337,"0x60e234cf2bde519ffd3e6f3de00899f9a7bf014df6247bf705a467ecba10d44f",2022-12-23 05:07:12
,0xc92D641147AF6172928A39f76D5A9CeDd212D5A5,False,2022-12-23 05:07:49
,0x3c308DC45eCE81ac5125B9B91177a97579518A31,"0xc8356a81c365b47b08216c78427e66166833e1e1327cdc7b59298175516575c3",2022-12-23 05:08:51
,0xede0eeDfCF67b3F3E0770e43E7e6e0C6ce3aDed2,"0x9d3f22e763b34565673465fc1bcadc28e179a76fa043318be0242a80dc559926",2022-12-23 05:09:50
,0xe86a9eA2D3D7FE1812d1fff81b7810636D915A22,"0xd2478c3ed2618841f1aa23097d653208843be4062a37bcf5efd3a81fac42bb75",2022-12-23 05:10:53
,0x2c5bbb2b6ffDfeB1c887F1721BA7F3273E6dF848,"0x317990d2e3df20333a3c9e835af4fd2a1949191fdb9d8290125e4a28c7f40f92",2022-12-23 05:11:50
,0x1FE1273638b0A265848F573E101feD7F0B7B29bE,"0xa21163ad16d789c5525c33954ddbae11271a58da8c04bdec41ad905410224980",2022-12-23 05:12:51
,0x36Fd9232120c78fafbaBdc7A9fDF02eB1300E778,"0x1c0e8eaa020abed119acec583c0761ae2c31a176ce4bfa7cb637422c03054bc6",2022-12-23 05:13:52
,0x353A86dDA7B2eb87f4869Abf9d88615742758695,"0xffea4a89f059503676568ecc6b2db025b8c8e6f55c982051abcda3f0a1692306",2022-12-23 05:14:55
,0xB9B82980FCbBaD42d98326984848D74B6A235071,"0x9e1bad72a75efbb2c81e1ab345dd37935dd1d4ba354eda6ea1eec9dc0c222b0f",2022-12-23 05:15:57
,0xF1607cc34cEf4491fCB47eE2579Ea2C854345d6f,"0x13fcca693234b7e97f6298dcb87ea594bbcfef368b4021d31de9480b72b73bf5",2022-12-23 05:16:57
,0x133b83B8797DAB8c8874ce89243E3303ce1FB2B1,"0x10c089e5d6fc2e9aef0a3bd495312ea476412b13b0451b77a994bc37272bbbc5",2022-12-23 05:17:56
,0x125c086feF4DC7D6a2d82Bf035D3B27E14c7A105,"0x1b3904f1a05a94df67da4a1b3292aab767692c0d983cf8d3e9b7c19ae46db2ca",2022-12-23 05:18:59
,0x9234473d632B1533C71d49abc01160610acFF7bD,"0xc23c52db2bcd71d86029f1bf88ad52144aa9898618acfe08289e41c398cb24ae",2022-12-23 05:19:58
,0x13c43affD39f3e1cec32C2c8837487797c03E86F,"0x2458a8594aada3a645905b0c2b319cb041f80075ec14683c2d66f5bd5a712f9e",2022-12-23 05:20:58
,0xaA5F9640065366a2d3983364d70337084bC9b21A,"0x8a9a5f327c105cfd9505b5c39a4d5551330467d7bd1eb3f0a788f06763eb45db",2022-12-23 05:21:57
,0x14F2CF86B10D9aaC839b35cE719a948F5bbE4479,"0xd1375cc02c690d2331ffbecb447173db97de8d6db00dee36d2b057d5aa2bb7a7",2022-12-23 05:22:59
,0xBb31F61331048E3a2D33Da3D55B7620DEbD98E24,"0x6c664c066e8b6d54dcca80a75723a9b1a642128f59af3815312342ab44aa5a1d",2022-12-23 05:24:00
,0xeF280a1E8a26985cfCcAa8c46511aF22465dC482,"0x264da11563a6761ca9a49627cd826107b2b22e460aca3bb299dd235755b6d302",2022-12-23 05:25:03
,0x754bA1049575002e2379F7Cbeb97141Bd869caC4,"0x766515e8cbb36d3f85d0bc19e31f01e025aa262f054159dc9eec87458fe4512d",2022-12-23 05:25:59
,0x012C656549B01A5C7151ebE7609373cA0f0354Ac,"0x7e50a87a915ffd9dd768684c646f7b6753c8e82955793389ecf6ec101f431ba3",2022-12-23 05:26:58
,0x6Ded0ccFaba5F04a7aafa8fe4ec481D80FbD6d27,"0xd64997a033013a6bf903af24627401ce0272ab4dc87937624e8043315ee5d180",2022-12-23 05:28:00
,0xA4F412Ede2224bd08138b54675Aa50BeC1028F22,"0xd1b42192866f857df42f13cc03b1826d680e354b6a956c2927c218be0c27d06b",2022-12-23 05:29:02
,0x3161C8D89e97F08d2b8BD9cD19c3e8245d211285,"0xa442d075b87c0cbdc227cc483ff54a103d21a581ea8e7b49eaf9d6bf888e3f7e",2022-12-23 05:30:03
,0xF1dc5C5bA1bF0Dc0E76A4500CB9E804008F8906a,"0x6d18a1cf82520350c218a217622255e2ed07416eafeaf37736d9f8779564fb5b",2022-12-23 05:31:00
,0xB18e2979E3838609fE61B899A758d3ffB1b683b1,"0x015005babcc29fafa0ee0edca363dab27c4d8dcec22e5a3305f7bb7cd9e99ff7",2022-12-23 05:32:03
,0xc2C53edB15D63434A3864BBa0E027be42a63A100,"0x125d07225930632f90e08bdef7e0692ba5fcf8658e657ae97cbce56861169c89",2022-12-23 05:33:01
,0xF3fFDcE3C9C32d49652727a8201ad91C97c1151C,"0x2bfe91cdeed51bcd66b1bfca9761c579920183a056b8d6d40dab0f53acfbc5f6",2022-12-23 05:34:00
,0xF56b6B6f84c3504f69AD747F118A27535bDaA9a9,"0x98058f033134bb6a8b564c097509a4bb6aa7a7ac82398e56faef3494e7269786",2022-12-23 05:34:57
,0xA66C32ac9cfE1453f06Cb2ccA588A24405924e15,"0x91db6837424726ab95472d51ed608dc2e1325317b8fd408c3bc4e606de5a2e74",2022-12-23 05:36:00
,0xA80d3959104CB02c7Ebc44AA3d4d1100c8DCeCAB,"0x91445e18945d790567ea5b5a61bf1d1711b2ac61343ae7080221d7820126a60b",2022-12-23 05:37:01
,0x47b57572862eD1b1b9086f85d27b663426b679bb,"0x771a9e005bfb31c6b5e8416f2f0edbd3e2b3a307ad4e62890734fd6367148b4c",2022-12-23 05:38:02
,0x13848C64439F37862d319a58C7A3ccf726520693,"0x3dd51799375c5cbcfbc297848962d55c2b602ec8ed563d999aaa298530a2d1dc",2022-12-23 05:39:03
,0xAf2b030DeA6B05c728f6F3710dD4B9C21b54B3Ad,"0xc7943a455ff4467b4fdefa80a0e7389a4fdfb1fb65775014c889f7d03ee65d35",2022-12-23 05:40:00
,0xa986beB33048ba05fd12D0Eefc0a495C23e29D42,"0x1b3ccc73014186bca35afa7728c5d7cdbdced4f95da1d5d9f6dc106b56653750",2022-12-23 05:41:03
,0xaf1D57b742665fc8FAAF32B3a563971B5d49ae58,"0x8577d18fc561c6f7dedf7df25e51fe0270f7e4c194062ced73244f0eb2223e8a",2022-12-23 05:42:01
,0x9fC942Ee21918F13535b4d0F03EE08df5808cD42,"0x00c3b33ff72996b1391ce345e25e003d92ccec8949de9a21438d5b2e2b1ebf79",2022-12-23 05:43:00
,0x29f806e0cEEbE2B87ecFea660ffCD26989a6Ebfc,"0xdf26ad5e1be13528ece7b073e848e300db27ab457d329491aa985f5ffc5c5b9c",2022-12-23 05:44:00
,0x64CbE9Ffc438bFdADf3233C322dDb13Ce9CBAbF6,"0x08580cae75813eb7b34f7929ce6f5a56e01c8aaf852090812c0bb4fd92c3aa43",2022-12-23 05:45:03
,0x10D4cF1aA806ff172694b9B46ddFb26831007B40,False,2022-12-23 05:45:41
,0x1419d52F8d3C5c4bb9dB806469F65fe8644DbBD8,"0xfb3aabcec982b807e62b7e661d5b695ec3556d44e77d8cec7406a4da1b23e9bb",2022-12-23 05:46:42
,0x74718668606A1A88E90f433eb4cd42A83536A359,"0xf031d2b95e9130ed9eaa4d97878449dc1eb9deb72d82cb37a3da7babb53b8776",2022-12-23 05:47:43
,0x074Eed6dE87a0caB964A713270bf7Dd47EAf57C8,"0xb37251f35297cb0592a3b6be20bdf99895f1bb333925b87e04fc0eff790a0758",2022-12-23 05:48:45
,0x26f9c610cE63c51D6b470fF2717F333473388754,"0xadacba1de5ff5833244c3561c8f108b516e5cdc99f40e35390ac06a8e08f4491",2022-12-23 05:49:42
,0x06cA6a6B1D52C621F31E3Cab48d2dD9Bd2311eFf,"0x888a4e1c7f15b7a1b2b02064be59d4255bcf994aa410dc7d94695a097b94c0c0",2022-12-23 05:50:43
,0x4D0C956f2Dd65850C2a7053248069c0762Bd9845,False,2022-12-23 05:51:21
,0x20b5dedB0aE351cf2Ddb0bce3AAb6e512001ff66,"0x78307a5f2f90767e93ec8f5c29d457ea1356916b92ed0591c3d15fbf725b920d",2022-12-23 05:52:22
,0x14c25Fa862F55E379616a85ca3706368522602Ab,"0x652540eed23a5b41a68bd533feb17cd051d065c72985dba4551b4b6ad6083a10",2022-12-23 05:53:25
,0x4ABb014c2046C42Ae852E24bE31B1D8bCd60aDCf,"0x8269707359d8780801d51836e2afbec935f3badee9ce29fdd5ff6813e5426035",2022-12-23 05:54:24
